2024-07-19 00:33:58.866 [info] Log level: Info
2024-07-19 00:33:58.866 [info] Validating found git in: "git"
2024-07-19 00:33:58.866 [info] Using git "2.40.1" from "git"
2024-07-19 00:33:58.866 [info] > git rev-parse --show-toplevel [12ms]
2024-07-19 00:33:58.866 [info] fatal: not a git repository (or any of the parent directories): .git
2024-07-19 00:33:58.870 [info] > git rev-parse --show-toplevel [4ms]
2024-07-19 00:33:58.874 [info] > git rev-parse --git-dir --git-common-dir [2ms]
2024-07-19 00:33:58.889 [info] Open repository: /home/ec2-user/traction
2024-07-19 00:33:58.902 [info] > git rev-parse --show-toplevel [5ms]
2024-07-19 00:33:58.902 [info] fatal: not a git repository (or any of the parent directories): .git
2024-07-19 00:33:58.903 [info] > git config --get commit.template [8ms]
2024-07-19 00:33:58.909 [info] > git rev-parse --show-toplevel [4ms]
2024-07-19 00:33:58.909 [info] fatal: not a git repository (or any of the parent directories): .git
2024-07-19 00:33:58.914 [info] > git for-each-ref --format=%(refname)%00%(upstream:short)%00%(objectname)%00%(upstream:track)%00%(upstream:remotename)%00%(upstream:remoteref) refs/heads/main refs/remotes/main [6ms]
2024-07-19 00:33:58.917 [warning] ENOENT: no such file or directory, open '/home/ec2-user/traction/.git/refs/remotes/origin/main'
2024-07-19 00:33:58.918 [info] > git rev-parse --show-toplevel [6ms]
2024-07-19 00:33:58.918 [info] fatal: not a git repository (or any of the parent directories): .git
2024-07-19 00:33:58.921 [info] > git rev-parse refs/remotes/origin/main [4ms]
2024-07-19 00:33:58.926 [info] > git rev-parse --show-toplevel [5ms]
2024-07-19 00:33:58.926 [info] fatal: not a git repository (or any of the parent directories): .git
2024-07-19 00:33:59.043 [info] > git rev-parse --show-toplevel [108ms]
2024-07-19 00:33:59.065 [info] fatal: not a git repository (or any of the parent directories): .git
2024-07-19 00:33:59.071 [info] > git rev-parse --show-toplevel [2ms]
2024-07-19 00:33:59.071 [info] fatal: not a git repository (or any of the parent directories): .git
2024-07-19 00:33:59.078 [info] > git rev-parse --show-toplevel [4ms]
2024-07-19 00:33:59.078 [info] fatal: not a git repository (or any of the parent directories): .git
2024-07-19 00:33:59.191 [info] > git status -z -uall [266ms]
2024-07-19 00:33:59.214 [info] > git for-each-ref --format=%(refname)%00%(upstream:short)%00%(objectname)%00%(upstream:track)%00%(upstream:remotename)%00%(upstream:remoteref) refs/heads/main refs/remotes/main [16ms]
2024-07-19 00:33:59.218 [info] > git rev-parse --show-toplevel [28ms]
2024-07-19 00:33:59.218 [info] fatal: not a git repository (or any of the parent directories): .git
2024-07-19 00:33:59.220 [info] > git config --get commit.template [5ms]
2024-07-19 00:33:59.224 [info] > git config --local branch.main.vscode-merge-base [7ms]
2024-07-19 00:33:59.228 [info] > git for-each-ref --format=%(refname)%00%(upstream:short)%00%(objectname)%00%(upstream:track)%00%(upstream:remotename)%00%(upstream:remoteref) refs/heads/main refs/remotes/main [5ms]
2024-07-19 00:33:59.231 [warning] ENOENT: no such file or directory, open '/home/ec2-user/traction/.git/refs/remotes/origin/main'
2024-07-19 00:33:59.231 [info] > git for-each-ref --format=%(refname)%00%(upstream:short)%00%(objectname)%00%(upstream:track)%00%(upstream:remotename)%00%(upstream:remoteref) refs/heads/origin/main refs/remotes/origin/main [4ms]
2024-07-19 00:33:59.236 [info] > git rev-parse refs/remotes/origin/main [5ms]
2024-07-19 00:33:59.240 [info] > git merge-base refs/heads/main refs/remotes/origin/main [5ms]
2024-07-19 00:33:59.252 [info] > git rev-list --count --left-right refs/heads/main...refs/remotes/origin/main [7ms]
2024-07-19 00:33:59.295 [info] > git diff --name-status -z --diff-filter=ADMR a46f60eaa8dfc3a17b8824f29bb84cb1271e0421...refs/remotes/origin/main [10ms]
2024-07-19 00:33:59.625 [info] > git status -z -uall [385ms]
2024-07-19 00:33:59.668 [info] > git check-ignore -v -z --stdin [73ms]
2024-07-19 00:33:59.669 [info] > git for-each-ref --format=%(refname)%00%(upstream:short)%00%(objectname)%00%(upstream:track)%00%(upstream:remotename)%00%(upstream:remoteref) refs/heads/main refs/remotes/main [32ms]
2024-07-19 00:33:59.704 [info] > git config --local branch.main.vscode-merge-base [15ms]
2024-07-19 00:33:59.708 [info] > git for-each-ref --format=%(refname)%00%(upstream:short)%00%(objectname)%00%(upstream:track)%00%(upstream:remotename)%00%(upstream:remoteref) refs/heads/origin/main refs/remotes/origin/main [2ms]
2024-07-19 00:33:59.749 [info] > git show --textconv :services/endorser/Dockerfile [19ms]
2024-07-19 00:33:59.749 [info] > git ls-files --stage -- /home/ec2-user/traction/services/endorser/Dockerfile [14ms]
2024-07-19 00:33:59.754 [info] > git cat-file -s 06be4860764523ce3e7e4cd34f4d193f832cfe84 [3ms]
2024-07-19 00:34:30.300 [info] > git check-ignore -v -z --stdin [3ms]
2024-07-19 01:18:18.359 [info] > git rev-parse --show-toplevel [2ms]
2024-07-19 01:18:18.359 [info] fatal: not a git repository (or any of the parent directories): .git
2024-07-19 02:14:56.543 [info] > git check-ignore -v -z --stdin [2ms]
2024-07-19 02:15:01.964 [info] > git check-ignore -v -z --stdin [3ms]
2024-07-19 02:15:09.898 [warning] ENOENT: no such file or directory, open '/home/ec2-user/traction/.git/HEAD'
2024-07-19 02:15:09.902 [warning] getRemotes() - ENOENT: no such file or directory, open '/home/ec2-user/traction/.git/config'
2024-07-19 02:15:09.909 [warning] ENOENT: no such file or directory, open '/home/ec2-user/traction/.git/HEAD'
2024-07-19 02:15:09.912 [warning] getRemotes() - ENOENT: no such file or directory, open '/home/ec2-user/traction/.git/config'
2024-07-19 02:17:22.369 [info] > git rev-parse --show-toplevel [2ms]
2024-07-19 02:17:22.369 [info] fatal: not a git repository (or any of the parent directories): .git
2024-07-19 02:17:54.078 [info] > git rev-parse --show-toplevel [2ms]
2024-07-19 02:17:54.078 [info] fatal: not a git repository (or any of the parent directories): .git
2024-07-19 02:17:58.262 [info] > git rev-parse --show-toplevel [3ms]
2024-07-19 02:17:58.262 [info] fatal: not a git repository (or any of the parent directories): .git
2024-07-19 02:18:29.204 [info] > git rev-parse --show-toplevel [3ms]
2024-07-19 02:18:29.204 [info] fatal: not a git repository (or any of the parent directories): .git
2024-07-19 02:18:46.333 [info] > git rev-parse --show-toplevel [2ms]
2024-07-19 02:18:46.333 [info] fatal: not a git repository (or any of the parent directories): .git
2024-07-19 02:19:10.265 [info] > git rev-parse --show-toplevel [2ms]
2024-07-19 02:19:10.265 [info] fatal: not a git repository (or any of the parent directories): .git
2024-07-19 02:19:27.188 [info] > git rev-parse --show-toplevel [2ms]
2024-07-19 02:19:27.188 [info] fatal: not a git repository (or any of the parent directories): .git
2024-07-19 02:19:29.962 [info] > git rev-parse --show-toplevel [2ms]
2024-07-19 02:19:29.962 [info] fatal: not a git repository (or any of the parent directories): .git
2024-07-19 02:19:55.469 [info] > git rev-parse --show-toplevel [2ms]
2024-07-19 02:19:55.469 [info] fatal: not a git repository (or any of the parent directories): .git
2024-07-19 02:20:10.829 [info] > git rev-parse --show-toplevel [2ms]
2024-07-19 02:20:10.829 [info] fatal: not a git repository (or any of the parent directories): .git
2024-07-19 02:20:22.387 [info] > git rev-parse --show-toplevel [2ms]
2024-07-19 02:20:22.387 [info] fatal: not a git repository (or any of the parent directories): .git
2024-07-19 02:20:29.952 [info] > git rev-parse --show-toplevel [3ms]
2024-07-19 02:20:29.952 [info] fatal: not a git repository (or any of the parent directories): .git
2024-07-19 02:20:36.449 [info] > git rev-parse --show-toplevel [1ms]
2024-07-19 02:20:36.449 [info] fatal: not a git repository (or any of the parent directories): .git
2024-07-19 02:20:49.105 [info] > git rev-parse --show-toplevel [2ms]
2024-07-19 02:20:49.105 [info] fatal: not a git repository (or any of the parent directories): .git
2024-07-19 02:21:00.543 [info] > git rev-parse --show-toplevel [2ms]
2024-07-19 02:21:00.543 [info] fatal: not a git repository (or any of the parent directories): .git
2024-07-19 02:21:13.932 [info] > git rev-parse --show-toplevel [2ms]
2024-07-19 02:21:13.932 [info] fatal: not a git repository (or any of the parent directories): .git
2024-07-19 02:22:03.270 [info] > git rev-parse --show-toplevel [2ms]
2024-07-19 02:22:03.270 [info] fatal: not a git repository (or any of the parent directories): .git
2024-07-19 02:22:24.843 [info] > git rev-parse --show-toplevel [1ms]
2024-07-19 02:22:24.843 [info] fatal: not a git repository (or any of the parent directories): .git
2024-07-19 02:22:34.522 [info] > git rev-parse --show-toplevel [2ms]
2024-07-19 02:22:34.522 [info] fatal: not a git repository (or any of the parent directories): .git
2024-07-19 02:23:05.631 [info] > git rev-parse --show-toplevel [2ms]
2024-07-19 02:23:05.631 [info] fatal: not a git repository (or any of the parent directories): .git
2024-07-19 02:23:26.591 [info] > git rev-parse --show-toplevel [2ms]
2024-07-19 02:23:26.591 [info] fatal: not a git repository (or any of the parent directories): .git
2024-07-19 02:23:37.853 [info] > git rev-parse --show-toplevel [2ms]
2024-07-19 02:23:37.853 [info] fatal: not a git repository (or any of the parent directories): .git
2024-07-19 02:23:50.564 [info] > git rev-parse --show-toplevel [2ms]
2024-07-19 02:23:50.564 [info] fatal: not a git repository (or any of the parent directories): .git
2024-07-19 02:24:00.601 [info] > git rev-parse --show-toplevel [2ms]
2024-07-19 02:24:00.601 [info] fatal: not a git repository (or any of the parent directories): .git
2024-07-19 02:24:09.945 [info] > git rev-parse --show-toplevel [2ms]
2024-07-19 02:24:09.945 [info] fatal: not a git repository (or any of the parent directories): .git
2024-07-19 02:24:19.649 [info] > git rev-parse --show-toplevel [2ms]
2024-07-19 02:24:19.649 [info] fatal: not a git repository (or any of the parent directories): .git
2024-07-19 02:24:27.846 [info] > git rev-parse --show-toplevel [2ms]
2024-07-19 02:24:27.846 [info] fatal: not a git repository (or any of the parent directories): .git
2024-07-19 02:24:36.687 [info] > git rev-parse --show-toplevel [1ms]
2024-07-19 02:24:36.687 [info] fatal: not a git repository (or any of the parent directories): .git
2024-07-19 02:24:50.651 [info] > git rev-parse --show-toplevel [3ms]
2024-07-19 02:24:50.651 [info] fatal: not a git repository (or any of the parent directories): .git
2024-07-19 02:24:59.407 [info] > git rev-parse --show-toplevel [2ms]
2024-07-19 02:24:59.407 [info] fatal: not a git repository (or any of the parent directories): .git
2024-07-19 02:25:06.823 [info] > git rev-parse --show-toplevel [1ms]
2024-07-19 02:25:06.823 [info] fatal: not a git repository (or any of the parent directories): .git
2024-07-19 02:26:01.030 [info] > git rev-parse --show-toplevel [2ms]
2024-07-19 02:26:01.030 [info] fatal: not a git repository (or any of the parent directories): .git
2024-07-19 02:38:45.811 [info] > git rev-parse --show-toplevel [2ms]
2024-07-19 02:38:45.811 [info] fatal: not a git repository (or any of the parent directories): .git
2024-07-19 02:39:04.467 [info] > git rev-parse --show-toplevel [2ms]
2024-07-19 02:39:04.467 [info] fatal: not a git repository (or any of the parent directories): .git
2024-07-19 02:40:12.106 [info] > git rev-parse --show-toplevel [1ms]
2024-07-19 02:40:12.106 [info] fatal: not a git repository (or any of the parent directories): .git
2024-07-19 02:42:56.228 [info] > git rev-parse --show-toplevel [3ms]
2024-07-19 02:42:56.228 [info] fatal: not a git repository (or any of the parent directories): .git
2024-07-19 02:48:05.020 [info] > git rev-parse --show-toplevel [2ms]
2024-07-19 02:48:05.020 [info] fatal: not a git repository (or any of the parent directories): .git
2024-07-19 02:48:11.459 [info] > git rev-parse --show-toplevel [3ms]
2024-07-19 02:48:11.459 [info] fatal: not a git repository (or any of the parent directories): .git
2024-07-19 02:48:28.373 [info] > git rev-parse --show-toplevel [2ms]
2024-07-19 02:48:28.373 [info] fatal: not a git repository (or any of the parent directories): .git
2024-07-19 02:48:29.458 [info] > git rev-parse --show-toplevel [2ms]
2024-07-19 02:48:29.459 [info] fatal: not a git repository (or any of the parent directories): .git
2024-07-19 02:49:13.238 [info] > git rev-parse --show-toplevel [2ms]
2024-07-19 02:49:13.238 [info] fatal: not a git repository (or any of the parent directories): .git
2024-07-19 02:49:20.884 [info] > git rev-parse --show-toplevel [2ms]
2024-07-19 02:49:20.884 [info] fatal: not a git repository (or any of the parent directories): .git
2024-07-19 02:49:22.714 [info] > git rev-parse --show-toplevel [3ms]
2024-07-19 02:49:22.714 [info] fatal: not a git repository (or any of the parent directories): .git
2024-07-19 02:51:07.992 [info] > git rev-parse --show-toplevel [2ms]
2024-07-19 02:51:07.992 [info] fatal: not a git repository (or any of the parent directories): .git
2024-07-19 02:52:11.985 [info] > git rev-parse --show-toplevel [2ms]
2024-07-19 02:52:11.985 [info] fatal: not a git repository (or any of the parent directories): .git
2024-07-19 02:52:38.102 [info] > git rev-parse --show-toplevel [2ms]
2024-07-19 02:52:38.102 [info] fatal: not a git repository (or any of the parent directories): .git
2024-07-19 02:52:39.373 [info] > git rev-parse --show-toplevel [4ms]
2024-07-19 02:52:39.373 [info] fatal: not a git repository (or any of the parent directories): .git
2024-07-19 02:52:53.942 [info] > git rev-parse --show-toplevel [2ms]
2024-07-19 02:52:53.942 [info] fatal: not a git repository (or any of the parent directories): .git
2024-07-19 02:53:14.853 [info] > git rev-parse --show-toplevel [2ms]
2024-07-19 02:53:14.853 [info] fatal: not a git repository (or any of the parent directories): .git
2024-07-19 02:53:50.730 [info] > git rev-parse --show-toplevel [2ms]
2024-07-19 02:53:50.730 [info] fatal: not a git repository (or any of the parent directories): .git
2024-07-19 02:54:21.756 [info] > git rev-parse --show-toplevel [1ms]
2024-07-19 02:54:21.756 [info] fatal: not a git repository (or any of the parent directories): .git
2024-07-19 02:54:34.560 [info] > git rev-parse --show-toplevel [2ms]
2024-07-19 02:54:34.560 [info] fatal: not a git repository (or any of the parent directories): .git
2024-07-19 02:54:49.275 [info] > git rev-parse --show-toplevel [2ms]
2024-07-19 02:54:49.275 [info] fatal: not a git repository (or any of the parent directories): .git
2024-07-19 02:54:52.676 [info] > git rev-parse --show-toplevel [2ms]
2024-07-19 02:54:52.676 [info] fatal: not a git repository (or any of the parent directories): .git
2024-07-19 02:55:01.787 [info] > git rev-parse --show-toplevel [2ms]
2024-07-19 02:55:01.787 [info] fatal: not a git repository (or any of the parent directories): .git
2024-07-19 02:55:05.674 [info] > git rev-parse --show-toplevel [3ms]
2024-07-19 02:55:05.674 [info] fatal: not a git repository (or any of the parent directories): .git
2024-07-19 02:55:27.303 [info] > git rev-parse --show-toplevel [1ms]
2024-07-19 02:55:27.303 [info] fatal: not a git repository (or any of the parent directories): .git
2024-07-19 02:59:16.955 [info] > git rev-parse --show-toplevel [2ms]
2024-07-19 02:59:16.955 [info] fatal: not a git repository (or any of the parent directories): .git
2024-07-19 03:01:37.375 [info] > git rev-parse --show-toplevel [2ms]
2024-07-19 03:01:37.375 [info] fatal: not a git repository (or any of the parent directories): .git
2024-07-19 03:02:08.677 [info] > git rev-parse --show-toplevel [2ms]
2024-07-19 03:02:08.677 [info] fatal: not a git repository (or any of the parent directories): .git
2024-07-19 03:02:14.293 [info] > git rev-parse --show-toplevel [2ms]
2024-07-19 03:02:14.293 [info] fatal: not a git repository (or any of the parent directories): .git
2024-07-19 03:02:42.174 [info] > git rev-parse --show-toplevel [1ms]
2024-07-19 03:02:42.174 [info] fatal: not a git repository (or any of the parent directories): .git
2024-07-19 03:04:52.710 [info] > git rev-parse --show-toplevel [2ms]
2024-07-19 03:04:52.710 [info] fatal: not a git repository (or any of the parent directories): .git
2024-07-19 03:05:06.806 [info] > git rev-parse --show-toplevel [3ms]
2024-07-19 03:05:06.806 [info] fatal: not a git repository (or any of the parent directories): .git
2024-07-19 03:06:30.855 [info] > git rev-parse --show-toplevel [5ms]
2024-07-19 03:06:30.855 [info] fatal: not a git repository (or any of the parent directories): .git
2024-07-19 03:06:45.793 [info] > git rev-parse --show-toplevel [2ms]
2024-07-19 03:06:45.793 [info] fatal: not a git repository (or any of the parent directories): .git
2024-07-19 03:06:45.797 [info] > git rev-parse --show-toplevel [2ms]
2024-07-19 03:06:45.797 [info] fatal: not a git repository (or any of the parent directories): .git
2024-07-19 03:28:25.327 [info] > git rev-parse --show-toplevel [2ms]
2024-07-19 03:28:25.327 [info] fatal: not a git repository (or any of the parent directories): .git
2024-07-19 03:28:30.584 [info] > git rev-parse --show-toplevel [2ms]
2024-07-19 03:28:30.584 [info] fatal: not a git repository (or any of the parent directories): .git
2024-07-19 03:29:17.899 [info] > git rev-parse --show-toplevel [2ms]
2024-07-19 03:29:17.899 [info] fatal: not a git repository (or any of the parent directories): .git
2024-07-19 03:29:33.921 [info] > git rev-parse --show-toplevel [2ms]
2024-07-19 03:29:33.921 [info] fatal: not a git repository (or any of the parent directories): .git
2024-07-19 03:29:45.619 [info] > git rev-parse --show-toplevel [2ms]
2024-07-19 03:29:45.619 [info] fatal: not a git repository (or any of the parent directories): .git
2024-07-19 03:30:15.678 [info] > git rev-parse --show-toplevel [2ms]
2024-07-19 03:30:15.678 [info] fatal: not a git repository (or any of the parent directories): .git
2024-07-19 03:30:20.195 [info] > git rev-parse --show-toplevel [3ms]
2024-07-19 03:30:20.195 [info] fatal: not a git repository (or any of the parent directories): .git
2024-07-19 03:30:35.725 [info] > git rev-parse --show-toplevel [2ms]
2024-07-19 03:30:35.725 [info] fatal: not a git repository (or any of the parent directories): .git
2024-07-19 03:30:44.177 [info] > git rev-parse --show-toplevel [2ms]
2024-07-19 03:30:44.177 [info] fatal: not a git repository (or any of the parent directories): .git
2024-07-19 03:30:50.261 [info] > git rev-parse --show-toplevel [2ms]
2024-07-19 03:30:50.261 [info] fatal: not a git repository (or any of the parent directories): .git
2024-07-19 03:31:01.261 [info] > git rev-parse --show-toplevel [2ms]
2024-07-19 03:31:01.261 [info] fatal: not a git repository (or any of the parent directories): .git
2024-07-19 03:31:03.594 [info] > git rev-parse --show-toplevel [2ms]
2024-07-19 03:31:03.594 [info] fatal: not a git repository (or any of the parent directories): .git
2024-07-19 03:31:05.121 [info] > git rev-parse --show-toplevel [2ms]
2024-07-19 03:31:05.121 [info] fatal: not a git repository (or any of the parent directories): .git
2024-07-19 03:31:33.076 [info] > git rev-parse --show-toplevel [2ms]
2024-07-19 03:31:33.076 [info] fatal: not a git repository (or any of the parent directories): .git
2024-07-19 03:33:33.115 [info] > git rev-parse --show-toplevel [3ms]
2024-07-19 03:33:33.115 [info] fatal: not a git repository (or any of the parent directories): .git
2024-07-19 03:36:05.872 [info] > git rev-parse --show-toplevel [2ms]
2024-07-19 03:36:05.872 [info] fatal: not a git repository (or any of the parent directories): .git
2024-07-19 03:37:36.283 [info] > git rev-parse --show-toplevel [2ms]
2024-07-19 03:37:36.283 [info] fatal: not a git repository (or any of the parent directories): .git
2024-07-19 03:38:47.071 [info] > git rev-parse --show-toplevel [1ms]
2024-07-19 03:38:47.071 [info] fatal: not a git repository (or any of the parent directories): .git
2024-07-19 03:38:58.569 [info] > git rev-parse --show-toplevel [2ms]
2024-07-19 03:38:58.570 [info] fatal: not a git repository (or any of the parent directories): .git
2024-07-19 03:39:10.088 [info] > git rev-parse --show-toplevel [2ms]
2024-07-19 03:39:10.088 [info] fatal: not a git repository (or any of the parent directories): .git
2024-07-19 03:39:24.594 [info] > git rev-parse --show-toplevel [3ms]
2024-07-19 03:39:24.594 [info] fatal: not a git repository (or any of the parent directories): .git
2024-07-19 03:39:58.833 [info] > git rev-parse --show-toplevel [3ms]
2024-07-19 03:39:58.833 [info] fatal: not a git repository (or any of the parent directories): .git
2024-07-19 03:40:16.499 [info] > git rev-parse --show-toplevel [2ms]
2024-07-19 03:40:16.499 [info] fatal: not a git repository (or any of the parent directories): .git
2024-07-19 03:40:40.774 [info] > git rev-parse --show-toplevel [3ms]
2024-07-19 03:40:40.774 [info] fatal: not a git repository (or any of the parent directories): .git
2024-07-19 03:40:41.608 [info] > git rev-parse --show-toplevel [1ms]
2024-07-19 03:40:41.608 [info] fatal: not a git repository (or any of the parent directories): .git
2024-07-19 03:40:50.387 [info] > git rev-parse --show-toplevel [2ms]
2024-07-19 03:40:50.387 [info] fatal: not a git repository (or any of the parent directories): .git
2024-07-19 03:40:56.021 [info] > git rev-parse --show-toplevel [2ms]
2024-07-19 03:40:56.021 [info] fatal: not a git repository (or any of the parent directories): .git
2024-07-19 03:40:57.031 [info] > git rev-parse --show-toplevel [4ms]
2024-07-19 03:40:57.031 [info] fatal: not a git repository (or any of the parent directories): .git
2024-07-19 03:41:54.522 [info] > git rev-parse --show-toplevel [2ms]
2024-07-19 03:41:54.522 [info] fatal: not a git repository (or any of the parent directories): .git
2024-07-19 03:42:04.965 [info] > git rev-parse --show-toplevel [2ms]
2024-07-19 03:42:04.965 [info] fatal: not a git repository (or any of the parent directories): .git
2024-07-19 03:42:15.903 [info] > git rev-parse --show-toplevel [3ms]
2024-07-19 03:42:15.903 [info] fatal: not a git repository (or any of the parent directories): .git
2024-07-19 03:42:16.986 [info] > git rev-parse --show-toplevel [3ms]
2024-07-19 03:42:16.986 [info] fatal: not a git repository (or any of the parent directories): .git
2024-07-19 03:42:26.618 [info] > git rev-parse --show-toplevel [2ms]
2024-07-19 03:42:26.619 [info] fatal: not a git repository (or any of the parent directories): .git
2024-07-19 03:42:52.298 [info] > git rev-parse --show-toplevel [2ms]
2024-07-19 03:42:52.298 [info] fatal: not a git repository (or any of the parent directories): .git
2024-07-19 03:43:02.888 [info] > git rev-parse --show-toplevel [2ms]
2024-07-19 03:43:02.888 [info] fatal: not a git repository (or any of the parent directories): .git
2024-07-19 03:43:26.692 [info] > git rev-parse --show-toplevel [2ms]
2024-07-19 03:43:26.692 [info] fatal: not a git repository (or any of the parent directories): .git
2024-07-19 03:43:36.725 [info] > git rev-parse --show-toplevel [3ms]
2024-07-19 03:43:36.725 [info] fatal: not a git repository (or any of the parent directories): .git
2024-07-19 03:43:47.344 [info] > git rev-parse --show-toplevel [2ms]
2024-07-19 03:43:47.345 [info] fatal: not a git repository (or any of the parent directories): .git
2024-07-19 03:43:48.141 [info] > git rev-parse --show-toplevel [3ms]
2024-07-19 03:43:48.141 [info] fatal: not a git repository (or any of the parent directories): .git
2024-07-19 03:43:57.613 [info] > git rev-parse --show-toplevel [2ms]
2024-07-19 03:43:57.613 [info] fatal: not a git repository (or any of the parent directories): .git
2024-07-19 03:44:21.771 [info] > git rev-parse --show-toplevel [2ms]
2024-07-19 03:44:21.771 [info] fatal: not a git repository (or any of the parent directories): .git
2024-07-19 03:44:32.736 [info] > git rev-parse --show-toplevel [3ms]
2024-07-19 03:44:32.736 [info] fatal: not a git repository (or any of the parent directories): .git
2024-07-19 03:44:42.074 [info] > git rev-parse --show-toplevel [2ms]
2024-07-19 03:44:42.074 [info] fatal: not a git repository (or any of the parent directories): .git
2024-07-19 03:46:10.616 [info] > git rev-parse --show-toplevel [2ms]
2024-07-19 03:46:10.616 [info] fatal: not a git repository (or any of the parent directories): .git
2024-07-19 03:46:27.551 [info] > git rev-parse --show-toplevel [3ms]
2024-07-19 03:46:27.551 [info] fatal: not a git repository (or any of the parent directories): .git
2024-07-19 03:46:29.218 [info] > git rev-parse --show-toplevel [2ms]
2024-07-19 03:46:29.218 [info] fatal: not a git repository (or any of the parent directories): .git
2024-07-19 03:46:38.919 [info] > git rev-parse --show-toplevel [2ms]
2024-07-19 03:46:38.919 [info] fatal: not a git repository (or any of the parent directories): .git
2024-07-19 03:46:52.840 [info] > git rev-parse --show-toplevel [2ms]
2024-07-19 03:46:52.840 [info] fatal: not a git repository (or any of the parent directories): .git
2024-07-19 03:47:04.028 [info] > git rev-parse --show-toplevel [3ms]
2024-07-19 03:47:04.028 [info] fatal: not a git repository (or any of the parent directories): .git
2024-07-19 03:47:24.860 [info] > git rev-parse --show-toplevel [2ms]
2024-07-19 03:47:24.860 [info] fatal: not a git repository (or any of the parent directories): .git
2024-07-19 03:47:35.988 [info] > git rev-parse --show-toplevel [2ms]
2024-07-19 03:47:35.988 [info] fatal: not a git repository (or any of the parent directories): .git
2024-07-19 03:47:48.858 [info] > git rev-parse --show-toplevel [2ms]
2024-07-19 03:47:48.858 [info] fatal: not a git repository (or any of the parent directories): .git
2024-07-19 03:48:04.006 [info] > git rev-parse --show-toplevel [4ms]
2024-07-19 03:48:04.006 [info] fatal: not a git repository (or any of the parent directories): .git
2024-07-19 03:48:11.308 [info] > git rev-parse --show-toplevel [2ms]
2024-07-19 03:48:11.308 [info] fatal: not a git repository (or any of the parent directories): .git
2024-07-19 03:48:16.982 [info] > git rev-parse --show-toplevel [2ms]
2024-07-19 03:48:16.982 [info] fatal: not a git repository (or any of the parent directories): .git
2024-07-19 03:48:33.316 [info] > git rev-parse --show-toplevel [2ms]
2024-07-19 03:48:33.316 [info] fatal: not a git repository (or any of the parent directories): .git
2024-07-19 03:48:40.520 [info] > git rev-parse --show-toplevel [2ms]
2024-07-19 03:48:40.520 [info] fatal: not a git repository (or any of the parent directories): .git
2024-07-19 03:48:51.521 [info] > git rev-parse --show-toplevel [3ms]
2024-07-19 03:48:51.521 [info] fatal: not a git repository (or any of the parent directories): .git
2024-07-19 03:49:26.226 [info] > git rev-parse --show-toplevel [2ms]
2024-07-19 03:49:26.226 [info] fatal: not a git repository (or any of the parent directories): .git
2024-07-19 03:50:17.576 [info] > git rev-parse --show-toplevel [7ms]
2024-07-19 03:50:17.576 [info] fatal: not a git repository (or any of the parent directories): .git
2024-07-19 03:50:26.353 [info] > git rev-parse --show-toplevel [2ms]
2024-07-19 03:50:26.353 [info] fatal: not a git repository (or any of the parent directories): .git
2024-07-19 03:50:29.756 [info] > git rev-parse --show-toplevel [2ms]
2024-07-19 03:50:29.757 [info] fatal: not a git repository (or any of the parent directories): .git
2024-07-19 03:50:45.617 [info] > git rev-parse --show-toplevel [2ms]
2024-07-19 03:50:45.618 [info] fatal: not a git repository (or any of the parent directories): .git
2024-07-19 03:50:54.232 [info] > git rev-parse --show-toplevel [3ms]
2024-07-19 03:50:54.232 [info] fatal: not a git repository (or any of the parent directories): .git
2024-07-19 03:51:03.117 [info] > git rev-parse --show-toplevel [2ms]
2024-07-19 03:51:03.117 [info] fatal: not a git repository (or any of the parent directories): .git
2024-07-19 03:51:43.312 [info] > git rev-parse --show-toplevel [2ms]
2024-07-19 03:51:43.312 [info] fatal: not a git repository (or any of the parent directories): .git
2024-07-19 03:51:55.205 [info] > git rev-parse --show-toplevel [2ms]
2024-07-19 03:51:55.205 [info] fatal: not a git repository (or any of the parent directories): .git
2024-07-19 03:52:05.601 [info] > git rev-parse --show-toplevel [2ms]
2024-07-19 03:52:05.601 [info] fatal: not a git repository (or any of the parent directories): .git
2024-07-19 03:52:15.952 [info] > git rev-parse --show-toplevel [2ms]
2024-07-19 03:52:15.952 [info] fatal: not a git repository (or any of the parent directories): .git
2024-07-19 03:52:32.617 [info] > git rev-parse --show-toplevel [2ms]
2024-07-19 03:52:32.617 [info] fatal: not a git repository (or any of the parent directories): .git
2024-07-19 03:52:58.898 [info] > git rev-parse --show-toplevel [3ms]
2024-07-19 03:52:58.898 [info] fatal: not a git repository (or any of the parent directories): .git
2024-07-19 03:53:11.237 [info] > git rev-parse --show-toplevel [3ms]
2024-07-19 03:53:11.237 [info] fatal: not a git repository (or any of the parent directories): .git
2024-07-19 03:53:55.123 [info] > git rev-parse --show-toplevel [3ms]
2024-07-19 03:53:55.123 [info] fatal: not a git repository (or any of the parent directories): .git
2024-07-19 03:54:13.864 [info] > git rev-parse --show-toplevel [3ms]
2024-07-19 03:54:13.864 [info] fatal: not a git repository (or any of the parent directories): .git
2024-07-19 03:54:50.442 [info] > git rev-parse --show-toplevel [2ms]
2024-07-19 03:54:50.442 [info] fatal: not a git repository (or any of the parent directories): .git
2024-07-19 03:54:56.561 [info] > git rev-parse --show-toplevel [2ms]
2024-07-19 03:54:56.561 [info] fatal: not a git repository (or any of the parent directories): .git
2024-07-19 03:55:04.590 [info] > git rev-parse --show-toplevel [2ms]
2024-07-19 03:55:04.590 [info] fatal: not a git repository (or any of the parent directories): .git
2024-07-19 03:55:11.629 [info] > git rev-parse --show-toplevel [2ms]
2024-07-19 03:55:11.629 [info] fatal: not a git repository (or any of the parent directories): .git
2024-07-19 03:55:25.782 [info] > git rev-parse --show-toplevel [2ms]
2024-07-19 03:55:25.783 [info] fatal: not a git repository (or any of the parent directories): .git
2024-07-19 03:57:32.663 [info] > git rev-parse --show-toplevel [2ms]
2024-07-19 03:57:32.663 [info] fatal: not a git repository (or any of the parent directories): .git
2024-07-19 03:57:41.811 [info] > git rev-parse --show-toplevel [2ms]
2024-07-19 03:57:41.811 [info] fatal: not a git repository (or any of the parent directories): .git
2024-07-19 04:00:57.132 [info] > git rev-parse --show-toplevel [1ms]
2024-07-19 04:00:57.132 [info] fatal: not a git repository (or any of the parent directories): .git
2024-07-19 04:02:05.213 [info] > git rev-parse --show-toplevel [1ms]
2024-07-19 04:02:05.213 [info] fatal: not a git repository (or any of the parent directories): .git
