2024-07-18 09:39:41.956 [info] Log level: Info
2024-07-18 09:39:41.956 [info] Validating found git in: "git"
2024-07-18 09:39:41.956 [info] Using git "2.40.1" from "git"
2024-07-18 09:39:41.956 [info] > git rev-parse --show-toplevel [5ms]
2024-07-18 09:39:41.956 [info] fatal: not a git repository (or any of the parent directories): .git
2024-07-18 09:39:41.956 [info] > git rev-parse --show-toplevel [2ms]
2024-07-18 09:39:41.956 [info] fatal: not a git repository (or any of the parent directories): .git
2024-07-18 09:39:41.956 [info] > git rev-parse --show-toplevel [2ms]
2024-07-18 09:39:41.956 [info] fatal: not a git repository (or any of the parent directories): .git
2024-07-18 09:39:41.956 [info] > git rev-parse --show-toplevel [2ms]
2024-07-18 09:39:41.956 [info] fatal: not a git repository (or any of the parent directories): .git
2024-07-18 09:39:41.956 [info] > git rev-parse --show-toplevel [2ms]
2024-07-18 09:39:41.956 [info] fatal: not a git repository (or any of the parent directories): .git
2024-07-18 09:39:41.956 [info] > git rev-parse --show-toplevel [2ms]
2024-07-18 09:39:41.956 [info] fatal: not a git repository (or any of the parent directories): .git
2024-07-18 09:39:41.956 [info] > git rev-parse --show-toplevel [1ms]
2024-07-18 09:39:41.956 [info] fatal: not a git repository (or any of the parent directories): .git
2024-07-18 09:39:41.956 [info] > git rev-parse --show-toplevel [18ms]
2024-07-18 09:39:41.956 [info] fatal: not a git repository (or any of the parent directories): .git
2024-07-18 09:39:41.969 [info] > git rev-parse --show-toplevel [14ms]
2024-07-18 09:39:41.982 [info] > git rev-parse --git-dir --git-common-dir [4ms]
2024-07-18 09:39:42.031 [info] Open repository: /home/ec2-user/traction
2024-07-18 09:39:42.100 [info] > git config --get commit.template [6ms]
2024-07-18 09:39:42.103 [info] > git for-each-ref --format=%(refname)%00%(upstream:short)%00%(objectname)%00%(upstream:track)%00%(upstream:remotename)%00%(upstream:remoteref) refs/heads/main refs/remotes/main [4ms]
2024-07-18 09:39:42.105 [warning] ENOENT: no such file or directory, open '/home/ec2-user/traction/.git/refs/remotes/origin/main'
2024-07-18 09:39:42.107 [info] > git rev-parse refs/remotes/origin/main [1ms]
2024-07-18 09:39:42.210 [info] > git status -z -uall [101ms]
2024-07-18 09:39:42.229 [info] > git for-each-ref --format=%(refname)%00%(upstream:short)%00%(objectname)%00%(upstream:track)%00%(upstream:remotename)%00%(upstream:remoteref) refs/heads/main refs/remotes/main [14ms]
2024-07-18 09:39:42.234 [info] > git config --get commit.template [4ms]
2024-07-18 09:39:42.242 [info] > git config --local branch.main.vscode-merge-base [9ms]
2024-07-18 09:39:42.246 [info] > git for-each-ref --format=%(refname)%00%(upstream:short)%00%(objectname)%00%(upstream:track)%00%(upstream:remotename)%00%(upstream:remoteref) refs/heads/main refs/remotes/main [5ms]
2024-07-18 09:39:42.249 [warning] ENOENT: no such file or directory, open '/home/ec2-user/traction/.git/refs/remotes/origin/main'
2024-07-18 09:39:42.249 [info] > git for-each-ref --format=%(refname)%00%(upstream:short)%00%(objectname)%00%(upstream:track)%00%(upstream:remotename)%00%(upstream:remoteref) refs/heads/origin/main refs/remotes/origin/main [4ms]
2024-07-18 09:39:42.254 [info] > git rev-parse refs/remotes/origin/main [5ms]
2024-07-18 09:39:42.257 [info] > git merge-base refs/heads/main refs/remotes/origin/main [4ms]
2024-07-18 09:39:42.267 [info] > git rev-list --count --left-right refs/heads/main...refs/remotes/origin/main [2ms]
2024-07-18 09:39:42.276 [info] > git diff --name-status -z --diff-filter=ADMR a46f60eaa8dfc3a17b8824f29bb84cb1271e0421...refs/remotes/origin/main [4ms]
2024-07-18 09:39:42.365 [info] > git status -z -uall [108ms]
2024-07-18 09:39:42.373 [info] > git for-each-ref --format=%(refname)%00%(upstream:short)%00%(objectname)%00%(upstream:track)%00%(upstream:remotename)%00%(upstream:remoteref) refs/heads/main refs/remotes/main [4ms]
2024-07-18 09:39:42.402 [info] > git config --local branch.main.vscode-merge-base [27ms]
2024-07-18 09:39:42.416 [info] > git for-each-ref --format=%(refname)%00%(upstream:short)%00%(objectname)%00%(upstream:track)%00%(upstream:remotename)%00%(upstream:remoteref) refs/heads/origin/main refs/remotes/origin/main [11ms]
2024-07-18 09:43:17.509 [info] > git check-ignore -v -z --stdin [2ms]
2024-07-18 11:30:50.233 [info] > git rev-parse --show-toplevel [2ms]
2024-07-18 11:30:50.233 [info] fatal: not a git repository (or any of the parent directories): .git
