2024-07-24 18:33:51.112 [info] Log level: Info
2024-07-24 18:33:51.112 [info] Validating found git in: "git"
2024-07-24 18:33:51.112 [info] Using git "2.40.1" from "git"
2024-07-24 18:33:51.112 [info] > git rev-parse --show-toplevel [4ms]
2024-07-24 18:33:51.112 [info] fatal: not a git repository (or any of the parent directories): .git
2024-07-24 18:33:51.117 [info] > git rev-parse --show-toplevel [2ms]
2024-07-24 18:33:51.117 [info] fatal: not a git repository (or any of the parent directories): .git
2024-07-24 18:33:51.121 [info] > git rev-parse --show-toplevel [2ms]
2024-07-24 18:33:51.121 [info] fatal: not a git repository (or any of the parent directories): .git
2024-07-24 18:33:51.126 [info] > git rev-parse --show-toplevel [3ms]
2024-07-24 18:33:51.126 [info] fatal: not a git repository (or any of the parent directories): .git
2024-07-24 18:33:51.130 [info] > git rev-parse --show-toplevel [2ms]
2024-07-24 18:33:51.130 [info] fatal: not a git repository (or any of the parent directories): .git
2024-07-24 18:33:51.134 [info] > git rev-parse --show-toplevel [2ms]
2024-07-24 18:33:51.134 [info] fatal: not a git repository (or any of the parent directories): .git
2024-07-24 18:33:51.137 [info] > git rev-parse --show-toplevel [1ms]
2024-07-24 18:33:51.137 [info] fatal: not a git repository (or any of the parent directories): .git
2024-07-24 18:33:51.141 [info] > git rev-parse --show-toplevel [2ms]
2024-07-24 18:33:51.141 [info] fatal: not a git repository (or any of the parent directories): .git
2024-07-24 18:33:51.147 [info] > git rev-parse --show-toplevel [4ms]
2024-07-24 18:33:51.147 [info] fatal: not a git repository (or any of the parent directories): .git
2024-07-24 18:46:14.456 [info] > git rev-parse --show-toplevel [5ms]
2024-07-24 18:46:14.456 [info] fatal: not a git repository (or any of the parent directories): .git
