2024-07-25 10:05:48.969 [info] Log level: Info
2024-07-25 10:05:48.969 [info] Validating found git in: "git"
2024-07-25 10:05:48.969 [info] Using git "2.40.1" from "git"
2024-07-25 10:05:48.969 [info] > git rev-parse --show-toplevel [11ms]
2024-07-25 10:05:48.969 [info] fatal: not a git repository (or any of the parent directories): .git
2024-07-25 10:05:48.969 [info] > git rev-parse --show-toplevel [12ms]
2024-07-25 10:05:48.969 [info] fatal: not a git repository (or any of the parent directories): .git
2024-07-25 10:05:49.117 [info] > git rev-parse --show-toplevel [137ms]
2024-07-25 10:05:49.118 [info] fatal: not a git repository (or any of the parent directories): .git
2024-07-25 10:05:49.124 [info] > git rev-parse --show-toplevel [2ms]
2024-07-25 10:05:49.124 [info] fatal: not a git repository (or any of the parent directories): .git
2024-07-25 10:05:49.128 [info] > git rev-parse --show-toplevel [2ms]
2024-07-25 10:05:49.128 [info] fatal: not a git repository (or any of the parent directories): .git
2024-07-25 10:05:49.131 [info] > git rev-parse --show-toplevel [1ms]
2024-07-25 10:05:49.131 [info] fatal: not a git repository (or any of the parent directories): .git
2024-07-25 10:05:49.136 [info] > git rev-parse --show-toplevel [3ms]
2024-07-25 10:05:49.136 [info] fatal: not a git repository (or any of the parent directories): .git
2024-07-25 10:05:49.141 [info] > git rev-parse --show-toplevel [3ms]
2024-07-25 10:05:49.141 [info] fatal: not a git repository (or any of the parent directories): .git
2024-07-25 10:05:49.157 [info] > git rev-parse --show-toplevel [2ms]
2024-07-25 10:05:49.157 [info] fatal: not a git repository (or any of the parent directories): .git
2024-07-25 10:05:49.168 [info] > git rev-parse --show-toplevel [5ms]
2024-07-25 10:05:49.168 [info] fatal: not a git repository (or any of the parent directories): .git
2024-07-25 10:05:49.178 [info] > git rev-parse --show-toplevel [2ms]
2024-07-25 10:05:49.178 [info] fatal: not a git repository (or any of the parent directories): .git
2024-07-25 10:05:49.201 [info] > git rev-parse --show-toplevel [6ms]
2024-07-25 10:05:49.201 [info] fatal: not a git repository (or any of the parent directories): .git
2024-07-25 10:08:51.791 [info] > git rev-parse --show-toplevel [3ms]
2024-07-25 10:08:51.791 [info] fatal: not a git repository (or any of the parent directories): .git
2024-07-25 10:08:54.782 [info] > git rev-parse --show-toplevel [1ms]
2024-07-25 10:08:54.782 [info] fatal: not a git repository (or any of the parent directories): .git
2024-07-25 10:08:54.786 [info] > git rev-parse --show-toplevel [2ms]
2024-07-25 10:08:54.786 [info] fatal: not a git repository (or any of the parent directories): .git
2024-07-25 10:08:55.990 [info] > git rev-parse --show-toplevel [1ms]
2024-07-25 10:08:55.990 [info] fatal: not a git repository (or any of the parent directories): .git
2024-07-25 10:08:55.993 [info] > git rev-parse --show-toplevel [1ms]
2024-07-25 10:08:55.993 [info] fatal: not a git repository (or any of the parent directories): .git
2024-07-25 10:08:55.996 [info] > git rev-parse --show-toplevel [1ms]
2024-07-25 10:08:55.996 [info] fatal: not a git repository (or any of the parent directories): .git
2024-07-25 10:17:12.961 [info] > git rev-parse --show-toplevel [3ms]
2024-07-25 10:17:12.961 [info] fatal: not a git repository (or any of the parent directories): .git
2024-07-25 10:17:27.765 [info] > git rev-parse --show-toplevel [1ms]
2024-07-25 10:17:27.765 [info] fatal: not a git repository (or any of the parent directories): .git
2024-07-25 10:20:48.453 [info] > git rev-parse --show-toplevel [2ms]
2024-07-25 10:20:48.453 [info] fatal: not a git repository (or any of the parent directories): .git
2024-07-25 10:26:49.949 [info] > git rev-parse --show-toplevel [3ms]
2024-07-25 10:26:49.949 [info] fatal: not a git repository (or any of the parent directories): .git
2024-07-25 10:27:05.854 [info] > git rev-parse --show-toplevel [1ms]
2024-07-25 10:27:05.854 [info] fatal: not a git repository (or any of the parent directories): .git
2024-07-25 10:27:47.416 [info] > git rev-parse --show-toplevel [3ms]
2024-07-25 10:27:47.416 [info] fatal: not a git repository (or any of the parent directories): .git
2024-07-25 10:27:51.582 [info] > git rev-parse --show-toplevel [1ms]
2024-07-25 10:27:51.582 [info] fatal: not a git repository (or any of the parent directories): .git
2024-07-25 10:27:52.313 [info] > git rev-parse --show-toplevel [3ms]
2024-07-25 10:27:52.313 [info] fatal: not a git repository (or any of the parent directories): .git
2024-07-25 10:28:00.050 [info] > git rev-parse --show-toplevel [2ms]
2024-07-25 10:28:00.050 [info] fatal: not a git repository (or any of the parent directories): .git
2024-07-25 10:30:28.637 [info] > git rev-parse --show-toplevel [2ms]
2024-07-25 10:30:28.637 [info] fatal: not a git repository (or any of the parent directories): .git
2024-07-25 10:30:46.500 [info] > git rev-parse --show-toplevel [2ms]
2024-07-25 10:30:46.500 [info] fatal: not a git repository (or any of the parent directories): .git
2024-07-25 10:31:39.389 [info] > git rev-parse --show-toplevel [2ms]
2024-07-25 10:31:39.389 [info] fatal: not a git repository (or any of the parent directories): .git
2024-07-25 10:32:06.093 [info] > git rev-parse --show-toplevel [2ms]
2024-07-25 10:32:06.093 [info] fatal: not a git repository (or any of the parent directories): .git
2024-07-25 11:05:09.645 [info] Log level: Info
2024-07-25 11:05:09.645 [info] Validating found git in: "git"
2024-07-25 11:05:09.645 [info] Using git "2.40.1" from "git"
2024-07-25 11:05:09.645 [info] > git rev-parse --show-toplevel [6ms]
2024-07-25 11:05:09.645 [info] fatal: not a git repository (or any of the parent directories): .git
2024-07-25 11:05:09.650 [info] > git rev-parse --show-toplevel [2ms]
2024-07-25 11:05:09.650 [info] fatal: not a git repository (or any of the parent directories): .git
2024-07-25 11:05:09.654 [info] > git rev-parse --show-toplevel [2ms]
2024-07-25 11:05:09.654 [info] fatal: not a git repository (or any of the parent directories): .git
2024-07-25 11:05:09.658 [info] > git rev-parse --show-toplevel [2ms]
2024-07-25 11:05:09.658 [info] fatal: not a git repository (or any of the parent directories): .git
2024-07-25 11:05:09.661 [info] > git rev-parse --show-toplevel [1ms]
2024-07-25 11:05:09.661 [info] fatal: not a git repository (or any of the parent directories): .git
2024-07-25 11:05:09.665 [info] > git rev-parse --show-toplevel [2ms]
2024-07-25 11:05:09.665 [info] fatal: not a git repository (or any of the parent directories): .git
2024-07-25 11:05:09.668 [info] > git rev-parse --show-toplevel [1ms]
2024-07-25 11:05:09.668 [info] fatal: not a git repository (or any of the parent directories): .git
2024-07-25 11:05:09.672 [info] > git rev-parse --show-toplevel [2ms]
2024-07-25 11:05:09.672 [info] fatal: not a git repository (or any of the parent directories): .git
2024-07-25 11:05:09.675 [info] > git rev-parse --show-toplevel [1ms]
2024-07-25 11:05:09.676 [info] fatal: not a git repository (or any of the parent directories): .git
2024-07-25 11:05:09.679 [info] > git rev-parse --show-toplevel [2ms]
2024-07-25 11:05:09.679 [info] fatal: not a git repository (or any of the parent directories): .git
2024-07-25 11:07:55.340 [info] > git rev-parse --show-toplevel [2ms]
2024-07-25 11:07:55.340 [info] fatal: not a git repository (or any of the parent directories): .git
2024-07-25 11:08:51.670 [info] > git rev-parse --show-toplevel [2ms]
2024-07-25 11:08:51.670 [info] fatal: not a git repository (or any of the parent directories): .git
2024-07-25 11:09:14.693 [info] > git rev-parse --show-toplevel [2ms]
2024-07-25 11:09:14.693 [info] fatal: not a git repository (or any of the parent directories): .git
2024-07-25 11:09:20.968 [info] > git rev-parse --show-toplevel [2ms]
2024-07-25 11:09:20.968 [info] fatal: not a git repository (or any of the parent directories): .git
2024-07-25 11:09:35.092 [info] > git rev-parse --show-toplevel [2ms]
2024-07-25 11:09:35.092 [info] fatal: not a git repository (or any of the parent directories): .git
2024-07-25 11:09:47.635 [info] > git rev-parse --show-toplevel [6ms]
2024-07-25 11:09:47.635 [info] fatal: not a git repository (or any of the parent directories): .git
2024-07-25 11:10:00.366 [info] > git rev-parse --show-toplevel [2ms]
2024-07-25 11:10:00.366 [info] fatal: not a git repository (or any of the parent directories): .git
2024-07-25 11:16:25.291 [info] > git rev-parse --show-toplevel [3ms]
2024-07-25 11:16:25.291 [info] fatal: not a git repository (or any of the parent directories): .git
2024-07-25 11:16:29.915 [info] > git rev-parse --show-toplevel [1ms]
2024-07-25 11:16:29.915 [info] fatal: not a git repository (or any of the parent directories): .git
2024-07-25 11:17:01.151 [info] > git rev-parse --show-toplevel [2ms]
2024-07-25 11:17:01.151 [info] fatal: not a git repository (or any of the parent directories): .git
2024-07-25 11:18:08.775 [info] > git rev-parse --show-toplevel [2ms]
2024-07-25 11:18:08.775 [info] fatal: not a git repository (or any of the parent directories): .git
2024-07-25 11:18:37.855 [info] > git rev-parse --show-toplevel [2ms]
2024-07-25 11:18:37.855 [info] fatal: not a git repository (or any of the parent directories): .git
2024-07-25 11:20:28.864 [info] > git rev-parse --show-toplevel [2ms]
2024-07-25 11:20:28.864 [info] fatal: not a git repository (or any of the parent directories): .git
2024-07-25 11:22:49.827 [info] > git rev-parse --show-toplevel [2ms]
2024-07-25 11:22:49.827 [info] fatal: not a git repository (or any of the parent directories): .git
2024-07-25 11:38:38.963 [info] > git rev-parse --show-toplevel [3ms]
2024-07-25 11:38:38.963 [info] fatal: not a git repository (or any of the parent directories): .git
2024-07-25 11:42:39.593 [info] > git rev-parse --show-toplevel [3ms]
2024-07-25 11:42:39.593 [info] fatal: not a git repository (or any of the parent directories): .git
2024-07-25 11:42:56.983 [info] > git rev-parse --show-toplevel [2ms]
2024-07-25 11:42:56.983 [info] fatal: not a git repository (or any of the parent directories): .git
2024-07-25 11:43:04.188 [info] > git rev-parse --show-toplevel [2ms]
2024-07-25 11:43:04.188 [info] fatal: not a git repository (or any of the parent directories): .git
2024-07-25 11:44:45.625 [info] > git rev-parse --show-toplevel [2ms]
2024-07-25 11:44:45.625 [info] fatal: not a git repository (or any of the parent directories): .git
2024-07-25 11:45:24.910 [info] > git rev-parse --show-toplevel [2ms]
2024-07-25 11:45:24.910 [info] fatal: not a git repository (or any of the parent directories): .git
2024-07-25 11:48:09.583 [info] > git rev-parse --show-toplevel [3ms]
2024-07-25 11:48:09.583 [info] fatal: not a git repository (or any of the parent directories): .git
2024-07-25 11:48:11.512 [info] > git rev-parse --show-toplevel [2ms]
2024-07-25 11:48:11.513 [info] fatal: not a git repository (or any of the parent directories): .git
2024-07-25 11:49:32.762 [info] > git rev-parse --show-toplevel [3ms]
2024-07-25 11:49:32.762 [info] fatal: not a git repository (or any of the parent directories): .git
2024-07-25 11:49:42.035 [info] > git rev-parse --show-toplevel [2ms]
2024-07-25 11:49:42.035 [info] fatal: not a git repository (or any of the parent directories): .git
2024-07-25 11:50:07.396 [info] > git rev-parse --show-toplevel [2ms]
2024-07-25 11:50:07.396 [info] fatal: not a git repository (or any of the parent directories): .git
2024-07-25 11:50:09.077 [info] > git rev-parse --show-toplevel [2ms]
2024-07-25 11:50:09.077 [info] fatal: not a git repository (or any of the parent directories): .git
2024-07-25 11:52:32.061 [info] > git rev-parse --show-toplevel [2ms]
2024-07-25 11:52:32.061 [info] fatal: not a git repository (or any of the parent directories): .git
2024-07-25 11:53:13.982 [info] > git rev-parse --show-toplevel [2ms]
2024-07-25 11:53:13.982 [info] fatal: not a git repository (or any of the parent directories): .git
2024-07-25 11:53:54.100 [info] > git rev-parse --show-toplevel [1ms]
2024-07-25 11:53:54.100 [info] fatal: not a git repository (or any of the parent directories): .git
2024-07-25 12:00:30.827 [info] > git rev-parse --show-toplevel [2ms]
2024-07-25 12:00:30.827 [info] fatal: not a git repository (or any of the parent directories): .git
2024-07-25 12:00:33.954 [info] > git rev-parse --show-toplevel [3ms]
2024-07-25 12:00:33.954 [info] fatal: not a git repository (or any of the parent directories): .git
2024-07-25 12:00:49.655 [info] > git rev-parse --show-toplevel [2ms]
2024-07-25 12:00:49.656 [info] fatal: not a git repository (or any of the parent directories): .git
2024-07-25 12:01:03.150 [info] > git rev-parse --show-toplevel [2ms]
2024-07-25 12:01:03.150 [info] fatal: not a git repository (or any of the parent directories): .git
2024-07-25 12:01:22.778 [info] > git rev-parse --show-toplevel [2ms]
2024-07-25 12:01:22.778 [info] fatal: not a git repository (or any of the parent directories): .git
2024-07-25 12:03:18.884 [info] > git rev-parse --show-toplevel [2ms]
2024-07-25 12:03:18.884 [info] fatal: not a git repository (or any of the parent directories): .git
2024-07-25 12:03:22.789 [info] > git rev-parse --show-toplevel [2ms]
2024-07-25 12:03:22.789 [info] fatal: not a git repository (or any of the parent directories): .git
2024-07-25 12:07:39.852 [info] > git rev-parse --show-toplevel [2ms]
2024-07-25 12:07:39.852 [info] fatal: not a git repository (or any of the parent directories): .git
2024-07-25 12:08:48.675 [info] > git rev-parse --show-toplevel [2ms]
2024-07-25 12:08:48.675 [info] fatal: not a git repository (or any of the parent directories): .git
2024-07-25 12:17:46.580 [info] > git rev-parse --show-toplevel [2ms]
2024-07-25 12:17:46.580 [info] fatal: not a git repository (or any of the parent directories): .git
2024-07-25 12:25:46.961 [info] > git rev-parse --show-toplevel [3ms]
2024-07-25 12:25:46.961 [info] fatal: not a git repository (or any of the parent directories): .git
2024-07-25 12:25:57.677 [info] > git rev-parse --show-toplevel [2ms]
2024-07-25 12:25:57.677 [info] fatal: not a git repository (or any of the parent directories): .git
2024-07-25 12:36:17.292 [info] > git rev-parse --show-toplevel [3ms]
2024-07-25 12:36:17.292 [info] fatal: not a git repository (or any of the parent directories): .git
2024-07-25 12:36:21.230 [info] > git rev-parse --show-toplevel [2ms]
2024-07-25 12:36:21.230 [info] fatal: not a git repository (or any of the parent directories): .git
2024-07-25 12:54:04.926 [info] > git rev-parse --show-toplevel [2ms]
2024-07-25 12:54:04.926 [info] fatal: not a git repository (or any of the parent directories): .git
2024-07-25 12:58:01.714 [info] > git rev-parse --show-toplevel [2ms]
2024-07-25 12:58:01.714 [info] fatal: not a git repository (or any of the parent directories): .git
2024-07-25 13:08:24.734 [info] > git rev-parse --show-toplevel [3ms]
2024-07-25 13:08:24.735 [info] fatal: not a git repository (or any of the parent directories): .git
2024-07-25 13:13:53.655 [info] > git rev-parse --show-toplevel [2ms]
2024-07-25 13:13:53.656 [info] fatal: not a git repository (or any of the parent directories): .git
2024-07-25 13:15:51.343 [info] > git rev-parse --show-toplevel [1ms]
2024-07-25 13:15:51.343 [info] fatal: not a git repository (or any of the parent directories): .git
2024-07-25 13:16:09.588 [info] > git rev-parse --show-toplevel [2ms]
2024-07-25 13:16:09.588 [info] fatal: not a git repository (or any of the parent directories): .git
2024-07-25 13:16:28.209 [info] > git rev-parse --show-toplevel [2ms]
2024-07-25 13:16:28.209 [info] fatal: not a git repository (or any of the parent directories): .git
2024-07-25 13:16:56.756 [info] > git rev-parse --show-toplevel [2ms]
2024-07-25 13:16:56.756 [info] fatal: not a git repository (or any of the parent directories): .git
2024-07-25 13:57:11.706 [info] > git rev-parse --show-toplevel [2ms]
2024-07-25 13:57:11.706 [info] fatal: not a git repository (or any of the parent directories): .git
2024-07-25 14:00:32.280 [info] > git rev-parse --show-toplevel [2ms]
2024-07-25 14:00:32.280 [info] fatal: not a git repository (or any of the parent directories): .git
2024-07-25 14:00:56.953 [info] > git rev-parse --show-toplevel [2ms]
2024-07-25 14:00:56.953 [info] fatal: not a git repository (or any of the parent directories): .git
2024-07-25 14:01:44.258 [info] > git rev-parse --show-toplevel [2ms]
2024-07-25 14:01:44.258 [info] fatal: not a git repository (or any of the parent directories): .git
2024-07-25 14:03:56.925 [info] > git rev-parse --show-toplevel [2ms]
2024-07-25 14:03:56.925 [info] fatal: not a git repository (or any of the parent directories): .git
2024-07-25 14:04:03.492 [info] > git rev-parse --show-toplevel [1ms]
2024-07-25 14:04:03.492 [info] fatal: not a git repository (or any of the parent directories): .git
2024-07-25 14:04:17.306 [info] > git rev-parse --show-toplevel [1ms]
2024-07-25 14:04:17.306 [info] fatal: not a git repository (or any of the parent directories): .git
2024-07-25 14:05:11.534 [info] > git rev-parse --show-toplevel [3ms]
2024-07-25 14:05:11.534 [info] fatal: not a git repository (or any of the parent directories): .git
2024-07-25 14:07:25.549 [info] > git rev-parse --show-toplevel [3ms]
2024-07-25 14:07:25.549 [info] fatal: not a git repository (or any of the parent directories): .git
2024-07-25 14:08:22.357 [info] > git rev-parse --show-toplevel [3ms]
2024-07-25 14:08:22.357 [info] fatal: not a git repository (or any of the parent directories): .git
