2024-07-25 17:01:08.528 [info] Log level: Info
2024-07-25 17:01:08.528 [info] Validating found git in: "git"
2024-07-25 17:01:08.528 [info] Using git "2.40.1" from "git"
2024-07-25 17:01:08.528 [info] > git rev-parse --show-toplevel [18ms]
2024-07-25 17:01:08.528 [info] fatal: not a git repository (or any of the parent directories): .git
2024-07-25 17:01:08.529 [info] > git rev-parse --show-toplevel [169ms]
2024-07-25 17:01:08.529 [info] fatal: not a git repository (or any of the parent directories): .git
2024-07-25 17:01:08.541 [info] > git rev-parse --show-toplevel [5ms]
2024-07-25 17:01:08.541 [info] fatal: not a git repository (or any of the parent directories): .git
2024-07-25 17:01:08.548 [info] > git rev-parse --show-toplevel [2ms]
2024-07-25 17:01:08.548 [info] fatal: not a git repository (or any of the parent directories): .git
2024-07-25 17:01:08.558 [info] > git rev-parse --show-toplevel [2ms]
2024-07-25 17:01:08.558 [info] fatal: not a git repository (or any of the parent directories): .git
2024-07-25 17:01:08.568 [info] > git rev-parse --show-toplevel [2ms]
2024-07-25 17:01:08.568 [info] fatal: not a git repository (or any of the parent directories): .git
2024-07-25 17:01:08.578 [info] > git rev-parse --show-toplevel [2ms]
2024-07-25 17:01:08.578 [info] fatal: not a git repository (or any of the parent directories): .git
2024-07-25 17:01:08.588 [info] > git rev-parse --show-toplevel [2ms]
2024-07-25 17:01:08.588 [info] fatal: not a git repository (or any of the parent directories): .git
2024-07-25 17:01:08.598 [info] > git rev-parse --show-toplevel [2ms]
2024-07-25 17:01:08.598 [info] fatal: not a git repository (or any of the parent directories): .git
2024-07-25 17:01:08.606 [info] > git rev-parse --show-toplevel [2ms]
2024-07-25 17:01:08.606 [info] fatal: not a git repository (or any of the parent directories): .git
2024-07-25 17:01:08.623 [info] > git rev-parse --show-toplevel [7ms]
2024-07-25 17:01:08.623 [info] fatal: not a git repository (or any of the parent directories): .git
2024-07-25 17:01:08.688 [info] > git rev-parse --show-toplevel [2ms]
2024-07-25 17:01:08.688 [info] fatal: not a git repository (or any of the parent directories): .git
2024-07-25 17:56:42.462 [info] > git rev-parse --show-toplevel [1ms]
2024-07-25 17:56:42.462 [info] fatal: not a git repository (or any of the parent directories): .git
2024-07-25 17:56:44.321 [info] > git rev-parse --show-toplevel [2ms]
2024-07-25 17:56:44.321 [info] fatal: not a git repository (or any of the parent directories): .git
2024-07-25 17:58:17.668 [info] > git rev-parse --show-toplevel [4ms]
2024-07-25 17:58:17.668 [info] fatal: not a git repository (or any of the parent directories): .git
2024-07-25 17:58:41.477 [info] > git rev-parse --show-toplevel [2ms]
2024-07-25 17:58:41.477 [info] fatal: not a git repository (or any of the parent directories): .git
2024-07-25 17:58:54.821 [info] > git rev-parse --show-toplevel [3ms]
2024-07-25 17:58:54.821 [info] fatal: not a git repository (or any of the parent directories): .git
2024-07-25 17:59:11.616 [info] > git rev-parse --show-toplevel [2ms]
2024-07-25 17:59:11.616 [info] fatal: not a git repository (or any of the parent directories): .git
2024-07-25 18:02:46.839 [info] > git rev-parse --show-toplevel [2ms]
2024-07-25 18:02:46.839 [info] fatal: not a git repository (or any of the parent directories): .git
2024-07-25 18:02:47.642 [info] > git rev-parse --show-toplevel [1ms]
2024-07-25 18:02:47.642 [info] fatal: not a git repository (or any of the parent directories): .git
2024-07-25 18:02:48.255 [info] > git rev-parse --show-toplevel [2ms]
2024-07-25 18:02:48.255 [info] fatal: not a git repository (or any of the parent directories): .git
2024-07-25 18:27:34.032 [info] > git rev-parse --show-toplevel [2ms]
2024-07-25 18:27:34.032 [info] fatal: not a git repository (or any of the parent directories): .git
2024-07-25 18:28:42.106 [info] > git rev-parse --show-toplevel [3ms]
2024-07-25 18:28:42.106 [info] fatal: not a git repository (or any of the parent directories): .git
2024-07-25 18:28:50.350 [info] > git rev-parse --show-toplevel [1ms]
2024-07-25 18:28:50.351 [info] fatal: not a git repository (or any of the parent directories): .git
2024-07-25 18:28:56.143 [info] > git rev-parse --show-toplevel [3ms]
2024-07-25 18:28:56.143 [info] fatal: not a git repository (or any of the parent directories): .git
2024-07-25 18:31:01.463 [info] > git rev-parse --show-toplevel [2ms]
2024-07-25 18:31:01.463 [info] fatal: not a git repository (or any of the parent directories): .git
2024-07-25 18:31:21.779 [info] > git rev-parse --show-toplevel [3ms]
2024-07-25 18:31:21.779 [info] fatal: not a git repository (or any of the parent directories): .git
2024-07-25 18:31:56.397 [info] > git rev-parse --show-toplevel [2ms]
2024-07-25 18:31:56.397 [info] fatal: not a git repository (or any of the parent directories): .git
2024-07-25 19:12:19.166 [info] > git rev-parse --show-toplevel [3ms]
2024-07-25 19:12:19.166 [info] fatal: not a git repository (or any of the parent directories): .git
2024-07-25 19:14:33.080 [info] > git rev-parse --show-toplevel [2ms]
2024-07-25 19:14:33.080 [info] fatal: not a git repository (or any of the parent directories): .git
2024-07-25 19:14:34.694 [info] > git rev-parse --show-toplevel [2ms]
2024-07-25 19:14:34.694 [info] fatal: not a git repository (or any of the parent directories): .git
2024-07-25 19:14:36.370 [info] > git rev-parse --show-toplevel [2ms]
2024-07-25 19:14:36.370 [info] fatal: not a git repository (or any of the parent directories): .git
2024-07-25 19:14:47.518 [info] > git rev-parse --show-toplevel [1ms]
2024-07-25 19:14:47.518 [info] fatal: not a git repository (or any of the parent directories): .git
2024-07-25 19:14:55.473 [info] > git rev-parse --show-toplevel [1ms]
2024-07-25 19:14:55.473 [info] fatal: not a git repository (or any of the parent directories): .git
2024-07-25 19:15:13.773 [info] > git rev-parse --show-toplevel [2ms]
2024-07-25 19:15:13.773 [info] fatal: not a git repository (or any of the parent directories): .git
2024-07-25 19:18:13.929 [info] > git rev-parse --show-toplevel [2ms]
2024-07-25 19:18:13.929 [info] fatal: not a git repository (or any of the parent directories): .git
2024-07-25 19:18:24.875 [info] > git rev-parse --show-toplevel [3ms]
2024-07-25 19:18:24.875 [info] fatal: not a git repository (or any of the parent directories): .git
2024-07-25 19:18:42.978 [info] > git rev-parse --show-toplevel [2ms]
2024-07-25 19:18:42.978 [info] fatal: not a git repository (or any of the parent directories): .git
2024-07-25 19:18:55.472 [info] > git rev-parse --show-toplevel [2ms]
2024-07-25 19:18:55.472 [info] fatal: not a git repository (or any of the parent directories): .git
2024-07-25 19:18:56.370 [info] > git rev-parse --show-toplevel [4ms]
2024-07-25 19:18:56.370 [info] fatal: not a git repository (or any of the parent directories): .git
2024-07-25 19:19:02.681 [info] > git rev-parse --show-toplevel [3ms]
2024-07-25 19:19:02.681 [info] fatal: not a git repository (or any of the parent directories): .git
2024-07-25 19:19:07.053 [info] > git rev-parse --show-toplevel [1ms]
2024-07-25 19:19:07.053 [info] fatal: not a git repository (or any of the parent directories): .git
2024-07-25 19:19:25.745 [info] > git rev-parse --show-toplevel [2ms]
2024-07-25 19:19:25.745 [info] fatal: not a git repository (or any of the parent directories): .git
2024-07-25 19:21:52.105 [info] > git rev-parse --show-toplevel [2ms]
2024-07-25 19:21:52.105 [info] fatal: not a git repository (or any of the parent directories): .git
2024-07-25 19:21:52.926 [info] > git rev-parse --show-toplevel [2ms]
2024-07-25 19:21:52.926 [info] fatal: not a git repository (or any of the parent directories): .git
2024-07-25 19:22:11.638 [info] > git rev-parse --show-toplevel [2ms]
2024-07-25 19:22:11.638 [info] fatal: not a git repository (or any of the parent directories): .git
2024-07-25 19:22:28.457 [info] > git rev-parse --show-toplevel [2ms]
2024-07-25 19:22:28.457 [info] fatal: not a git repository (or any of the parent directories): .git
2024-07-25 19:22:46.828 [info] > git rev-parse --show-toplevel [3ms]
2024-07-25 19:22:46.828 [info] fatal: not a git repository (or any of the parent directories): .git
2024-07-25 19:23:00.176 [info] > git rev-parse --show-toplevel [2ms]
2024-07-25 19:23:00.176 [info] fatal: not a git repository (or any of the parent directories): .git
2024-07-25 20:56:04.713 [info] > git rev-parse --show-toplevel [2ms]
2024-07-25 20:56:04.713 [info] fatal: not a git repository (or any of the parent directories): .git
2024-07-25 21:15:18.164 [info] > git rev-parse --show-toplevel [72ms]
2024-07-25 21:15:18.164 [info] fatal: not a git repository (or any of the parent directories): .git
2024-07-25 21:39:29.786 [info] > git rev-parse --show-toplevel [2ms]
2024-07-25 21:39:29.786 [info] fatal: not a git repository (or any of the parent directories): .git
2024-07-25 21:44:50.613 [info] > git rev-parse --show-toplevel [2ms]
2024-07-25 21:44:50.613 [info] fatal: not a git repository (or any of the parent directories): .git
2024-07-25 21:46:12.721 [info] > git rev-parse --show-toplevel [3ms]
2024-07-25 21:46:12.721 [info] fatal: not a git repository (or any of the parent directories): .git
2024-07-25 21:48:07.934 [info] > git rev-parse --show-toplevel [2ms]
2024-07-25 21:48:07.934 [info] fatal: not a git repository (or any of the parent directories): .git
2024-07-25 22:09:30.360 [info] > git rev-parse --show-toplevel [2ms]
2024-07-25 22:09:30.360 [info] fatal: not a git repository (or any of the parent directories): .git
2024-07-25 22:40:40.094 [info] > git rev-parse --show-toplevel [3ms]
2024-07-25 22:40:40.095 [info] fatal: not a git repository (or any of the parent directories): .git
2024-07-25 22:48:16.223 [info] > git rev-parse --show-toplevel [2ms]
2024-07-25 22:48:16.223 [info] fatal: not a git repository (or any of the parent directories): .git
2024-07-25 22:48:33.554 [info] > git rev-parse --show-toplevel [2ms]
2024-07-25 22:48:33.554 [info] fatal: not a git repository (or any of the parent directories): .git
2024-07-25 22:49:13.362 [info] > git rev-parse --show-toplevel [2ms]
2024-07-25 22:49:13.362 [info] fatal: not a git repository (or any of the parent directories): .git
2024-07-25 22:50:19.708 [info] > git rev-parse --show-toplevel [1ms]
2024-07-25 22:50:19.710 [info] fatal: not a git repository (or any of the parent directories): .git
2024-07-25 22:54:48.231 [info] > git rev-parse --show-toplevel [1ms]
2024-07-25 22:54:48.231 [info] fatal: not a git repository (or any of the parent directories): .git
2024-07-25 22:54:49.376 [info] > git rev-parse --show-toplevel [3ms]
2024-07-25 22:54:49.376 [info] fatal: not a git repository (or any of the parent directories): .git
2024-07-25 22:55:08.506 [info] > git rev-parse --show-toplevel [2ms]
2024-07-25 22:55:08.506 [info] fatal: not a git repository (or any of the parent directories): .git
2024-07-25 22:55:24.181 [info] > git rev-parse --show-toplevel [2ms]
2024-07-25 22:55:24.182 [info] fatal: not a git repository (or any of the parent directories): .git
2024-07-25 22:56:22.580 [info] > git rev-parse --show-toplevel [2ms]
2024-07-25 22:56:22.580 [info] fatal: not a git repository (or any of the parent directories): .git
2024-07-25 22:56:26.096 [info] > git rev-parse --show-toplevel [2ms]
2024-07-25 22:56:26.096 [info] fatal: not a git repository (or any of the parent directories): .git
2024-07-25 22:56:32.499 [info] > git rev-parse --show-toplevel [3ms]
2024-07-25 22:56:32.499 [info] fatal: not a git repository (or any of the parent directories): .git
2024-07-25 22:56:38.349 [info] > git rev-parse --show-toplevel [2ms]
2024-07-25 22:56:38.349 [info] fatal: not a git repository (or any of the parent directories): .git
2024-07-25 22:56:39.041 [info] > git rev-parse --show-toplevel [2ms]
2024-07-25 22:56:39.041 [info] fatal: not a git repository (or any of the parent directories): .git
2024-07-25 22:56:52.257 [info] > git rev-parse --show-toplevel [3ms]
2024-07-25 22:56:52.257 [info] fatal: not a git repository (or any of the parent directories): .git
2024-07-25 22:57:12.560 [info] > git rev-parse --show-toplevel [2ms]
2024-07-25 22:57:12.560 [info] fatal: not a git repository (or any of the parent directories): .git
2024-07-25 22:57:15.631 [info] > git rev-parse --show-toplevel [2ms]
2024-07-25 22:57:15.631 [info] fatal: not a git repository (or any of the parent directories): .git
2024-07-25 22:57:17.851 [info] > git rev-parse --show-toplevel [2ms]
2024-07-25 22:57:17.851 [info] fatal: not a git repository (or any of the parent directories): .git
2024-07-25 22:57:27.653 [info] > git rev-parse --show-toplevel [3ms]
2024-07-25 22:57:27.653 [info] fatal: not a git repository (or any of the parent directories): .git
2024-07-25 22:58:22.990 [info] > git rev-parse --show-toplevel [2ms]
2024-07-25 22:58:22.990 [info] fatal: not a git repository (or any of the parent directories): .git
2024-07-25 22:58:26.587 [info] > git rev-parse --show-toplevel [2ms]
2024-07-25 22:58:26.587 [info] fatal: not a git repository (or any of the parent directories): .git
2024-07-25 22:59:29.539 [info] > git rev-parse --show-toplevel [2ms]
2024-07-25 22:59:29.539 [info] fatal: not a git repository (or any of the parent directories): .git
2024-07-25 22:59:34.480 [info] > git rev-parse --show-toplevel [2ms]
2024-07-25 22:59:34.480 [info] fatal: not a git repository (or any of the parent directories): .git
2024-07-25 23:00:56.564 [info] > git rev-parse --show-toplevel [3ms]
2024-07-25 23:00:56.564 [info] fatal: not a git repository (or any of the parent directories): .git
2024-07-25 23:01:12.866 [info] > git rev-parse --show-toplevel [2ms]
2024-07-25 23:01:12.866 [info] fatal: not a git repository (or any of the parent directories): .git
2024-07-25 23:01:15.103 [info] > git rev-parse --show-toplevel [3ms]
2024-07-25 23:01:15.103 [info] fatal: not a git repository (or any of the parent directories): .git
2024-07-25 23:01:16.493 [info] > git rev-parse --show-toplevel [2ms]
2024-07-25 23:01:16.493 [info] fatal: not a git repository (or any of the parent directories): .git
2024-07-25 23:01:18.473 [info] > git rev-parse --show-toplevel [2ms]
2024-07-25 23:01:18.473 [info] fatal: not a git repository (or any of the parent directories): .git
2024-07-25 23:01:22.013 [info] > git rev-parse --show-toplevel [3ms]
2024-07-25 23:01:22.013 [info] fatal: not a git repository (or any of the parent directories): .git
2024-07-25 23:05:24.913 [info] > git rev-parse --show-toplevel [2ms]
2024-07-25 23:05:24.913 [info] fatal: not a git repository (or any of the parent directories): .git
2024-07-25 23:05:37.711 [info] > git rev-parse --show-toplevel [2ms]
2024-07-25 23:05:37.711 [info] fatal: not a git repository (or any of the parent directories): .git
2024-07-25 23:05:49.164 [info] > git rev-parse --show-toplevel [2ms]
2024-07-25 23:05:49.164 [info] fatal: not a git repository (or any of the parent directories): .git
2024-07-25 23:05:58.189 [info] > git rev-parse --show-toplevel [2ms]
2024-07-25 23:05:58.189 [info] fatal: not a git repository (or any of the parent directories): .git
2024-07-25 23:07:15.523 [info] > git rev-parse --show-toplevel [3ms]
2024-07-25 23:07:15.523 [info] fatal: not a git repository (or any of the parent directories): .git
2024-07-25 23:07:42.673 [info] > git rev-parse --show-toplevel [1ms]
2024-07-25 23:07:42.674 [info] fatal: not a git repository (or any of the parent directories): .git
2024-07-25 23:08:12.576 [info] > git rev-parse --show-toplevel [2ms]
2024-07-25 23:08:12.576 [info] fatal: not a git repository (or any of the parent directories): .git
2024-07-25 23:10:01.352 [info] > git rev-parse --show-toplevel [2ms]
2024-07-25 23:10:01.352 [info] fatal: not a git repository (or any of the parent directories): .git
2024-07-25 23:10:32.481 [info] > git rev-parse --show-toplevel [1ms]
2024-07-25 23:10:32.481 [info] fatal: not a git repository (or any of the parent directories): .git
2024-07-25 23:12:35.673 [info] > git rev-parse --show-toplevel [2ms]
2024-07-25 23:12:35.673 [info] fatal: not a git repository (or any of the parent directories): .git
2024-07-25 23:13:06.674 [info] > git rev-parse --show-toplevel [2ms]
2024-07-25 23:13:06.674 [info] fatal: not a git repository (or any of the parent directories): .git
2024-07-25 23:13:19.280 [info] > git rev-parse --show-toplevel [3ms]
2024-07-25 23:13:19.280 [info] fatal: not a git repository (or any of the parent directories): .git
2024-07-25 23:13:52.087 [info] > git rev-parse --show-toplevel [3ms]
2024-07-25 23:13:52.087 [info] fatal: not a git repository (or any of the parent directories): .git
2024-07-25 23:14:33.491 [info] > git rev-parse --show-toplevel [2ms]
2024-07-25 23:14:33.491 [info] fatal: not a git repository (or any of the parent directories): .git
2024-07-25 23:14:34.626 [info] > git rev-parse --show-toplevel [2ms]
2024-07-25 23:14:34.626 [info] fatal: not a git repository (or any of the parent directories): .git
2024-07-25 23:14:45.150 [info] > git rev-parse --show-toplevel [2ms]
2024-07-25 23:14:45.150 [info] fatal: not a git repository (or any of the parent directories): .git
2024-07-25 23:50:01.221 [info] > git rev-parse --show-toplevel [2ms]
2024-07-25 23:50:01.221 [info] fatal: not a git repository (or any of the parent directories): .git
2024-07-26 00:06:55.620 [info] > git rev-parse --show-toplevel [2ms]
2024-07-26 00:06:55.620 [info] fatal: not a git repository (or any of the parent directories): .git
2024-07-26 00:11:48.028 [info] > git rev-parse --show-toplevel [3ms]
2024-07-26 00:11:48.028 [info] fatal: not a git repository (or any of the parent directories): .git
2024-07-26 00:13:45.297 [info] > git rev-parse --show-toplevel [3ms]
2024-07-26 00:13:45.297 [info] fatal: not a git repository (or any of the parent directories): .git
2024-07-26 00:13:46.188 [info] > git rev-parse --show-toplevel [1ms]
2024-07-26 00:13:46.189 [info] fatal: not a git repository (or any of the parent directories): .git
2024-07-26 00:13:47.005 [info] > git rev-parse --show-toplevel [2ms]
2024-07-26 00:13:47.005 [info] fatal: not a git repository (or any of the parent directories): .git
2024-07-26 00:13:48.050 [info] > git rev-parse --show-toplevel [3ms]
2024-07-26 00:13:48.051 [info] fatal: not a git repository (or any of the parent directories): .git
2024-07-26 00:23:50.591 [info] > git rev-parse --show-toplevel [4ms]
2024-07-26 00:23:50.591 [info] fatal: not a git repository (or any of the parent directories): .git
2024-07-26 00:25:50.172 [info] > git rev-parse --show-toplevel [2ms]
2024-07-26 00:25:50.172 [info] fatal: not a git repository (or any of the parent directories): .git
2024-07-26 00:35:35.483 [info] > git rev-parse --show-toplevel [3ms]
2024-07-26 00:35:35.483 [info] fatal: not a git repository (or any of the parent directories): .git
2024-07-26 00:36:16.958 [info] > git rev-parse --show-toplevel [4ms]
2024-07-26 00:36:16.958 [info] fatal: not a git repository (or any of the parent directories): .git
2024-07-26 00:38:10.015 [info] > git rev-parse --show-toplevel [2ms]
2024-07-26 00:38:10.015 [info] fatal: not a git repository (or any of the parent directories): .git
2024-07-26 00:38:11.062 [info] > git rev-parse --show-toplevel [3ms]
2024-07-26 00:38:11.062 [info] fatal: not a git repository (or any of the parent directories): .git
2024-07-26 00:38:13.978 [info] > git rev-parse --show-toplevel [2ms]
2024-07-26 00:38:13.978 [info] fatal: not a git repository (or any of the parent directories): .git
2024-07-26 00:38:14.932 [info] > git rev-parse --show-toplevel [2ms]
2024-07-26 00:38:14.932 [info] fatal: not a git repository (or any of the parent directories): .git
2024-07-26 00:46:37.354 [info] > git rev-parse --show-toplevel [4ms]
2024-07-26 00:46:37.354 [info] fatal: not a git repository (or any of the parent directories): .git
2024-07-26 00:47:17.599 [info] > git rev-parse --show-toplevel [2ms]
2024-07-26 00:47:17.599 [info] fatal: not a git repository (or any of the parent directories): .git
2024-07-26 00:50:43.927 [info] > git rev-parse --show-toplevel [3ms]
2024-07-26 00:50:43.927 [info] fatal: not a git repository (or any of the parent directories): .git
2024-07-26 00:51:32.434 [info] > git rev-parse --show-toplevel [2ms]
2024-07-26 00:51:32.434 [info] fatal: not a git repository (or any of the parent directories): .git
2024-07-26 00:54:46.997 [info] > git rev-parse --show-toplevel [2ms]
2024-07-26 00:54:46.997 [info] fatal: not a git repository (or any of the parent directories): .git
2024-07-26 00:58:06.893 [info] > git rev-parse --show-toplevel [2ms]
2024-07-26 00:58:06.893 [info] fatal: not a git repository (or any of the parent directories): .git
2024-07-26 01:00:47.667 [info] > git rev-parse --show-toplevel [1ms]
2024-07-26 01:00:47.667 [info] fatal: not a git repository (or any of the parent directories): .git
2024-07-26 01:02:02.616 [info] > git rev-parse --show-toplevel [2ms]
2024-07-26 01:02:02.616 [info] fatal: not a git repository (or any of the parent directories): .git
2024-07-26 01:02:41.422 [info] > git rev-parse --show-toplevel [2ms]
2024-07-26 01:02:41.422 [info] fatal: not a git repository (or any of the parent directories): .git
2024-07-26 01:03:00.469 [info] > git rev-parse --show-toplevel [2ms]
2024-07-26 01:03:00.469 [info] fatal: not a git repository (or any of the parent directories): .git
2024-07-26 01:03:09.485 [info] > git rev-parse --show-toplevel [2ms]
2024-07-26 01:03:09.485 [info] fatal: not a git repository (or any of the parent directories): .git
2024-07-26 01:03:17.523 [info] > git rev-parse --show-toplevel [2ms]
2024-07-26 01:03:17.523 [info] fatal: not a git repository (or any of the parent directories): .git
2024-07-26 01:03:28.209 [info] > git rev-parse --show-toplevel [2ms]
2024-07-26 01:03:28.209 [info] fatal: not a git repository (or any of the parent directories): .git
2024-07-26 01:07:03.907 [info] > git rev-parse --show-toplevel [2ms]
2024-07-26 01:07:03.907 [info] fatal: not a git repository (or any of the parent directories): .git
2024-07-26 01:07:10.198 [info] > git rev-parse --show-toplevel [2ms]
2024-07-26 01:07:10.198 [info] fatal: not a git repository (or any of the parent directories): .git
2024-07-26 01:07:12.327 [info] > git rev-parse --show-toplevel [2ms]
2024-07-26 01:07:12.328 [info] fatal: not a git repository (or any of the parent directories): .git
2024-07-26 01:07:13.870 [info] > git rev-parse --show-toplevel [3ms]
2024-07-26 01:07:13.870 [info] fatal: not a git repository (or any of the parent directories): .git
2024-07-26 01:07:19.255 [info] > git rev-parse --show-toplevel [2ms]
2024-07-26 01:07:19.255 [info] fatal: not a git repository (or any of the parent directories): .git
2024-07-26 01:07:26.478 [info] > git rev-parse --show-toplevel [39ms]
2024-07-26 01:07:26.479 [info] fatal: not a git repository (or any of the parent directories): .git
2024-07-26 01:07:28.567 [info] > git rev-parse --show-toplevel [3ms]
2024-07-26 01:07:28.567 [info] fatal: not a git repository (or any of the parent directories): .git
2024-07-26 01:07:45.595 [info] > git rev-parse --show-toplevel [4ms]
2024-07-26 01:07:45.595 [info] fatal: not a git repository (or any of the parent directories): .git
2024-07-26 01:07:49.747 [info] > git rev-parse --show-toplevel [2ms]
2024-07-26 01:07:49.747 [info] fatal: not a git repository (or any of the parent directories): .git
2024-07-26 01:07:53.876 [info] > git rev-parse --show-toplevel [7ms]
2024-07-26 01:07:53.876 [info] fatal: not a git repository (or any of the parent directories): .git
2024-07-26 01:07:58.908 [info] > git rev-parse --show-toplevel [3ms]
2024-07-26 01:07:58.908 [info] fatal: not a git repository (or any of the parent directories): .git
2024-07-26 01:08:01.211 [info] > git rev-parse --show-toplevel [2ms]
2024-07-26 01:08:01.211 [info] fatal: not a git repository (or any of the parent directories): .git
2024-07-26 01:08:05.452 [info] > git rev-parse --show-toplevel [2ms]
2024-07-26 01:08:05.452 [info] fatal: not a git repository (or any of the parent directories): .git
2024-07-26 01:08:09.384 [info] > git rev-parse --show-toplevel [1ms]
2024-07-26 01:08:09.384 [info] fatal: not a git repository (or any of the parent directories): .git
2024-07-26 01:08:13.463 [info] > git rev-parse --show-toplevel [1ms]
2024-07-26 01:08:13.463 [info] fatal: not a git repository (or any of the parent directories): .git
2024-07-26 01:08:16.255 [info] > git rev-parse --show-toplevel [2ms]
2024-07-26 01:08:16.255 [info] fatal: not a git repository (or any of the parent directories): .git
2024-07-26 01:08:20.299 [info] > git rev-parse --show-toplevel [2ms]
2024-07-26 01:08:20.299 [info] fatal: not a git repository (or any of the parent directories): .git
2024-07-26 01:08:23.890 [info] > git rev-parse --show-toplevel [2ms]
2024-07-26 01:08:23.890 [info] fatal: not a git repository (or any of the parent directories): .git
2024-07-26 01:08:29.567 [info] > git rev-parse --show-toplevel [2ms]
2024-07-26 01:08:29.567 [info] fatal: not a git repository (or any of the parent directories): .git
2024-07-26 01:11:06.949 [info] > git rev-parse --show-toplevel [2ms]
2024-07-26 01:11:06.949 [info] fatal: not a git repository (or any of the parent directories): .git
2024-07-26 01:11:09.360 [info] > git rev-parse --show-toplevel [3ms]
2024-07-26 01:11:09.360 [info] fatal: not a git repository (or any of the parent directories): .git
2024-07-26 01:11:24.461 [info] > git rev-parse --show-toplevel [2ms]
2024-07-26 01:11:24.461 [info] fatal: not a git repository (or any of the parent directories): .git
2024-07-26 01:13:36.892 [info] > git rev-parse --show-toplevel [2ms]
2024-07-26 01:13:36.892 [info] fatal: not a git repository (or any of the parent directories): .git
2024-07-26 01:14:25.467 [info] > git rev-parse --show-toplevel [2ms]
2024-07-26 01:14:25.467 [info] fatal: not a git repository (or any of the parent directories): .git
2024-07-26 01:16:51.084 [info] > git rev-parse --show-toplevel [2ms]
2024-07-26 01:16:51.084 [info] fatal: not a git repository (or any of the parent directories): .git
2024-07-26 01:17:39.121 [info] > git rev-parse --show-toplevel [4ms]
2024-07-26 01:17:39.121 [info] fatal: not a git repository (or any of the parent directories): .git
2024-07-26 01:19:03.855 [info] > git rev-parse --show-toplevel [3ms]
2024-07-26 01:19:03.856 [info] fatal: not a git repository (or any of the parent directories): .git
2024-07-26 01:38:15.315 [info] > git rev-parse --show-toplevel [2ms]
2024-07-26 01:38:15.315 [info] fatal: not a git repository (or any of the parent directories): .git
2024-07-26 01:38:34.748 [info] > git rev-parse --show-toplevel [2ms]
2024-07-26 01:38:34.748 [info] fatal: not a git repository (or any of the parent directories): .git
2024-07-26 01:38:38.387 [info] > git rev-parse --show-toplevel [3ms]
2024-07-26 01:38:38.387 [info] fatal: not a git repository (or any of the parent directories): .git
2024-07-26 01:38:40.583 [info] > git rev-parse --show-toplevel [4ms]
2024-07-26 01:38:40.583 [info] fatal: not a git repository (or any of the parent directories): .git
2024-07-26 01:43:23.950 [info] > git rev-parse --show-toplevel [4ms]
2024-07-26 01:43:23.950 [info] fatal: not a git repository (or any of the parent directories): .git
2024-07-26 01:46:13.355 [info] > git rev-parse --show-toplevel [2ms]
2024-07-26 01:46:13.355 [info] fatal: not a git repository (or any of the parent directories): .git
2024-07-26 01:46:25.018 [info] > git rev-parse --show-toplevel [2ms]
2024-07-26 01:46:25.018 [info] fatal: not a git repository (or any of the parent directories): .git
2024-07-26 01:47:32.463 [info] > git rev-parse --show-toplevel [2ms]
2024-07-26 01:47:32.463 [info] fatal: not a git repository (or any of the parent directories): .git
2024-07-26 01:55:40.411 [info] > git rev-parse --show-toplevel [2ms]
2024-07-26 01:55:40.411 [info] fatal: not a git repository (or any of the parent directories): .git
2024-07-26 01:55:45.003 [info] > git rev-parse --show-toplevel [2ms]
2024-07-26 01:55:45.003 [info] fatal: not a git repository (or any of the parent directories): .git
2024-07-26 01:55:49.107 [info] > git rev-parse --show-toplevel [2ms]
2024-07-26 01:55:49.107 [info] fatal: not a git repository (or any of the parent directories): .git
2024-07-26 01:55:55.176 [info] > git rev-parse --show-toplevel [4ms]
2024-07-26 01:55:55.176 [info] fatal: not a git repository (or any of the parent directories): .git
2024-07-26 01:56:08.445 [info] > git rev-parse --show-toplevel [2ms]
2024-07-26 01:56:08.446 [info] fatal: not a git repository (or any of the parent directories): .git
2024-07-26 01:56:10.639 [info] > git rev-parse --show-toplevel [2ms]
2024-07-26 01:56:10.639 [info] fatal: not a git repository (or any of the parent directories): .git
2024-07-26 01:57:09.024 [info] > git rev-parse --show-toplevel [2ms]
2024-07-26 01:57:09.024 [info] fatal: not a git repository (or any of the parent directories): .git
2024-07-26 02:00:18.184 [info] > git rev-parse --show-toplevel [2ms]
2024-07-26 02:00:18.184 [info] fatal: not a git repository (or any of the parent directories): .git
2024-07-26 02:01:08.992 [info] > git rev-parse --show-toplevel [2ms]
2024-07-26 02:01:08.992 [info] fatal: not a git repository (or any of the parent directories): .git
2024-07-26 02:06:29.777 [info] > git rev-parse --show-toplevel [2ms]
2024-07-26 02:06:29.777 [info] fatal: not a git repository (or any of the parent directories): .git
2024-07-26 02:10:52.244 [info] > git rev-parse --show-toplevel [2ms]
2024-07-26 02:10:52.244 [info] fatal: not a git repository (or any of the parent directories): .git
2024-07-26 02:20:37.351 [info] > git rev-parse --show-toplevel [4ms]
2024-07-26 02:20:37.351 [info] fatal: not a git repository (or any of the parent directories): .git
2024-07-26 02:20:38.335 [info] > git rev-parse --show-toplevel [2ms]
2024-07-26 02:20:38.335 [info] fatal: not a git repository (or any of the parent directories): .git
2024-07-26 02:22:27.622 [info] > git rev-parse --show-toplevel [2ms]
2024-07-26 02:22:27.622 [info] fatal: not a git repository (or any of the parent directories): .git
2024-07-26 02:24:49.336 [info] > git rev-parse --show-toplevel [2ms]
2024-07-26 02:24:49.336 [info] fatal: not a git repository (or any of the parent directories): .git
2024-07-26 02:26:14.237 [info] > git rev-parse --show-toplevel [3ms]
2024-07-26 02:26:14.237 [info] fatal: not a git repository (or any of the parent directories): .git
2024-07-26 02:26:17.596 [info] > git rev-parse --show-toplevel [2ms]
2024-07-26 02:26:17.596 [info] fatal: not a git repository (or any of the parent directories): .git
2024-07-26 02:35:28.559 [info] > git rev-parse --show-toplevel [2ms]
2024-07-26 02:35:28.559 [info] fatal: not a git repository (or any of the parent directories): .git
2024-07-26 02:35:41.339 [info] > git rev-parse --show-toplevel [1ms]
2024-07-26 02:35:41.339 [info] fatal: not a git repository (or any of the parent directories): .git
2024-07-26 02:35:45.983 [info] > git rev-parse --show-toplevel [3ms]
2024-07-26 02:35:45.983 [info] fatal: not a git repository (or any of the parent directories): .git
2024-07-26 02:38:51.368 [info] > git rev-parse --show-toplevel [2ms]
2024-07-26 02:38:51.368 [info] fatal: not a git repository (or any of the parent directories): .git
2024-07-26 02:45:03.542 [info] > git rev-parse --show-toplevel [2ms]
2024-07-26 02:45:03.542 [info] fatal: not a git repository (or any of the parent directories): .git
2024-07-26 02:45:05.141 [info] > git rev-parse --show-toplevel [3ms]
2024-07-26 02:45:05.141 [info] fatal: not a git repository (or any of the parent directories): .git
2024-07-26 02:45:07.174 [info] > git rev-parse --show-toplevel [2ms]
2024-07-26 02:45:07.174 [info] fatal: not a git repository (or any of the parent directories): .git
2024-07-26 02:45:08.480 [info] > git rev-parse --show-toplevel [2ms]
2024-07-26 02:45:08.480 [info] fatal: not a git repository (or any of the parent directories): .git
2024-07-26 02:48:45.590 [info] > git rev-parse --show-toplevel [4ms]
2024-07-26 02:48:45.590 [info] fatal: not a git repository (or any of the parent directories): .git
2024-07-26 02:49:27.418 [info] > git rev-parse --show-toplevel [2ms]
2024-07-26 02:49:27.418 [info] fatal: not a git repository (or any of the parent directories): .git
2024-07-26 03:05:48.411 [info] > git rev-parse --show-toplevel [2ms]
2024-07-26 03:05:48.411 [info] fatal: not a git repository (or any of the parent directories): .git
2024-07-26 03:06:52.749 [info] > git rev-parse --show-toplevel [2ms]
2024-07-26 03:06:52.749 [info] fatal: not a git repository (or any of the parent directories): .git
2024-07-26 03:07:12.355 [info] > git rev-parse --show-toplevel [2ms]
2024-07-26 03:07:12.355 [info] fatal: not a git repository (or any of the parent directories): .git
2024-07-26 03:10:56.025 [info] > git rev-parse --show-toplevel [1ms]
2024-07-26 03:10:56.025 [info] fatal: not a git repository (or any of the parent directories): .git
2024-07-26 03:13:13.592 [info] > git rev-parse --show-toplevel [2ms]
2024-07-26 03:13:13.592 [info] fatal: not a git repository (or any of the parent directories): .git
2024-07-26 03:13:23.610 [info] > git rev-parse --show-toplevel [2ms]
2024-07-26 03:13:23.610 [info] fatal: not a git repository (or any of the parent directories): .git
2024-07-26 03:13:57.701 [info] > git rev-parse --show-toplevel [4ms]
2024-07-26 03:13:57.701 [info] fatal: not a git repository (or any of the parent directories): .git
2024-07-26 03:14:08.467 [info] > git rev-parse --show-toplevel [2ms]
2024-07-26 03:14:08.467 [info] fatal: not a git repository (or any of the parent directories): .git
2024-07-26 03:14:20.931 [info] > git rev-parse --show-toplevel [3ms]
2024-07-26 03:14:20.931 [info] fatal: not a git repository (or any of the parent directories): .git
2024-07-26 03:14:30.066 [info] > git rev-parse --show-toplevel [3ms]
2024-07-26 03:14:30.066 [info] fatal: not a git repository (or any of the parent directories): .git
2024-07-26 03:14:44.455 [info] > git rev-parse --show-toplevel [4ms]
2024-07-26 03:14:44.455 [info] fatal: not a git repository (or any of the parent directories): .git
2024-07-26 03:26:36.204 [info] > git rev-parse --show-toplevel [2ms]
2024-07-26 03:26:36.204 [info] fatal: not a git repository (or any of the parent directories): .git
2024-07-26 03:26:36.209 [info] > git rev-parse --show-toplevel [3ms]
2024-07-26 03:26:36.209 [info] fatal: not a git repository (or any of the parent directories): .git
2024-07-26 03:42:13.852 [info] > git rev-parse --show-toplevel [2ms]
2024-07-26 03:42:13.852 [info] fatal: not a git repository (or any of the parent directories): .git
2024-07-26 03:42:13.855 [info] > git rev-parse --show-toplevel [1ms]
2024-07-26 03:42:13.855 [info] fatal: not a git repository (or any of the parent directories): .git
2024-07-26 03:42:13.859 [info] > git rev-parse --show-toplevel [2ms]
2024-07-26 03:42:13.859 [info] fatal: not a git repository (or any of the parent directories): .git
2024-07-26 03:44:34.239 [info] > git rev-parse --show-toplevel [3ms]
2024-07-26 03:44:34.239 [info] fatal: not a git repository (or any of the parent directories): .git
2024-07-26 03:44:34.243 [info] > git rev-parse --show-toplevel [2ms]
2024-07-26 03:44:34.243 [info] fatal: not a git repository (or any of the parent directories): .git
2024-07-26 03:44:34.246 [info] > git rev-parse --show-toplevel [1ms]
2024-07-26 03:44:34.246 [info] fatal: not a git repository (or any of the parent directories): .git
2024-07-26 03:51:44.844 [info] > git rev-parse --show-toplevel [3ms]
2024-07-26 03:51:44.844 [info] fatal: not a git repository (or any of the parent directories): .git
2024-07-26 03:51:44.847 [info] > git rev-parse --show-toplevel [1ms]
2024-07-26 03:51:44.847 [info] fatal: not a git repository (or any of the parent directories): .git
2024-07-26 03:51:44.851 [info] > git rev-parse --show-toplevel [2ms]
2024-07-26 03:51:44.851 [info] fatal: not a git repository (or any of the parent directories): .git
2024-07-26 03:51:48.422 [info] > git rev-parse --show-toplevel [3ms]
2024-07-26 03:51:48.422 [info] fatal: not a git repository (or any of the parent directories): .git
2024-07-26 03:51:48.426 [info] > git rev-parse --show-toplevel [2ms]
2024-07-26 03:51:48.426 [info] fatal: not a git repository (or any of the parent directories): .git
2024-07-26 03:51:48.429 [info] > git rev-parse --show-toplevel [1ms]
2024-07-26 03:51:48.429 [info] fatal: not a git repository (or any of the parent directories): .git
2024-07-26 04:02:45.368 [info] > git rev-parse --show-toplevel [1ms]
2024-07-26 04:02:45.369 [info] fatal: not a git repository (or any of the parent directories): .git
2024-07-26 04:02:45.372 [info] > git rev-parse --show-toplevel [1ms]
2024-07-26 04:02:45.372 [info] fatal: not a git repository (or any of the parent directories): .git
2024-07-26 04:02:45.376 [info] > git rev-parse --show-toplevel [2ms]
2024-07-26 04:02:45.376 [info] fatal: not a git repository (or any of the parent directories): .git
