2024-07-26 09:08:36.635 [info] Extension host with pid 110372 started
2024-07-26 09:08:36.714 [info] Lock '/home/ec2-user/.vscode-server/data/User/workspaceStorage/2e59bcc7daae21a50b1a906392738955/vscode.lock': Lock acquired.
2024-07-26 09:08:36.825 [info] ExtensionService#_doActivateExtension vscode.emmet, startup: false, activationEvent: 'onLanguage'
2024-07-26 09:08:36.836 [info] ExtensionService#_doActivateExtension vscode.tunnel-forwarding, startup: false, activationEvent: 'onTunnel'
2024-07-26 09:08:37.064 [info] ExtensionService#_doActivateExtension vscode.git-base, startup: true, activationEvent: '*', root cause: vscode.git
2024-07-26 09:08:37.241 [info] ExtensionService#_doActivateExtension vscode.git, startup: true, activationEvent: '*'
2024-07-26 09:08:37.243 [info] ExtensionService#_doActivateExtension vscode.github, startup: true, activationEvent: '*'
2024-07-26 09:08:37.715 [info] Eager extensions activated
2024-07-26 09:08:37.715 [info] ExtensionService#_doActivateExtension vscode.debug-auto-launch, startup: false, activationEvent: 'onStartupFinished'
2024-07-26 09:08:37.716 [info] ExtensionService#_doActivateExtension vscode.merge-conflict, startup: false, activationEvent: 'onStartupFinished'
2024-07-26 09:08:37.717 [info] ExtensionService#_doActivateExtension PascalReitermann93.vscode-yaml-sort, startup: false, activationEvent: 'onStartupFinished'
2024-07-26 09:26:31.865 [info] ExtensionService#_doActivateExtension vscode.npm, startup: false, activationEvent: 'onTerminalQuickFixRequest:ms-vscode.npm-command'
2024-07-26 15:23:53.423 [warning] [Decorations] CAPPING events from decorations provider vscode.git 5151
2024-07-26 15:23:54.661 [warning] [Decorations] CAPPING events from decorations provider vscode.git 5151
2024-07-26 15:23:57.810 [warning] [Decorations] CAPPING events from decorations provider vscode.git 5151
2024-07-26 15:24:07.321 [warning] [Decorations] CAPPING events from decorations provider vscode.git 5151
2024-07-26 15:24:12.447 [warning] [Decorations] CAPPING events from decorations provider vscode.git 5151
2024-07-26 15:24:17.574 [warning] [Decorations] CAPPING events from decorations provider vscode.git 5151
2024-07-26 15:24:22.692 [warning] [Decorations] CAPPING events from decorations provider vscode.git 5151
2024-07-26 15:24:27.816 [warning] [Decorations] CAPPING events from decorations provider vscode.git 5151
2024-07-26 15:24:32.946 [warning] [Decorations] CAPPING events from decorations provider vscode.git 5151
2024-07-26 15:24:38.070 [warning] [Decorations] CAPPING events from decorations provider vscode.git 5151
2024-07-26 15:24:43.190 [warning] [Decorations] CAPPING events from decorations provider vscode.git 5151
2024-07-26 15:24:48.414 [warning] [Decorations] CAPPING events from decorations provider vscode.git 5151
2024-07-26 15:24:53.627 [warning] [Decorations] CAPPING events from decorations provider vscode.git 5151
2024-07-26 15:24:58.863 [warning] [Decorations] CAPPING events from decorations provider vscode.git 5151
