2024-07-24 18:59:55.090 [info] Log level: Info
2024-07-24 18:59:55.091 [info] Validating found git in: "git"
2024-07-24 18:59:55.091 [info] Using git "2.40.1" from "git"
2024-07-24 18:59:55.098 [info] > git rev-parse --show-toplevel [13ms]
2024-07-24 18:59:55.098 [info] fatal: not a git repository (or any of the parent directories): .git
2024-07-24 18:59:55.106 [info] > git rev-parse --show-toplevel [5ms]
2024-07-24 18:59:55.106 [info] fatal: not a git repository (or any of the parent directories): .git
2024-07-24 18:59:55.110 [info] > git rev-parse --show-toplevel [2ms]
2024-07-24 18:59:55.110 [info] fatal: not a git repository (or any of the parent directories): .git
2024-07-24 18:59:55.114 [info] > git rev-parse --show-toplevel [1ms]
2024-07-24 18:59:55.114 [info] fatal: not a git repository (or any of the parent directories): .git
2024-07-24 18:59:55.117 [info] > git rev-parse --show-toplevel [2ms]
2024-07-24 18:59:55.117 [info] fatal: not a git repository (or any of the parent directories): .git
2024-07-24 18:59:55.121 [info] > git rev-parse --show-toplevel [2ms]
2024-07-24 18:59:55.121 [info] fatal: not a git repository (or any of the parent directories): .git
2024-07-24 18:59:55.125 [info] > git rev-parse --show-toplevel [2ms]
2024-07-24 18:59:55.125 [info] fatal: not a git repository (or any of the parent directories): .git
2024-07-24 18:59:55.128 [info] > git rev-parse --show-toplevel [1ms]
2024-07-24 18:59:55.128 [info] fatal: not a git repository (or any of the parent directories): .git
2024-07-24 18:59:55.132 [info] > git rev-parse --show-toplevel [2ms]
2024-07-24 18:59:55.132 [info] fatal: not a git repository (or any of the parent directories): .git
2024-07-24 18:59:55.136 [info] > git rev-parse --show-toplevel [2ms]
2024-07-24 18:59:55.136 [info] fatal: not a git repository (or any of the parent directories): .git
