2024-07-29 23:40:08.353 [info] Extension host with pid 311941 started
2024-07-29 23:40:08.372 [info] Lock '/home/ec2-user/.vscode-server/data/User/workspaceStorage/2e59bcc7daae21a50b1a906392738955/vscode.lock': Lock acquired.
2024-07-29 23:40:08.577 [info] ExtensionService#_doActivateExtension vscode.emmet, startup: false, activationEvent: 'onLanguage'
2024-07-29 23:40:08.850 [info] ExtensionService#_doActivateExtension vscode.git-base, startup: true, activationEvent: '*', root cause: vscode.git
2024-07-29 23:40:08.968 [info] ExtensionService#_doActivateExtension vscode.git, startup: true, activationEvent: '*'
2024-07-29 23:40:08.969 [info] ExtensionService#_doActivateExtension vscode.github, startup: true, activationEvent: '*'
2024-07-29 23:40:09.876 [info] Eager extensions activated
2024-07-29 23:40:09.879 [info] ExtensionService#_doActivateExtension vscode.debug-auto-launch, startup: false, activationEvent: 'onStartupFinished'
2024-07-29 23:40:09.880 [info] ExtensionService#_doActivateExtension vscode.merge-conflict, startup: false, activationEvent: 'onStartupFinished'
2024-07-29 23:40:09.880 [info] ExtensionService#_doActivateExtension PascalReitermann93.vscode-yaml-sort, startup: false, activationEvent: 'onStartupFinished'
2024-07-29 23:40:10.649 [warning] [Decorations] CAPPING events from decorations provider vscode.git 407
2024-07-29 23:40:10.956 [info] ExtensionService#_doActivateExtension vscode.tunnel-forwarding, startup: false, activationEvent: 'onTunnel'
2024-07-29 23:40:11.116 [warning] [Decorations] CAPPING events from decorations provider vscode.git 407
2024-07-29 23:40:14.730 [warning] [Decorations] CAPPING events from decorations provider vscode.git 407
2024-07-29 23:40:19.833 [warning] [Decorations] CAPPING events from decorations provider vscode.git 407
2024-07-29 23:40:24.916 [warning] [Decorations] CAPPING events from decorations provider vscode.git 407
2024-07-29 23:40:30.001 [warning] [Decorations] CAPPING events from decorations provider vscode.git 407
2024-07-29 23:40:35.075 [warning] [Decorations] CAPPING events from decorations provider vscode.git 407
2024-07-29 23:40:40.164 [warning] [Decorations] CAPPING events from decorations provider vscode.git 407
2024-07-29 23:40:45.248 [warning] [Decorations] CAPPING events from decorations provider vscode.git 407
2024-07-29 23:40:50.345 [warning] [Decorations] CAPPING events from decorations provider vscode.git 407
2024-07-29 23:40:55.427 [warning] [Decorations] CAPPING events from decorations provider vscode.git 407
2024-07-29 23:41:00.501 [warning] [Decorations] CAPPING events from decorations provider vscode.git 407
2024-07-29 23:41:05.574 [warning] [Decorations] CAPPING events from decorations provider vscode.git 407
2024-07-29 23:41:10.645 [warning] [Decorations] CAPPING events from decorations provider vscode.git 407
2024-07-29 23:41:15.719 [warning] [Decorations] CAPPING events from decorations provider vscode.git 407
2024-07-29 23:41:20.792 [warning] [Decorations] CAPPING events from decorations provider vscode.git 407
2024-07-29 23:41:25.870 [warning] [Decorations] CAPPING events from decorations provider vscode.git 407
2024-07-29 23:41:30.944 [warning] [Decorations] CAPPING events from decorations provider vscode.git 407
2024-07-29 23:41:36.016 [warning] [Decorations] CAPPING events from decorations provider vscode.git 407
2024-07-29 23:41:41.084 [warning] [Decorations] CAPPING events from decorations provider vscode.git 407
2024-07-29 23:41:46.166 [warning] [Decorations] CAPPING events from decorations provider vscode.git 407
2024-07-29 23:41:51.238 [warning] [Decorations] CAPPING events from decorations provider vscode.git 407
2024-07-29 23:41:56.313 [warning] [Decorations] CAPPING events from decorations provider vscode.git 407
2024-07-29 23:42:01.386 [warning] [Decorations] CAPPING events from decorations provider vscode.git 407
2024-07-29 23:42:59.793 [warning] [Decorations] CAPPING events from decorations provider vscode.git 407
2024-07-29 23:43:04.878 [warning] [Decorations] CAPPING events from decorations provider vscode.git 407
2024-07-29 23:43:09.951 [warning] [Decorations] CAPPING events from decorations provider vscode.git 407
2024-07-29 23:43:15.023 [warning] [Decorations] CAPPING events from decorations provider vscode.git 407
2024-07-29 23:43:20.105 [warning] [Decorations] CAPPING events from decorations provider vscode.git 407
2024-07-29 23:43:25.181 [warning] [Decorations] CAPPING events from decorations provider vscode.git 407
2024-07-29 23:43:42.619 [warning] [Decorations] CAPPING events from decorations provider vscode.git 407
2024-07-29 23:43:47.695 [warning] [Decorations] CAPPING events from decorations provider vscode.git 407
2024-07-29 23:43:52.832 [warning] [Decorations] CAPPING events from decorations provider vscode.git 407
2024-07-29 23:43:58.276 [warning] [Decorations] CAPPING events from decorations provider vscode.git 407
2024-07-29 23:44:04.002 [warning] [Decorations] CAPPING events from decorations provider vscode.git 407
2024-07-29 23:44:09.294 [warning] [Decorations] CAPPING events from decorations provider vscode.git 407
2024-07-29 23:44:14.363 [warning] [Decorations] CAPPING events from decorations provider vscode.git 407
2024-07-29 23:44:19.473 [warning] [Decorations] CAPPING events from decorations provider vscode.git 407
2024-07-29 23:44:24.586 [warning] [Decorations] CAPPING events from decorations provider vscode.git 407
2024-07-29 23:44:29.664 [warning] [Decorations] CAPPING events from decorations provider vscode.git 407
2024-07-29 23:44:34.832 [warning] [Decorations] CAPPING events from decorations provider vscode.git 407
2024-07-29 23:44:39.938 [warning] [Decorations] CAPPING events from decorations provider vscode.git 407
2024-07-29 23:44:45.010 [warning] [Decorations] CAPPING events from decorations provider vscode.git 407
2024-07-29 23:44:50.079 [warning] [Decorations] CAPPING events from decorations provider vscode.git 407
2024-07-29 23:45:14.489 [warning] [Decorations] CAPPING events from decorations provider vscode.git 407
2024-07-29 23:45:16.147 [info] ExtensionService#_doActivateExtension vscode.npm, startup: false, activationEvent: 'onTerminalQuickFixRequest:ms-vscode.npm-command'
2024-07-29 23:45:19.562 [warning] [Decorations] CAPPING events from decorations provider vscode.git 407
2024-07-29 23:45:25.124 [warning] [Decorations] CAPPING events from decorations provider vscode.git 407
2024-07-29 23:45:30.200 [warning] [Decorations] CAPPING events from decorations provider vscode.git 407
2024-07-29 23:45:36.849 [warning] [Decorations] CAPPING events from decorations provider vscode.git 407
2024-07-29 23:45:41.934 [warning] [Decorations] CAPPING events from decorations provider vscode.git 407
2024-07-29 23:45:47.005 [warning] [Decorations] CAPPING events from decorations provider vscode.git 407
2024-07-29 23:45:52.072 [warning] [Decorations] CAPPING events from decorations provider vscode.git 407
2024-07-29 23:45:57.140 [warning] [Decorations] CAPPING events from decorations provider vscode.git 407
2024-07-29 23:46:02.209 [warning] [Decorations] CAPPING events from decorations provider vscode.git 407
2024-07-29 23:47:18.933 [warning] [Decorations] CAPPING events from decorations provider vscode.git 407
2024-07-29 23:47:30.814 [warning] [Decorations] CAPPING events from decorations provider vscode.git 407
2024-07-29 23:47:35.887 [warning] [Decorations] CAPPING events from decorations provider vscode.git 407
2024-07-29 23:47:40.958 [warning] [Decorations] CAPPING events from decorations provider vscode.git 408
2024-07-29 23:47:46.034 [warning] [Decorations] CAPPING events from decorations provider vscode.git 408
2024-07-29 23:47:51.106 [warning] [Decorations] CAPPING events from decorations provider vscode.git 408
2024-07-29 23:47:56.177 [warning] [Decorations] CAPPING events from decorations provider vscode.git 408
2024-07-29 23:48:03.541 [warning] [Decorations] CAPPING events from decorations provider vscode.git 408
2024-07-29 23:48:08.610 [warning] [Decorations] CAPPING events from decorations provider vscode.git 408
2024-07-29 23:48:13.682 [warning] [Decorations] CAPPING events from decorations provider vscode.git 408
2024-07-29 23:48:18.754 [warning] [Decorations] CAPPING events from decorations provider vscode.git 408
2024-07-29 23:48:23.821 [warning] [Decorations] CAPPING events from decorations provider vscode.git 408
2024-07-29 23:48:28.898 [warning] [Decorations] CAPPING events from decorations provider vscode.git 408
2024-07-29 23:48:33.967 [warning] [Decorations] CAPPING events from decorations provider vscode.git 408
2024-07-29 23:48:39.049 [warning] [Decorations] CAPPING events from decorations provider vscode.git 408
2024-07-29 23:48:44.118 [warning] [Decorations] CAPPING events from decorations provider vscode.git 408
2024-07-29 23:48:49.195 [warning] [Decorations] CAPPING events from decorations provider vscode.git 408
2024-07-29 23:48:54.263 [warning] [Decorations] CAPPING events from decorations provider vscode.git 408
2024-07-29 23:48:59.341 [warning] [Decorations] CAPPING events from decorations provider vscode.git 408
2024-07-29 23:49:04.413 [warning] [Decorations] CAPPING events from decorations provider vscode.git 408
2024-07-29 23:49:09.489 [warning] [Decorations] CAPPING events from decorations provider vscode.git 408
2024-07-29 23:49:14.560 [warning] [Decorations] CAPPING events from decorations provider vscode.git 408
2024-07-29 23:49:20.162 [warning] [Decorations] CAPPING events from decorations provider vscode.git 408
2024-07-29 23:49:25.233 [warning] [Decorations] CAPPING events from decorations provider vscode.git 408
2024-07-29 23:49:30.308 [warning] [Decorations] CAPPING events from decorations provider vscode.git 408
2024-07-29 23:49:35.376 [warning] [Decorations] CAPPING events from decorations provider vscode.git 408
2024-07-29 23:49:40.450 [warning] [Decorations] CAPPING events from decorations provider vscode.git 408
2024-07-29 23:49:45.519 [warning] [Decorations] CAPPING events from decorations provider vscode.git 408
2024-07-29 23:49:50.588 [warning] [Decorations] CAPPING events from decorations provider vscode.git 408
2024-07-29 23:49:55.663 [warning] [Decorations] CAPPING events from decorations provider vscode.git 408
2024-07-29 23:50:00.741 [warning] [Decorations] CAPPING events from decorations provider vscode.git 408
2024-07-29 23:50:05.823 [warning] [Decorations] CAPPING events from decorations provider vscode.git 408
2024-07-29 23:50:10.894 [warning] [Decorations] CAPPING events from decorations provider vscode.git 408
2024-07-29 23:50:15.966 [warning] [Decorations] CAPPING events from decorations provider vscode.git 408
2024-07-29 23:50:21.039 [warning] [Decorations] CAPPING events from decorations provider vscode.git 408
2024-07-29 23:50:26.117 [warning] [Decorations] CAPPING events from decorations provider vscode.git 408
2024-07-29 23:50:31.188 [warning] [Decorations] CAPPING events from decorations provider vscode.git 408
2024-07-29 23:50:36.343 [warning] [Decorations] CAPPING events from decorations provider vscode.git 408
2024-07-29 23:50:41.418 [warning] [Decorations] CAPPING events from decorations provider vscode.git 408
2024-07-29 23:50:46.490 [warning] [Decorations] CAPPING events from decorations provider vscode.git 408
2024-07-29 23:50:51.558 [warning] [Decorations] CAPPING events from decorations provider vscode.git 408
2024-07-29 23:50:56.633 [warning] [Decorations] CAPPING events from decorations provider vscode.git 408
2024-07-29 23:51:01.705 [warning] [Decorations] CAPPING events from decorations provider vscode.git 408
2024-07-29 23:51:06.776 [warning] [Decorations] CAPPING events from decorations provider vscode.git 408
2024-07-29 23:51:11.845 [warning] [Decorations] CAPPING events from decorations provider vscode.git 408
2024-07-29 23:51:18.233 [warning] [Decorations] CAPPING events from decorations provider vscode.git 408
2024-07-29 23:51:23.302 [warning] [Decorations] CAPPING events from decorations provider vscode.git 408
2024-07-29 23:51:28.376 [warning] [Decorations] CAPPING events from decorations provider vscode.git 408
2024-07-29 23:51:33.459 [warning] [Decorations] CAPPING events from decorations provider vscode.git 408
2024-07-29 23:51:38.529 [warning] [Decorations] CAPPING events from decorations provider vscode.git 408
2024-07-29 23:51:43.608 [warning] [Decorations] CAPPING events from decorations provider vscode.git 408
2024-07-29 23:51:48.679 [warning] [Decorations] CAPPING events from decorations provider vscode.git 408
2024-07-29 23:51:53.747 [warning] [Decorations] CAPPING events from decorations provider vscode.git 408
2024-07-29 23:51:58.815 [warning] [Decorations] CAPPING events from decorations provider vscode.git 408
2024-07-29 23:52:03.898 [warning] [Decorations] CAPPING events from decorations provider vscode.git 408
2024-07-29 23:52:08.969 [warning] [Decorations] CAPPING events from decorations provider vscode.git 408
2024-07-29 23:52:14.038 [warning] [Decorations] CAPPING events from decorations provider vscode.git 408
2024-07-29 23:52:19.109 [warning] [Decorations] CAPPING events from decorations provider vscode.git 408
2024-07-29 23:52:24.180 [warning] [Decorations] CAPPING events from decorations provider vscode.git 408
2024-07-29 23:52:29.250 [warning] [Decorations] CAPPING events from decorations provider vscode.git 408
2024-07-29 23:52:34.319 [warning] [Decorations] CAPPING events from decorations provider vscode.git 408
2024-07-29 23:52:39.387 [warning] [Decorations] CAPPING events from decorations provider vscode.git 408
2024-07-29 23:52:44.458 [warning] [Decorations] CAPPING events from decorations provider vscode.git 408
2024-07-29 23:52:49.530 [warning] [Decorations] CAPPING events from decorations provider vscode.git 408
2024-07-29 23:52:54.598 [warning] [Decorations] CAPPING events from decorations provider vscode.git 408
2024-07-29 23:52:59.670 [warning] [Decorations] CAPPING events from decorations provider vscode.git 408
2024-07-29 23:53:04.743 [warning] [Decorations] CAPPING events from decorations provider vscode.git 408
2024-07-29 23:53:09.815 [warning] [Decorations] CAPPING events from decorations provider vscode.git 408
2024-07-29 23:53:14.884 [warning] [Decorations] CAPPING events from decorations provider vscode.git 408
2024-07-29 23:53:19.952 [warning] [Decorations] CAPPING events from decorations provider vscode.git 408
2024-07-29 23:53:25.020 [warning] [Decorations] CAPPING events from decorations provider vscode.git 408
2024-07-29 23:53:30.089 [warning] [Decorations] CAPPING events from decorations provider vscode.git 408
2024-07-29 23:53:35.162 [warning] [Decorations] CAPPING events from decorations provider vscode.git 408
2024-07-29 23:53:40.232 [warning] [Decorations] CAPPING events from decorations provider vscode.git 408
2024-07-29 23:53:45.303 [warning] [Decorations] CAPPING events from decorations provider vscode.git 408
2024-07-29 23:53:50.375 [warning] [Decorations] CAPPING events from decorations provider vscode.git 408
2024-07-29 23:53:55.444 [warning] [Decorations] CAPPING events from decorations provider vscode.git 408
2024-07-29 23:54:00.533 [warning] [Decorations] CAPPING events from decorations provider vscode.git 408
2024-07-29 23:54:05.605 [warning] [Decorations] CAPPING events from decorations provider vscode.git 408
2024-07-29 23:54:10.677 [warning] [Decorations] CAPPING events from decorations provider vscode.git 408
2024-07-29 23:54:16.356 [warning] [Decorations] CAPPING events from decorations provider vscode.git 408
2024-07-29 23:54:21.424 [warning] [Decorations] CAPPING events from decorations provider vscode.git 408
2024-07-29 23:54:26.493 [warning] [Decorations] CAPPING events from decorations provider vscode.git 408
2024-07-29 23:54:31.567 [warning] [Decorations] CAPPING events from decorations provider vscode.git 408
2024-07-29 23:54:36.635 [warning] [Decorations] CAPPING events from decorations provider vscode.git 408
2024-07-29 23:54:41.708 [warning] [Decorations] CAPPING events from decorations provider vscode.git 408
2024-07-29 23:54:46.786 [warning] [Decorations] CAPPING events from decorations provider vscode.git 408
2024-07-29 23:54:51.856 [warning] [Decorations] CAPPING events from decorations provider vscode.git 408
2024-07-29 23:54:56.930 [warning] [Decorations] CAPPING events from decorations provider vscode.git 408
2024-07-29 23:55:02.003 [warning] [Decorations] CAPPING events from decorations provider vscode.git 408
2024-07-29 23:55:07.074 [warning] [Decorations] CAPPING events from decorations provider vscode.git 408
2024-07-29 23:55:12.142 [warning] [Decorations] CAPPING events from decorations provider vscode.git 408
2024-07-29 23:55:17.224 [warning] [Decorations] CAPPING events from decorations provider vscode.git 408
2024-07-29 23:55:22.297 [warning] [Decorations] CAPPING events from decorations provider vscode.git 408
2024-07-29 23:55:27.390 [warning] [Decorations] CAPPING events from decorations provider vscode.git 408
2024-07-29 23:55:32.458 [warning] [Decorations] CAPPING events from decorations provider vscode.git 408
2024-07-29 23:55:37.535 [warning] [Decorations] CAPPING events from decorations provider vscode.git 408
2024-07-29 23:55:42.608 [warning] [Decorations] CAPPING events from decorations provider vscode.git 408
2024-07-29 23:55:47.678 [warning] [Decorations] CAPPING events from decorations provider vscode.git 408
2024-07-29 23:55:52.797 [warning] [Decorations] CAPPING events from decorations provider vscode.git 408
2024-07-29 23:55:57.865 [warning] [Decorations] CAPPING events from decorations provider vscode.git 408
2024-07-29 23:56:02.934 [warning] [Decorations] CAPPING events from decorations provider vscode.git 408
2024-07-29 23:56:08.009 [warning] [Decorations] CAPPING events from decorations provider vscode.git 408
2024-07-29 23:56:13.082 [warning] [Decorations] CAPPING events from decorations provider vscode.git 408
2024-07-29 23:56:18.150 [warning] [Decorations] CAPPING events from decorations provider vscode.git 408
2024-07-29 23:56:23.223 [warning] [Decorations] CAPPING events from decorations provider vscode.git 408
2024-07-29 23:56:28.293 [warning] [Decorations] CAPPING events from decorations provider vscode.git 408
2024-07-29 23:56:33.365 [warning] [Decorations] CAPPING events from decorations provider vscode.git 408
2024-07-29 23:56:38.446 [warning] [Decorations] CAPPING events from decorations provider vscode.git 408
2024-07-29 23:56:43.519 [warning] [Decorations] CAPPING events from decorations provider vscode.git 408
2024-07-29 23:56:48.600 [warning] [Decorations] CAPPING events from decorations provider vscode.git 408
2024-07-29 23:56:53.673 [warning] [Decorations] CAPPING events from decorations provider vscode.git 408
2024-07-29 23:56:58.735 [warning] [Decorations] CAPPING events from decorations provider vscode.git 408
