2024-07-28 20:03:12.318 [info] Extension host with pid 249070 started
2024-07-28 20:03:12.391 [info] Lock '/home/ec2-user/.vscode-server/data/User/workspaceStorage/2e59bcc7daae21a50b1a906392738955/vscode.lock': Lock acquired.
2024-07-28 20:03:12.538 [info] ExtensionService#_doActivateExtension vscode.emmet, startup: false, activationEvent: 'onLanguage'
2024-07-28 20:03:12.959 [info] ExtensionService#_doActivateExtension vscode.git-base, startup: true, activationEvent: '*', root cause: vscode.git
2024-07-28 20:03:13.594 [info] ExtensionService#_doActivateExtension vscode.git, startup: true, activationEvent: '*'
2024-07-28 20:03:13.596 [info] ExtensionService#_doActivateExtension vscode.github, startup: true, activationEvent: '*'
2024-07-28 20:03:14.022 [info] ExtensionService#_doActivateExtension vscode.tunnel-forwarding, startup: false, activationEvent: 'onTunnel'
2024-07-28 20:03:14.267 [info] Eager extensions activated
2024-07-28 20:03:14.268 [info] ExtensionService#_doActivateExtension vscode.debug-auto-launch, startup: false, activationEvent: 'onStartupFinished'
2024-07-28 20:03:14.268 [info] ExtensionService#_doActivateExtension vscode.merge-conflict, startup: false, activationEvent: 'onStartupFinished'
2024-07-28 20:03:14.269 [info] ExtensionService#_doActivateExtension PascalReitermann93.vscode-yaml-sort, startup: false, activationEvent: 'onStartupFinished'
2024-07-28 20:03:14.851 [warning] [Decorations] CAPPING events from decorations provider vscode.git 270
2024-07-28 20:03:15.177 [warning] [Decorations] CAPPING events from decorations provider vscode.git 270
2024-07-28 20:03:18.307 [warning] [Decorations] CAPPING events from decorations provider vscode.git 296
2024-07-28 20:03:23.382 [warning] [Decorations] CAPPING events from decorations provider vscode.git 296
2024-07-28 20:03:28.464 [warning] [Decorations] CAPPING events from decorations provider vscode.git 296
2024-07-28 20:03:33.535 [warning] [Decorations] CAPPING events from decorations provider vscode.git 296
2024-07-28 20:04:17.215 [warning] [Decorations] CAPPING events from decorations provider vscode.git 296
2024-07-28 20:07:44.402 [warning] [Decorations] CAPPING events from decorations provider vscode.git 296
2024-07-28 20:07:49.479 [warning] [Decorations] CAPPING events from decorations provider vscode.git 296
2024-07-28 20:07:54.552 [warning] [Decorations] CAPPING events from decorations provider vscode.git 296
2024-07-28 20:07:59.635 [warning] [Decorations] CAPPING events from decorations provider vscode.git 296
2024-07-28 20:08:04.718 [warning] [Decorations] CAPPING events from decorations provider vscode.git 296
2024-07-28 20:08:09.789 [warning] [Decorations] CAPPING events from decorations provider vscode.git 296
2024-07-28 20:08:14.863 [warning] [Decorations] CAPPING events from decorations provider vscode.git 296
2024-07-28 20:10:33.242 [warning] [Decorations] CAPPING events from decorations provider vscode.git 296
2024-07-28 20:10:38.322 [warning] [Decorations] CAPPING events from decorations provider vscode.git 296
2024-07-28 20:11:39.785 [warning] [Decorations] CAPPING events from decorations provider vscode.git 296
2024-07-28 20:11:44.857 [warning] [Decorations] CAPPING events from decorations provider vscode.git 296
2024-07-28 20:11:49.928 [warning] [Decorations] CAPPING events from decorations provider vscode.git 296
2024-07-28 20:11:55.002 [warning] [Decorations] CAPPING events from decorations provider vscode.git 296
2024-07-28 20:12:00.072 [warning] [Decorations] CAPPING events from decorations provider vscode.git 296
2024-07-28 20:12:05.151 [warning] [Decorations] CAPPING events from decorations provider vscode.git 299
2024-07-28 20:12:10.220 [warning] [Decorations] CAPPING events from decorations provider vscode.git 299
2024-07-28 20:12:15.295 [warning] [Decorations] CAPPING events from decorations provider vscode.git 299
2024-07-28 20:12:37.161 [warning] [Decorations] CAPPING events from decorations provider vscode.git 299
2024-07-28 20:12:42.231 [warning] [Decorations] CAPPING events from decorations provider vscode.git 299
2024-07-28 20:12:47.303 [warning] [Decorations] CAPPING events from decorations provider vscode.git 299
2024-07-28 20:12:52.377 [warning] [Decorations] CAPPING events from decorations provider vscode.git 299
2024-07-28 20:12:57.448 [warning] [Decorations] CAPPING events from decorations provider vscode.git 299
2024-07-28 20:13:02.519 [warning] [Decorations] CAPPING events from decorations provider vscode.git 299
2024-07-28 20:13:07.588 [warning] [Decorations] CAPPING events from decorations provider vscode.git 299
2024-07-28 20:13:12.655 [warning] [Decorations] CAPPING events from decorations provider vscode.git 299
2024-07-28 20:13:19.137 [warning] [Decorations] CAPPING events from decorations provider vscode.git 300
2024-07-28 20:13:24.207 [warning] [Decorations] CAPPING events from decorations provider vscode.git 301
2024-07-28 20:13:29.270 [warning] [Decorations] CAPPING events from decorations provider vscode.git 302
2024-07-28 20:13:34.340 [warning] [Decorations] CAPPING events from decorations provider vscode.git 303
2024-07-28 20:13:39.410 [warning] [Decorations] CAPPING events from decorations provider vscode.git 303
2024-07-28 20:13:44.556 [warning] [Decorations] CAPPING events from decorations provider vscode.git 303
2024-07-28 20:13:49.628 [warning] [Decorations] CAPPING events from decorations provider vscode.git 303
2024-07-28 20:13:54.697 [warning] [Decorations] CAPPING events from decorations provider vscode.git 303
2024-07-28 20:13:59.765 [warning] [Decorations] CAPPING events from decorations provider vscode.git 304
2024-07-28 20:14:04.835 [warning] [Decorations] CAPPING events from decorations provider vscode.git 305
2024-07-28 20:14:09.910 [warning] [Decorations] CAPPING events from decorations provider vscode.git 305
2024-07-28 20:14:14.987 [warning] [Decorations] CAPPING events from decorations provider vscode.git 305
2024-07-28 20:14:20.054 [warning] [Decorations] CAPPING events from decorations provider vscode.git 305
2024-07-28 20:14:25.123 [warning] [Decorations] CAPPING events from decorations provider vscode.git 305
2024-07-28 20:14:30.195 [warning] [Decorations] CAPPING events from decorations provider vscode.git 305
2024-07-28 20:14:35.275 [warning] [Decorations] CAPPING events from decorations provider vscode.git 305
2024-07-28 20:14:40.342 [warning] [Decorations] CAPPING events from decorations provider vscode.git 305
2024-07-28 20:14:45.413 [warning] [Decorations] CAPPING events from decorations provider vscode.git 305
2024-07-28 20:14:50.486 [warning] [Decorations] CAPPING events from decorations provider vscode.git 305
2024-07-28 20:14:55.558 [warning] [Decorations] CAPPING events from decorations provider vscode.git 305
2024-07-28 20:15:00.627 [warning] [Decorations] CAPPING events from decorations provider vscode.git 305
2024-07-28 20:15:05.697 [warning] [Decorations] CAPPING events from decorations provider vscode.git 305
2024-07-28 20:15:10.773 [warning] [Decorations] CAPPING events from decorations provider vscode.git 305
2024-07-28 20:15:15.839 [warning] [Decorations] CAPPING events from decorations provider vscode.git 305
2024-07-28 20:15:20.917 [warning] [Decorations] CAPPING events from decorations provider vscode.git 305
2024-07-28 20:15:25.998 [warning] [Decorations] CAPPING events from decorations provider vscode.git 305
2024-07-28 20:15:31.067 [warning] [Decorations] CAPPING events from decorations provider vscode.git 305
2024-07-28 20:15:36.139 [warning] [Decorations] CAPPING events from decorations provider vscode.git 305
2024-07-28 20:15:41.209 [warning] [Decorations] CAPPING events from decorations provider vscode.git 305
2024-07-28 20:15:46.280 [warning] [Decorations] CAPPING events from decorations provider vscode.git 305
2024-07-28 20:15:51.351 [warning] [Decorations] CAPPING events from decorations provider vscode.git 305
2024-07-28 20:15:56.422 [warning] [Decorations] CAPPING events from decorations provider vscode.git 305
2024-07-28 20:16:01.501 [warning] [Decorations] CAPPING events from decorations provider vscode.git 305
2024-07-28 20:16:06.570 [warning] [Decorations] CAPPING events from decorations provider vscode.git 305
2024-07-28 20:16:11.639 [warning] [Decorations] CAPPING events from decorations provider vscode.git 305
2024-07-28 20:16:16.707 [warning] [Decorations] CAPPING events from decorations provider vscode.git 305
2024-07-28 20:16:22.187 [warning] [Decorations] CAPPING events from decorations provider vscode.git 305
2024-07-28 20:16:27.255 [warning] [Decorations] CAPPING events from decorations provider vscode.git 305
2024-07-28 20:16:32.382 [warning] [Decorations] CAPPING events from decorations provider vscode.git 305
2024-07-28 20:16:37.453 [warning] [Decorations] CAPPING events from decorations provider vscode.git 305
2024-07-28 20:16:42.525 [warning] [Decorations] CAPPING events from decorations provider vscode.git 305
2024-07-28 20:16:47.600 [warning] [Decorations] CAPPING events from decorations provider vscode.git 305
2024-07-28 20:16:52.669 [warning] [Decorations] CAPPING events from decorations provider vscode.git 305
2024-07-28 20:16:57.739 [warning] [Decorations] CAPPING events from decorations provider vscode.git 305
2024-07-28 20:17:02.811 [warning] [Decorations] CAPPING events from decorations provider vscode.git 305
2024-07-28 20:17:07.879 [warning] [Decorations] CAPPING events from decorations provider vscode.git 305
2024-07-28 20:17:12.953 [warning] [Decorations] CAPPING events from decorations provider vscode.git 305
2024-07-28 20:17:18.020 [warning] [Decorations] CAPPING events from decorations provider vscode.git 305
2024-07-28 20:17:23.096 [warning] [Decorations] CAPPING events from decorations provider vscode.git 305
2024-07-28 20:17:28.167 [warning] [Decorations] CAPPING events from decorations provider vscode.git 305
2024-07-28 20:17:33.238 [warning] [Decorations] CAPPING events from decorations provider vscode.git 305
2024-07-28 20:17:38.308 [warning] [Decorations] CAPPING events from decorations provider vscode.git 305
2024-07-28 20:17:43.392 [warning] [Decorations] CAPPING events from decorations provider vscode.git 305
2024-07-28 20:17:44.873 [info] ExtensionService#_doActivateExtension vscode.npm, startup: false, activationEvent: 'onTerminalQuickFixRequest:ms-vscode.npm-command'
2024-07-28 20:17:48.463 [warning] [Decorations] CAPPING events from decorations provider vscode.git 305
2024-07-28 20:17:53.536 [warning] [Decorations] CAPPING events from decorations provider vscode.git 305
2024-07-28 20:17:58.608 [warning] [Decorations] CAPPING events from decorations provider vscode.git 305
2024-07-28 20:18:03.696 [warning] [Decorations] CAPPING events from decorations provider vscode.git 305
2024-07-28 20:18:08.762 [warning] [Decorations] CAPPING events from decorations provider vscode.git 305
2024-07-28 20:18:13.841 [warning] [Decorations] CAPPING events from decorations provider vscode.git 305
2024-07-28 20:18:18.907 [warning] [Decorations] CAPPING events from decorations provider vscode.git 305
2024-07-28 20:19:33.794 [warning] [Decorations] CAPPING events from decorations provider vscode.git 305
2024-07-28 20:19:38.869 [warning] [Decorations] CAPPING events from decorations provider vscode.git 305
2024-07-28 20:20:18.534 [warning] [Decorations] CAPPING events from decorations provider vscode.git 305
2024-07-28 20:20:23.603 [warning] [Decorations] CAPPING events from decorations provider vscode.git 305
2024-07-28 20:21:01.274 [warning] [Decorations] CAPPING events from decorations provider vscode.git 305
2024-07-28 20:21:06.345 [warning] [Decorations] CAPPING events from decorations provider vscode.git 305
2024-07-28 20:21:11.414 [warning] [Decorations] CAPPING events from decorations provider vscode.git 305
2024-07-28 20:21:32.063 [warning] [Decorations] CAPPING events from decorations provider vscode.git 305
2024-07-28 20:22:12.080 [warning] [Decorations] CAPPING events from decorations provider vscode.git 305
2024-07-28 20:22:17.148 [warning] [Decorations] CAPPING events from decorations provider vscode.git 305
2024-07-28 20:22:22.219 [warning] [Decorations] CAPPING events from decorations provider vscode.git 305
2024-07-28 20:22:27.291 [warning] [Decorations] CAPPING events from decorations provider vscode.git 305
2024-07-28 20:22:32.366 [warning] [Decorations] CAPPING events from decorations provider vscode.git 305
2024-07-28 20:22:37.438 [warning] [Decorations] CAPPING events from decorations provider vscode.git 305
2024-07-28 20:22:42.509 [warning] [Decorations] CAPPING events from decorations provider vscode.git 305
2024-07-28 20:22:47.574 [warning] [Decorations] CAPPING events from decorations provider vscode.git 305
2024-07-28 20:23:23.564 [warning] [Decorations] CAPPING events from decorations provider vscode.git 305
2024-07-28 20:23:28.638 [warning] [Decorations] CAPPING events from decorations provider vscode.git 305
2024-07-28 20:23:33.705 [warning] [Decorations] CAPPING events from decorations provider vscode.git 305
2024-07-28 20:24:39.259 [warning] [Decorations] CAPPING events from decorations provider vscode.git 305
2024-07-28 20:24:44.327 [warning] [Decorations] CAPPING events from decorations provider vscode.git 305
2024-07-28 20:24:49.395 [warning] [Decorations] CAPPING events from decorations provider vscode.git 305
2024-07-28 20:24:54.472 [warning] [Decorations] CAPPING events from decorations provider vscode.git 305
2024-07-28 20:24:59.541 [warning] [Decorations] CAPPING events from decorations provider vscode.git 305
2024-07-28 20:25:04.613 [warning] [Decorations] CAPPING events from decorations provider vscode.git 305
2024-07-28 20:28:06.415 [warning] [Decorations] CAPPING events from decorations provider vscode.git 305
2024-07-28 20:28:11.486 [warning] [Decorations] CAPPING events from decorations provider vscode.git 305
2024-07-28 20:28:16.554 [warning] [Decorations] CAPPING events from decorations provider vscode.git 305
2024-07-28 20:28:21.626 [warning] [Decorations] CAPPING events from decorations provider vscode.git 305
2024-07-28 20:28:26.692 [warning] [Decorations] CAPPING events from decorations provider vscode.git 305
2024-07-28 20:28:31.759 [warning] [Decorations] CAPPING events from decorations provider vscode.git 305
2024-07-28 20:28:36.828 [warning] [Decorations] CAPPING events from decorations provider vscode.git 305
2024-07-28 20:28:41.908 [warning] [Decorations] CAPPING events from decorations provider vscode.git 305
2024-07-28 20:28:46.974 [warning] [Decorations] CAPPING events from decorations provider vscode.git 306
2024-07-28 20:28:54.528 [warning] [Decorations] CAPPING events from decorations provider vscode.git 307
2024-07-28 20:28:59.599 [warning] [Decorations] CAPPING events from decorations provider vscode.git 307
2024-07-28 20:29:04.669 [warning] [Decorations] CAPPING events from decorations provider vscode.git 308
2024-07-28 20:29:11.526 [warning] [Decorations] CAPPING events from decorations provider vscode.git 309
2024-07-28 20:29:16.596 [warning] [Decorations] CAPPING events from decorations provider vscode.git 310
2024-07-28 20:29:21.665 [warning] [Decorations] CAPPING events from decorations provider vscode.git 311
2024-07-28 20:29:26.746 [warning] [Decorations] CAPPING events from decorations provider vscode.git 311
2024-07-28 20:29:31.814 [warning] [Decorations] CAPPING events from decorations provider vscode.git 311
2024-07-28 20:29:36.883 [warning] [Decorations] CAPPING events from decorations provider vscode.git 311
2024-07-28 20:29:41.952 [warning] [Decorations] CAPPING events from decorations provider vscode.git 314
2024-07-28 20:29:47.019 [warning] [Decorations] CAPPING events from decorations provider vscode.git 314
2024-07-28 20:29:52.101 [warning] [Decorations] CAPPING events from decorations provider vscode.git 314
2024-07-28 20:29:57.170 [warning] [Decorations] CAPPING events from decorations provider vscode.git 314
2024-07-28 20:30:02.237 [warning] [Decorations] CAPPING events from decorations provider vscode.git 314
2024-07-28 20:30:07.304 [warning] [Decorations] CAPPING events from decorations provider vscode.git 314
2024-07-28 20:30:12.374 [warning] [Decorations] CAPPING events from decorations provider vscode.git 314
2024-07-28 20:30:17.501 [warning] [Decorations] CAPPING events from decorations provider vscode.git 314
2024-07-28 20:30:22.569 [warning] [Decorations] CAPPING events from decorations provider vscode.git 314
2024-07-28 20:30:27.637 [warning] [Decorations] CAPPING events from decorations provider vscode.git 314
2024-07-28 20:30:32.718 [warning] [Decorations] CAPPING events from decorations provider vscode.git 314
2024-07-28 20:30:37.784 [warning] [Decorations] CAPPING events from decorations provider vscode.git 314
2024-07-28 20:30:42.855 [warning] [Decorations] CAPPING events from decorations provider vscode.git 314
2024-07-28 20:30:47.928 [warning] [Decorations] CAPPING events from decorations provider vscode.git 314
2024-07-28 20:30:53.011 [warning] [Decorations] CAPPING events from decorations provider vscode.git 314
2024-07-28 20:30:58.082 [warning] [Decorations] CAPPING events from decorations provider vscode.git 314
2024-07-28 20:31:03.151 [warning] [Decorations] CAPPING events from decorations provider vscode.git 314
2024-07-28 20:31:08.223 [warning] [Decorations] CAPPING events from decorations provider vscode.git 314
2024-07-28 20:31:13.294 [warning] [Decorations] CAPPING events from decorations provider vscode.git 314
2024-07-28 20:31:18.365 [warning] [Decorations] CAPPING events from decorations provider vscode.git 314
2024-07-28 20:31:23.434 [warning] [Decorations] CAPPING events from decorations provider vscode.git 314
2024-07-28 20:31:28.552 [warning] [Decorations] CAPPING events from decorations provider vscode.git 314
2024-07-28 20:31:33.619 [warning] [Decorations] CAPPING events from decorations provider vscode.git 314
2024-07-28 20:38:00.819 [warning] [Decorations] CAPPING events from decorations provider vscode.git 314
2024-07-28 20:38:05.889 [warning] [Decorations] CAPPING events from decorations provider vscode.git 314
2024-07-28 20:38:10.965 [warning] [Decorations] CAPPING events from decorations provider vscode.git 314
2024-07-28 20:38:16.034 [warning] [Decorations] CAPPING events from decorations provider vscode.git 314
2024-07-28 20:38:21.104 [warning] [Decorations] CAPPING events from decorations provider vscode.git 314
2024-07-28 20:38:26.183 [warning] [Decorations] CAPPING events from decorations provider vscode.git 314
2024-07-28 20:38:31.258 [warning] [Decorations] CAPPING events from decorations provider vscode.git 314
2024-07-28 20:38:36.327 [warning] [Decorations] CAPPING events from decorations provider vscode.git 314
2024-07-28 20:38:41.397 [warning] [Decorations] CAPPING events from decorations provider vscode.git 314
2024-07-28 20:38:46.465 [warning] [Decorations] CAPPING events from decorations provider vscode.git 314
2024-07-28 20:38:51.537 [warning] [Decorations] CAPPING events from decorations provider vscode.git 314
2024-07-28 20:38:56.607 [warning] [Decorations] CAPPING events from decorations provider vscode.git 314
2024-07-28 20:39:01.675 [warning] [Decorations] CAPPING events from decorations provider vscode.git 314
2024-07-28 20:39:06.747 [warning] [Decorations] CAPPING events from decorations provider vscode.git 314
2024-07-28 20:39:11.820 [warning] [Decorations] CAPPING events from decorations provider vscode.git 314
2024-07-28 20:41:49.958 [warning] [Decorations] CAPPING events from decorations provider vscode.git 314
2024-07-28 20:41:55.027 [warning] [Decorations] CAPPING events from decorations provider vscode.git 314
2024-07-28 20:42:00.099 [warning] [Decorations] CAPPING events from decorations provider vscode.git 314
2024-07-28 20:42:05.803 [warning] [Decorations] CAPPING events from decorations provider vscode.git 314
2024-07-28 20:42:12.195 [warning] [Decorations] CAPPING events from decorations provider vscode.git 314
2024-07-28 20:42:17.754 [warning] [Decorations] CAPPING events from decorations provider vscode.git 314
2024-07-28 20:42:22.867 [warning] [Decorations] CAPPING events from decorations provider vscode.git 314
2024-07-28 20:42:27.936 [warning] [Decorations] CAPPING events from decorations provider vscode.git 314
2024-07-28 20:42:37.336 [warning] [Decorations] CAPPING events from decorations provider vscode.git 317
2024-07-28 20:43:02.089 [warning] [Decorations] CAPPING events from decorations provider vscode.git 317
2024-07-28 20:43:07.160 [warning] [Decorations] CAPPING events from decorations provider vscode.git 318
2024-07-28 20:43:12.229 [warning] [Decorations] CAPPING events from decorations provider vscode.git 320
2024-07-28 20:43:17.295 [warning] [Decorations] CAPPING events from decorations provider vscode.git 320
2024-07-28 20:43:22.368 [warning] [Decorations] CAPPING events from decorations provider vscode.git 320
2024-07-28 20:43:27.489 [warning] [Decorations] CAPPING events from decorations provider vscode.git 320
2024-07-28 20:43:32.560 [warning] [Decorations] CAPPING events from decorations provider vscode.git 320
2024-07-28 20:43:37.629 [warning] [Decorations] CAPPING events from decorations provider vscode.git 320
2024-07-28 20:43:42.701 [warning] [Decorations] CAPPING events from decorations provider vscode.git 320
2024-07-28 20:43:47.770 [warning] [Decorations] CAPPING events from decorations provider vscode.git 320
2024-07-28 20:43:52.889 [warning] [Decorations] CAPPING events from decorations provider vscode.git 320
2024-07-28 20:43:57.964 [warning] [Decorations] CAPPING events from decorations provider vscode.git 320
2024-07-28 20:44:03.033 [warning] [Decorations] CAPPING events from decorations provider vscode.git 320
2024-07-28 20:44:08.100 [warning] [Decorations] CAPPING events from decorations provider vscode.git 320
2024-07-28 20:44:13.168 [warning] [Decorations] CAPPING events from decorations provider vscode.git 320
2024-07-28 20:44:18.240 [warning] [Decorations] CAPPING events from decorations provider vscode.git 320
2024-07-28 20:44:23.311 [warning] [Decorations] CAPPING events from decorations provider vscode.git 320
2024-07-28 20:44:28.380 [warning] [Decorations] CAPPING events from decorations provider vscode.git 320
2024-07-28 20:44:33.448 [warning] [Decorations] CAPPING events from decorations provider vscode.git 320
2024-07-28 20:44:38.515 [warning] [Decorations] CAPPING events from decorations provider vscode.git 320
2024-07-28 20:44:43.595 [warning] [Decorations] CAPPING events from decorations provider vscode.git 320
2024-07-28 20:44:48.665 [warning] [Decorations] CAPPING events from decorations provider vscode.git 320
2024-07-28 20:44:53.733 [warning] [Decorations] CAPPING events from decorations provider vscode.git 320
2024-07-28 20:45:13.606 [warning] [Decorations] CAPPING events from decorations provider vscode.git 320
2024-07-28 20:47:44.741 [warning] [Decorations] CAPPING events from decorations provider vscode.git 320
2024-07-28 20:47:49.814 [warning] [Decorations] CAPPING events from decorations provider vscode.git 320
2024-07-28 20:47:54.881 [warning] [Decorations] CAPPING events from decorations provider vscode.git 320
2024-07-28 20:47:59.949 [warning] [Decorations] CAPPING events from decorations provider vscode.git 320
2024-07-28 20:48:05.019 [warning] [Decorations] CAPPING events from decorations provider vscode.git 320
2024-07-28 20:48:10.091 [warning] [Decorations] CAPPING events from decorations provider vscode.git 320
2024-07-28 20:48:15.165 [warning] [Decorations] CAPPING events from decorations provider vscode.git 320
2024-07-28 20:48:20.234 [warning] [Decorations] CAPPING events from decorations provider vscode.git 320
2024-07-28 20:48:25.303 [warning] [Decorations] CAPPING events from decorations provider vscode.git 323
2024-07-28 20:48:30.375 [warning] [Decorations] CAPPING events from decorations provider vscode.git 323
2024-07-28 20:48:35.449 [warning] [Decorations] CAPPING events from decorations provider vscode.git 323
2024-07-28 20:48:40.521 [warning] [Decorations] CAPPING events from decorations provider vscode.git 323
2024-07-28 20:48:45.589 [warning] [Decorations] CAPPING events from decorations provider vscode.git 323
2024-07-28 20:48:50.660 [warning] [Decorations] CAPPING events from decorations provider vscode.git 323
2024-07-28 20:48:55.734 [warning] [Decorations] CAPPING events from decorations provider vscode.git 323
2024-07-28 20:49:00.804 [warning] [Decorations] CAPPING events from decorations provider vscode.git 323
2024-07-28 20:49:05.875 [warning] [Decorations] CAPPING events from decorations provider vscode.git 323
2024-07-28 20:49:10.945 [warning] [Decorations] CAPPING events from decorations provider vscode.git 323
2024-07-28 20:49:16.017 [warning] [Decorations] CAPPING events from decorations provider vscode.git 323
2024-07-28 20:49:21.103 [warning] [Decorations] CAPPING events from decorations provider vscode.git 323
2024-07-28 20:49:26.170 [warning] [Decorations] CAPPING events from decorations provider vscode.git 323
2024-07-28 20:49:31.238 [warning] [Decorations] CAPPING events from decorations provider vscode.git 323
2024-07-28 20:49:36.314 [warning] [Decorations] CAPPING events from decorations provider vscode.git 323
2024-07-28 20:49:54.891 [warning] [Decorations] CAPPING events from decorations provider vscode.git 323
2024-07-28 20:49:59.959 [warning] [Decorations] CAPPING events from decorations provider vscode.git 323
2024-07-28 20:51:08.846 [warning] [Decorations] CAPPING events from decorations provider vscode.git 323
2024-07-28 20:51:13.916 [warning] [Decorations] CAPPING events from decorations provider vscode.git 323
2024-07-28 20:51:18.984 [warning] [Decorations] CAPPING events from decorations provider vscode.git 323
2024-07-28 20:51:24.055 [warning] [Decorations] CAPPING events from decorations provider vscode.git 323
2024-07-28 20:51:31.433 [warning] [Decorations] CAPPING events from decorations provider vscode.git 323
2024-07-28 20:51:36.501 [warning] [Decorations] CAPPING events from decorations provider vscode.git 323
2024-07-28 20:52:00.575 [warning] [Decorations] CAPPING events from decorations provider vscode.git 323
2024-07-28 20:52:05.648 [warning] [Decorations] CAPPING events from decorations provider vscode.git 323
2024-07-28 20:52:10.717 [warning] [Decorations] CAPPING events from decorations provider vscode.git 323
2024-07-28 20:52:15.788 [warning] [Decorations] CAPPING events from decorations provider vscode.git 323
2024-07-28 20:52:20.869 [warning] [Decorations] CAPPING events from decorations provider vscode.git 323
2024-07-28 20:52:25.938 [warning] [Decorations] CAPPING events from decorations provider vscode.git 323
2024-07-28 20:52:31.008 [warning] [Decorations] CAPPING events from decorations provider vscode.git 323
2024-07-28 20:52:36.078 [warning] [Decorations] CAPPING events from decorations provider vscode.git 323
2024-07-28 20:53:18.365 [warning] [Decorations] CAPPING events from decorations provider vscode.git 323
2024-07-28 20:53:23.436 [warning] [Decorations] CAPPING events from decorations provider vscode.git 323
2024-07-28 20:54:33.561 [warning] [Decorations] CAPPING events from decorations provider vscode.git 323
2024-07-28 20:54:38.633 [warning] [Decorations] CAPPING events from decorations provider vscode.git 323
2024-07-28 20:54:43.704 [warning] [Decorations] CAPPING events from decorations provider vscode.git 323
2024-07-28 20:54:48.771 [warning] [Decorations] CAPPING events from decorations provider vscode.git 323
2024-07-28 20:54:53.849 [warning] [Decorations] CAPPING events from decorations provider vscode.git 323
2024-07-28 20:54:58.921 [warning] [Decorations] CAPPING events from decorations provider vscode.git 323
2024-07-28 20:55:03.989 [warning] [Decorations] CAPPING events from decorations provider vscode.git 323
2024-07-28 20:55:09.058 [warning] [Decorations] CAPPING events from decorations provider vscode.git 323
2024-07-28 20:55:14.128 [warning] [Decorations] CAPPING events from decorations provider vscode.git 323
2024-07-28 20:55:19.212 [warning] [Decorations] CAPPING events from decorations provider vscode.git 323
2024-07-28 20:55:24.280 [warning] [Decorations] CAPPING events from decorations provider vscode.git 323
2024-07-28 20:55:29.359 [warning] [Decorations] CAPPING events from decorations provider vscode.git 323
2024-07-28 20:55:34.433 [warning] [Decorations] CAPPING events from decorations provider vscode.git 323
2024-07-28 20:55:39.504 [warning] [Decorations] CAPPING events from decorations provider vscode.git 323
2024-07-28 20:55:44.574 [warning] [Decorations] CAPPING events from decorations provider vscode.git 323
2024-07-28 20:55:49.642 [warning] [Decorations] CAPPING events from decorations provider vscode.git 323
2024-07-28 20:55:54.715 [warning] [Decorations] CAPPING events from decorations provider vscode.git 323
2024-07-28 20:55:59.784 [warning] [Decorations] CAPPING events from decorations provider vscode.git 323
2024-07-28 20:57:19.189 [warning] [Decorations] CAPPING events from decorations provider vscode.git 323
2024-07-28 20:57:49.143 [warning] [Decorations] CAPPING events from decorations provider vscode.git 323
2024-07-28 20:57:54.214 [warning] [Decorations] CAPPING events from decorations provider vscode.git 323
2024-07-28 20:57:59.283 [warning] [Decorations] CAPPING events from decorations provider vscode.git 323
2024-07-28 20:58:04.352 [warning] [Decorations] CAPPING events from decorations provider vscode.git 323
2024-07-28 20:58:09.424 [warning] [Decorations] CAPPING events from decorations provider vscode.git 323
2024-07-28 20:58:14.493 [warning] [Decorations] CAPPING events from decorations provider vscode.git 323
2024-07-28 20:58:19.563 [warning] [Decorations] CAPPING events from decorations provider vscode.git 324
2024-07-28 20:58:24.629 [warning] [Decorations] CAPPING events from decorations provider vscode.git 323
2024-07-28 20:58:30.247 [warning] [Decorations] CAPPING events from decorations provider vscode.git 323
2024-07-28 20:58:35.315 [warning] [Decorations] CAPPING events from decorations provider vscode.git 323
2024-07-28 20:58:40.381 [warning] [Decorations] CAPPING events from decorations provider vscode.git 323
2024-07-28 20:58:45.449 [warning] [Decorations] CAPPING events from decorations provider vscode.git 323
2024-07-28 20:58:50.518 [warning] [Decorations] CAPPING events from decorations provider vscode.git 323
2024-07-28 20:58:55.586 [warning] [Decorations] CAPPING events from decorations provider vscode.git 323
2024-07-28 20:59:00.655 [warning] [Decorations] CAPPING events from decorations provider vscode.git 324
2024-07-28 20:59:05.732 [warning] [Decorations] CAPPING events from decorations provider vscode.git 326
2024-07-28 20:59:10.806 [warning] [Decorations] CAPPING events from decorations provider vscode.git 326
2024-07-28 20:59:15.877 [warning] [Decorations] CAPPING events from decorations provider vscode.git 326
2024-07-28 20:59:20.943 [warning] [Decorations] CAPPING events from decorations provider vscode.git 326
2024-07-28 20:59:26.017 [warning] [Decorations] CAPPING events from decorations provider vscode.git 326
2024-07-28 20:59:31.087 [warning] [Decorations] CAPPING events from decorations provider vscode.git 326
2024-07-28 20:59:36.184 [warning] [Decorations] CAPPING events from decorations provider vscode.git 326
2024-07-28 20:59:41.256 [warning] [Decorations] CAPPING events from decorations provider vscode.git 326
2024-07-28 20:59:46.325 [warning] [Decorations] CAPPING events from decorations provider vscode.git 326
2024-07-28 20:59:52.280 [warning] [Decorations] CAPPING events from decorations provider vscode.git 326
2024-07-28 20:59:57.350 [warning] [Decorations] CAPPING events from decorations provider vscode.git 326
2024-07-28 21:00:02.419 [warning] [Decorations] CAPPING events from decorations provider vscode.git 326
2024-07-28 21:00:07.490 [warning] [Decorations] CAPPING events from decorations provider vscode.git 326
2024-07-28 21:00:12.560 [warning] [Decorations] CAPPING events from decorations provider vscode.git 326
2024-07-28 21:00:17.631 [warning] [Decorations] CAPPING events from decorations provider vscode.git 326
2024-07-28 21:00:22.701 [warning] [Decorations] CAPPING events from decorations provider vscode.git 326
2024-07-28 21:00:27.782 [warning] [Decorations] CAPPING events from decorations provider vscode.git 326
2024-07-28 21:00:32.852 [warning] [Decorations] CAPPING events from decorations provider vscode.git 326
2024-07-28 21:00:37.930 [warning] [Decorations] CAPPING events from decorations provider vscode.git 326
2024-07-28 21:00:43.022 [warning] [Decorations] CAPPING events from decorations provider vscode.git 326
2024-07-28 21:00:48.090 [warning] [Decorations] CAPPING events from decorations provider vscode.git 326
2024-07-28 21:00:54.264 [warning] [Decorations] CAPPING events from decorations provider vscode.git 326
2024-07-28 21:00:59.333 [warning] [Decorations] CAPPING events from decorations provider vscode.git 326
2024-07-28 21:01:04.401 [warning] [Decorations] CAPPING events from decorations provider vscode.git 326
2024-07-28 21:01:09.470 [warning] [Decorations] CAPPING events from decorations provider vscode.git 326
2024-07-28 21:01:14.539 [warning] [Decorations] CAPPING events from decorations provider vscode.git 326
2024-07-28 21:01:19.611 [warning] [Decorations] CAPPING events from decorations provider vscode.git 326
2024-07-28 21:01:24.680 [warning] [Decorations] CAPPING events from decorations provider vscode.git 328
2024-07-28 21:01:29.797 [warning] [Decorations] CAPPING events from decorations provider vscode.git 328
2024-07-28 21:01:34.863 [warning] [Decorations] CAPPING events from decorations provider vscode.git 328
2024-07-28 21:01:39.930 [warning] [Decorations] CAPPING events from decorations provider vscode.git 328
2024-07-28 21:01:45.002 [warning] [Decorations] CAPPING events from decorations provider vscode.git 328
2024-07-28 21:01:50.068 [warning] [Decorations] CAPPING events from decorations provider vscode.git 328
2024-07-28 21:02:20.751 [warning] [Decorations] CAPPING events from decorations provider vscode.git 328
2024-07-28 21:02:25.820 [warning] [Decorations] CAPPING events from decorations provider vscode.git 328
2024-07-28 21:03:21.497 [warning] [Decorations] CAPPING events from decorations provider vscode.git 328
2024-07-28 21:03:26.568 [warning] [Decorations] CAPPING events from decorations provider vscode.git 328
2024-07-28 21:03:31.636 [warning] [Decorations] CAPPING events from decorations provider vscode.git 328
2024-07-28 21:03:36.704 [warning] [Decorations] CAPPING events from decorations provider vscode.git 329
2024-07-28 21:03:41.820 [warning] [Decorations] CAPPING events from decorations provider vscode.git 329
2024-07-28 21:03:46.901 [warning] [Decorations] CAPPING events from decorations provider vscode.git 329
2024-07-28 21:04:32.211 [warning] [Decorations] CAPPING events from decorations provider vscode.git 329
2024-07-28 21:05:19.910 [warning] [Decorations] CAPPING events from decorations provider vscode.git 329
2024-07-28 21:05:24.980 [warning] [Decorations] CAPPING events from decorations provider vscode.git 329
2024-07-28 21:05:30.057 [warning] [Decorations] CAPPING events from decorations provider vscode.git 329
2024-07-28 21:09:09.165 [warning] [Decorations] CAPPING events from decorations provider vscode.git 329
2024-07-28 21:09:14.236 [warning] [Decorations] CAPPING events from decorations provider vscode.git 329
2024-07-28 21:12:13.036 [warning] [Decorations] CAPPING events from decorations provider vscode.git 329
2024-07-28 21:12:18.109 [warning] [Decorations] CAPPING events from decorations provider vscode.git 329
2024-07-28 21:12:23.186 [warning] [Decorations] CAPPING events from decorations provider vscode.git 329
2024-07-28 21:12:28.255 [warning] [Decorations] CAPPING events from decorations provider vscode.git 329
2024-07-28 21:12:33.325 [warning] [Decorations] CAPPING events from decorations provider vscode.git 329
2024-07-28 21:12:38.390 [warning] [Decorations] CAPPING events from decorations provider vscode.git 329
2024-07-28 21:12:43.458 [warning] [Decorations] CAPPING events from decorations provider vscode.git 329
2024-07-28 21:12:48.533 [warning] [Decorations] CAPPING events from decorations provider vscode.git 329
2024-07-28 21:12:53.609 [warning] [Decorations] CAPPING events from decorations provider vscode.git 329
2024-07-28 21:12:58.678 [warning] [Decorations] CAPPING events from decorations provider vscode.git 329
2024-07-28 21:13:03.750 [warning] [Decorations] CAPPING events from decorations provider vscode.git 329
2024-07-28 21:13:08.820 [warning] [Decorations] CAPPING events from decorations provider vscode.git 329
2024-07-28 21:13:13.890 [warning] [Decorations] CAPPING events from decorations provider vscode.git 329
2024-07-28 21:13:18.960 [warning] [Decorations] CAPPING events from decorations provider vscode.git 329
2024-07-28 21:13:24.031 [warning] [Decorations] CAPPING events from decorations provider vscode.git 329
2024-07-28 21:14:36.729 [warning] [Decorations] CAPPING events from decorations provider vscode.git 329
2024-07-28 21:14:41.797 [warning] [Decorations] CAPPING events from decorations provider vscode.git 329
2024-07-28 21:14:46.867 [warning] [Decorations] CAPPING events from decorations provider vscode.git 329
2024-07-28 21:14:51.934 [warning] [Decorations] CAPPING events from decorations provider vscode.git 329
2024-07-28 21:14:57.003 [warning] [Decorations] CAPPING events from decorations provider vscode.git 330
2024-07-28 21:15:02.135 [warning] [Decorations] CAPPING events from decorations provider vscode.git 330
2024-07-28 21:15:07.205 [warning] [Decorations] CAPPING events from decorations provider vscode.git 330
2024-07-28 21:15:12.276 [warning] [Decorations] CAPPING events from decorations provider vscode.git 330
2024-07-28 21:15:17.344 [warning] [Decorations] CAPPING events from decorations provider vscode.git 330
2024-07-28 21:15:28.697 [warning] [Decorations] CAPPING events from decorations provider vscode.git 330
2024-07-28 21:19:49.005 [warning] [Decorations] CAPPING events from decorations provider vscode.git 330
2024-07-28 21:19:54.085 [warning] [Decorations] CAPPING events from decorations provider vscode.git 330
2024-07-28 21:19:59.157 [warning] [Decorations] CAPPING events from decorations provider vscode.git 330
2024-07-28 21:20:04.230 [warning] [Decorations] CAPPING events from decorations provider vscode.git 330
2024-07-28 21:20:09.298 [warning] [Decorations] CAPPING events from decorations provider vscode.git 330
2024-07-28 21:20:14.365 [warning] [Decorations] CAPPING events from decorations provider vscode.git 330
2024-07-28 21:20:19.436 [warning] [Decorations] CAPPING events from decorations provider vscode.git 330
2024-07-28 21:20:24.511 [warning] [Decorations] CAPPING events from decorations provider vscode.git 330
2024-07-28 21:20:29.577 [warning] [Decorations] CAPPING events from decorations provider vscode.git 330
2024-07-28 21:20:34.650 [warning] [Decorations] CAPPING events from decorations provider vscode.git 330
2024-07-28 21:20:39.719 [warning] [Decorations] CAPPING events from decorations provider vscode.git 330
2024-07-28 21:20:44.791 [warning] [Decorations] CAPPING events from decorations provider vscode.git 330
2024-07-28 21:22:57.971 [warning] [Decorations] CAPPING events from decorations provider vscode.git 330
2024-07-28 21:23:03.038 [warning] [Decorations] CAPPING events from decorations provider vscode.git 330
2024-07-28 21:23:08.110 [warning] [Decorations] CAPPING events from decorations provider vscode.git 330
2024-07-28 21:23:13.177 [warning] [Decorations] CAPPING events from decorations provider vscode.git 330
2024-07-28 21:23:18.247 [warning] [Decorations] CAPPING events from decorations provider vscode.git 330
2024-07-28 21:23:23.323 [warning] [Decorations] CAPPING events from decorations provider vscode.git 331
2024-07-28 21:23:28.411 [warning] [Decorations] CAPPING events from decorations provider vscode.git 331
2024-07-28 21:23:33.483 [warning] [Decorations] CAPPING events from decorations provider vscode.git 331
2024-07-28 21:23:38.549 [warning] [Decorations] CAPPING events from decorations provider vscode.git 331
2024-07-28 21:23:43.623 [warning] [Decorations] CAPPING events from decorations provider vscode.git 331
2024-07-28 21:23:48.697 [warning] [Decorations] CAPPING events from decorations provider vscode.git 331
2024-07-28 21:23:53.768 [warning] [Decorations] CAPPING events from decorations provider vscode.git 331
2024-07-28 21:23:58.843 [warning] [Decorations] CAPPING events from decorations provider vscode.git 331
2024-07-28 21:24:03.918 [warning] [Decorations] CAPPING events from decorations provider vscode.git 331
2024-07-28 21:24:08.985 [warning] [Decorations] CAPPING events from decorations provider vscode.git 331
2024-07-28 21:24:14.057 [warning] [Decorations] CAPPING events from decorations provider vscode.git 331
2024-07-28 21:24:41.522 [warning] [Decorations] CAPPING events from decorations provider vscode.git 331
2024-07-28 21:26:26.608 [warning] [Decorations] CAPPING events from decorations provider vscode.git 331
2024-07-28 21:26:31.679 [warning] [Decorations] CAPPING events from decorations provider vscode.git 331
2024-07-28 21:29:41.772 [warning] [Decorations] CAPPING events from decorations provider vscode.git 331
2024-07-28 21:29:46.847 [warning] [Decorations] CAPPING events from decorations provider vscode.git 331
2024-07-28 21:29:52.561 [warning] [Decorations] CAPPING events from decorations provider vscode.git 332
2024-07-28 21:29:57.629 [warning] [Decorations] CAPPING events from decorations provider vscode.git 331
2024-07-28 21:30:04.563 [warning] [Decorations] CAPPING events from decorations provider vscode.git 331
2024-07-28 21:30:09.634 [warning] [Decorations] CAPPING events from decorations provider vscode.git 331
2024-07-28 21:30:14.707 [warning] [Decorations] CAPPING events from decorations provider vscode.git 331
2024-07-28 21:30:19.774 [warning] [Decorations] CAPPING events from decorations provider vscode.git 331
2024-07-28 21:31:11.904 [warning] [Decorations] CAPPING events from decorations provider vscode.git 331
2024-07-28 21:31:16.984 [warning] [Decorations] CAPPING events from decorations provider vscode.git 331
2024-07-28 21:31:22.054 [warning] [Decorations] CAPPING events from decorations provider vscode.git 331
2024-07-28 21:31:27.124 [warning] [Decorations] CAPPING events from decorations provider vscode.git 331
2024-07-28 21:31:32.198 [warning] [Decorations] CAPPING events from decorations provider vscode.git 331
2024-07-28 21:35:48.060 [warning] [Decorations] CAPPING events from decorations provider vscode.git 331
2024-07-28 21:35:53.140 [warning] [Decorations] CAPPING events from decorations provider vscode.git 331
2024-07-28 21:35:58.211 [warning] [Decorations] CAPPING events from decorations provider vscode.git 331
2024-07-28 21:36:03.279 [warning] [Decorations] CAPPING events from decorations provider vscode.git 331
2024-07-28 21:36:11.820 [warning] [Decorations] CAPPING events from decorations provider vscode.git 331
2024-07-28 21:36:16.900 [warning] [Decorations] CAPPING events from decorations provider vscode.git 331
2024-07-28 21:36:41.843 [warning] [Decorations] CAPPING events from decorations provider vscode.git 331
2024-07-28 21:40:19.384 [warning] [Decorations] CAPPING events from decorations provider vscode.git 331
2024-07-28 21:40:24.456 [warning] [Decorations] CAPPING events from decorations provider vscode.git 331
2024-07-28 21:40:29.524 [warning] [Decorations] CAPPING events from decorations provider vscode.git 331
2024-07-28 21:40:34.594 [warning] [Decorations] CAPPING events from decorations provider vscode.git 331
2024-07-28 21:41:53.759 [warning] [Decorations] CAPPING events from decorations provider vscode.git 331
2024-07-28 21:41:58.827 [warning] [Decorations] CAPPING events from decorations provider vscode.git 331
2024-07-28 21:42:03.898 [warning] [Decorations] CAPPING events from decorations provider vscode.git 331
2024-07-28 21:50:32.352 [warning] [Decorations] CAPPING events from decorations provider vscode.git 331
2024-07-28 21:50:37.423 [warning] [Decorations] CAPPING events from decorations provider vscode.git 331
2024-07-28 21:50:42.494 [warning] [Decorations] CAPPING events from decorations provider vscode.git 331
2024-07-28 21:50:47.567 [warning] [Decorations] CAPPING events from decorations provider vscode.git 331
2024-07-28 21:50:52.637 [warning] [Decorations] CAPPING events from decorations provider vscode.git 331
2024-07-28 21:50:57.708 [warning] [Decorations] CAPPING events from decorations provider vscode.git 331
2024-07-28 21:51:02.778 [warning] [Decorations] CAPPING events from decorations provider vscode.git 332
2024-07-28 21:51:07.851 [warning] [Decorations] CAPPING events from decorations provider vscode.git 334
2024-07-28 21:51:12.923 [warning] [Decorations] CAPPING events from decorations provider vscode.git 334
2024-07-28 21:51:18.035 [warning] [Decorations] CAPPING events from decorations provider vscode.git 334
2024-07-28 21:51:23.108 [warning] [Decorations] CAPPING events from decorations provider vscode.git 334
2024-07-28 21:51:28.231 [warning] [Decorations] CAPPING events from decorations provider vscode.git 334
2024-07-28 21:51:33.303 [warning] [Decorations] CAPPING events from decorations provider vscode.git 334
2024-07-28 21:51:38.373 [warning] [Decorations] CAPPING events from decorations provider vscode.git 334
2024-07-28 21:51:43.440 [warning] [Decorations] CAPPING events from decorations provider vscode.git 334
2024-07-28 21:51:48.510 [warning] [Decorations] CAPPING events from decorations provider vscode.git 334
2024-07-28 21:51:53.586 [warning] [Decorations] CAPPING events from decorations provider vscode.git 334
2024-07-28 21:51:58.656 [warning] [Decorations] CAPPING events from decorations provider vscode.git 334
2024-07-28 21:52:03.728 [warning] [Decorations] CAPPING events from decorations provider vscode.git 334
2024-07-28 21:52:31.523 [warning] [Decorations] CAPPING events from decorations provider vscode.git 334
2024-07-28 21:52:36.601 [warning] [Decorations] CAPPING events from decorations provider vscode.git 334
2024-07-28 21:52:41.674 [warning] [Decorations] CAPPING events from decorations provider vscode.git 334
2024-07-28 21:52:46.743 [warning] [Decorations] CAPPING events from decorations provider vscode.git 334
2024-07-28 21:52:51.812 [warning] [Decorations] CAPPING events from decorations provider vscode.git 334
2024-07-28 21:52:56.878 [warning] [Decorations] CAPPING events from decorations provider vscode.git 334
2024-07-28 21:53:01.948 [warning] [Decorations] CAPPING events from decorations provider vscode.git 334
2024-07-28 21:53:07.083 [warning] [Decorations] CAPPING events from decorations provider vscode.git 334
2024-07-28 21:53:12.151 [warning] [Decorations] CAPPING events from decorations provider vscode.git 334
2024-07-28 21:53:17.220 [warning] [Decorations] CAPPING events from decorations provider vscode.git 334
2024-07-28 21:53:22.290 [warning] [Decorations] CAPPING events from decorations provider vscode.git 334
2024-07-28 21:53:27.362 [warning] [Decorations] CAPPING events from decorations provider vscode.git 334
2024-07-28 21:53:32.430 [warning] [Decorations] CAPPING events from decorations provider vscode.git 334
2024-07-28 21:53:37.501 [warning] [Decorations] CAPPING events from decorations provider vscode.git 334
2024-07-28 21:53:42.569 [warning] [Decorations] CAPPING events from decorations provider vscode.git 334
2024-07-28 21:53:47.638 [warning] [Decorations] CAPPING events from decorations provider vscode.git 334
2024-07-28 21:53:52.727 [warning] [Decorations] CAPPING events from decorations provider vscode.git 334
2024-07-28 21:53:57.799 [warning] [Decorations] CAPPING events from decorations provider vscode.git 334
2024-07-28 21:54:02.883 [warning] [Decorations] CAPPING events from decorations provider vscode.git 334
2024-07-28 21:54:07.954 [warning] [Decorations] CAPPING events from decorations provider vscode.git 334
2024-07-28 21:54:13.022 [warning] [Decorations] CAPPING events from decorations provider vscode.git 334
2024-07-28 21:54:18.091 [warning] [Decorations] CAPPING events from decorations provider vscode.git 334
2024-07-28 21:54:23.159 [warning] [Decorations] CAPPING events from decorations provider vscode.git 334
2024-07-28 21:54:28.230 [warning] [Decorations] CAPPING events from decorations provider vscode.git 334
2024-07-28 21:54:33.297 [warning] [Decorations] CAPPING events from decorations provider vscode.git 334
2024-07-28 21:54:38.367 [warning] [Decorations] CAPPING events from decorations provider vscode.git 334
2024-07-28 21:54:43.438 [warning] [Decorations] CAPPING events from decorations provider vscode.git 334
2024-07-28 21:54:48.509 [warning] [Decorations] CAPPING events from decorations provider vscode.git 334
2024-07-28 21:54:53.579 [warning] [Decorations] CAPPING events from decorations provider vscode.git 334
2024-07-28 21:54:58.654 [warning] [Decorations] CAPPING events from decorations provider vscode.git 334
2024-07-28 21:55:03.724 [warning] [Decorations] CAPPING events from decorations provider vscode.git 334
2024-07-28 21:55:28.205 [warning] [Decorations] CAPPING events from decorations provider vscode.git 334
2024-07-28 21:55:33.277 [warning] [Decorations] CAPPING events from decorations provider vscode.git 334
2024-07-28 21:56:03.191 [warning] [Decorations] CAPPING events from decorations provider vscode.git 334
2024-07-28 21:59:13.535 [warning] [Decorations] CAPPING events from decorations provider vscode.git 334
2024-07-28 21:59:18.603 [warning] [Decorations] CAPPING events from decorations provider vscode.git 334
2024-07-28 21:59:23.680 [warning] [Decorations] CAPPING events from decorations provider vscode.git 334
2024-07-28 21:59:28.751 [warning] [Decorations] CAPPING events from decorations provider vscode.git 334
2024-07-28 22:00:08.986 [warning] [Decorations] CAPPING events from decorations provider vscode.git 334
2024-07-28 22:01:07.243 [warning] [Decorations] CAPPING events from decorations provider vscode.git 334
2024-07-28 22:01:12.371 [warning] [Decorations] CAPPING events from decorations provider vscode.git 334
2024-07-28 22:01:17.437 [warning] [Decorations] CAPPING events from decorations provider vscode.git 334
2024-07-28 22:01:22.507 [warning] [Decorations] CAPPING events from decorations provider vscode.git 334
2024-07-28 22:01:27.577 [warning] [Decorations] CAPPING events from decorations provider vscode.git 334
2024-07-28 22:01:32.647 [warning] [Decorations] CAPPING events from decorations provider vscode.git 334
2024-07-28 22:01:37.721 [warning] [Decorations] CAPPING events from decorations provider vscode.git 334
2024-07-28 22:01:42.795 [warning] [Decorations] CAPPING events from decorations provider vscode.git 334
2024-07-28 22:01:47.865 [warning] [Decorations] CAPPING events from decorations provider vscode.git 334
2024-07-28 22:01:52.932 [warning] [Decorations] CAPPING events from decorations provider vscode.git 334
2024-07-28 22:01:58.003 [warning] [Decorations] CAPPING events from decorations provider vscode.git 334
2024-07-28 22:02:03.074 [warning] [Decorations] CAPPING events from decorations provider vscode.git 334
2024-07-28 22:02:08.144 [warning] [Decorations] CAPPING events from decorations provider vscode.git 334
2024-07-28 22:02:13.215 [warning] [Decorations] CAPPING events from decorations provider vscode.git 334
2024-07-28 22:02:18.283 [warning] [Decorations] CAPPING events from decorations provider vscode.git 334
2024-07-28 22:02:23.349 [warning] [Decorations] CAPPING events from decorations provider vscode.git 334
2024-07-28 22:02:28.419 [warning] [Decorations] CAPPING events from decorations provider vscode.git 334
2024-07-28 22:02:33.489 [warning] [Decorations] CAPPING events from decorations provider vscode.git 334
2024-07-28 22:02:38.560 [warning] [Decorations] CAPPING events from decorations provider vscode.git 334
2024-07-28 22:02:43.628 [warning] [Decorations] CAPPING events from decorations provider vscode.git 334
2024-07-28 22:02:48.697 [warning] [Decorations] CAPPING events from decorations provider vscode.git 334
2024-07-28 22:02:53.764 [warning] [Decorations] CAPPING events from decorations provider vscode.git 334
2024-07-28 22:02:58.837 [warning] [Decorations] CAPPING events from decorations provider vscode.git 334
2024-07-28 22:03:03.907 [warning] [Decorations] CAPPING events from decorations provider vscode.git 334
2024-07-28 22:03:08.978 [warning] [Decorations] CAPPING events from decorations provider vscode.git 334
2024-07-28 22:03:14.049 [warning] [Decorations] CAPPING events from decorations provider vscode.git 334
2024-07-28 22:03:19.121 [warning] [Decorations] CAPPING events from decorations provider vscode.git 334
2024-07-28 22:03:24.192 [warning] [Decorations] CAPPING events from decorations provider vscode.git 334
2024-07-28 22:03:29.262 [warning] [Decorations] CAPPING events from decorations provider vscode.git 334
2024-07-28 22:03:34.329 [warning] [Decorations] CAPPING events from decorations provider vscode.git 334
2024-07-28 22:03:39.395 [warning] [Decorations] CAPPING events from decorations provider vscode.git 334
2024-07-28 22:03:44.464 [warning] [Decorations] CAPPING events from decorations provider vscode.git 334
2024-07-28 22:03:49.533 [warning] [Decorations] CAPPING events from decorations provider vscode.git 334
2024-07-28 22:03:54.603 [warning] [Decorations] CAPPING events from decorations provider vscode.git 334
2024-07-28 22:03:59.669 [warning] [Decorations] CAPPING events from decorations provider vscode.git 334
2024-07-28 22:04:04.737 [warning] [Decorations] CAPPING events from decorations provider vscode.git 334
2024-07-28 22:04:09.806 [warning] [Decorations] CAPPING events from decorations provider vscode.git 334
2024-07-28 22:04:14.879 [warning] [Decorations] CAPPING events from decorations provider vscode.git 334
2024-07-28 22:04:39.000 [warning] [Decorations] CAPPING events from decorations provider vscode.git 334
2024-07-28 22:04:44.072 [warning] [Decorations] CAPPING events from decorations provider vscode.git 334
2024-07-28 22:04:49.141 [warning] [Decorations] CAPPING events from decorations provider vscode.git 334
2024-07-28 22:04:54.219 [warning] [Decorations] CAPPING events from decorations provider vscode.git 334
2024-07-28 22:04:59.288 [warning] [Decorations] CAPPING events from decorations provider vscode.git 334
2024-07-28 22:05:04.358 [warning] [Decorations] CAPPING events from decorations provider vscode.git 334
2024-07-28 22:05:09.425 [warning] [Decorations] CAPPING events from decorations provider vscode.git 334
2024-07-28 22:05:14.495 [warning] [Decorations] CAPPING events from decorations provider vscode.git 334
2024-07-28 22:05:19.568 [warning] [Decorations] CAPPING events from decorations provider vscode.git 334
2024-07-28 22:05:24.638 [warning] [Decorations] CAPPING events from decorations provider vscode.git 334
2024-07-28 22:05:29.709 [warning] [Decorations] CAPPING events from decorations provider vscode.git 334
2024-07-28 22:05:34.788 [warning] [Decorations] CAPPING events from decorations provider vscode.git 334
2024-07-28 22:05:39.855 [warning] [Decorations] CAPPING events from decorations provider vscode.git 334
2024-07-28 22:05:44.925 [warning] [Decorations] CAPPING events from decorations provider vscode.git 334
2024-07-28 22:05:49.989 [warning] [Decorations] CAPPING events from decorations provider vscode.git 334
2024-07-28 22:05:55.059 [warning] [Decorations] CAPPING events from decorations provider vscode.git 334
2024-07-28 22:06:00.127 [warning] [Decorations] CAPPING events from decorations provider vscode.git 334
2024-07-28 22:06:05.241 [warning] [Decorations] CAPPING events from decorations provider vscode.git 334
2024-07-28 22:06:10.311 [warning] [Decorations] CAPPING events from decorations provider vscode.git 334
2024-07-28 22:06:15.386 [warning] [Decorations] CAPPING events from decorations provider vscode.git 334
2024-07-28 22:06:20.453 [warning] [Decorations] CAPPING events from decorations provider vscode.git 334
2024-07-28 22:06:25.522 [warning] [Decorations] CAPPING events from decorations provider vscode.git 334
2024-07-28 22:06:30.596 [warning] [Decorations] CAPPING events from decorations provider vscode.git 335
2024-07-28 22:06:35.677 [warning] [Decorations] CAPPING events from decorations provider vscode.git 334
2024-07-28 22:06:40.744 [warning] [Decorations] CAPPING events from decorations provider vscode.git 334
2024-07-28 22:06:45.813 [warning] [Decorations] CAPPING events from decorations provider vscode.git 334
2024-07-28 22:06:50.881 [warning] [Decorations] CAPPING events from decorations provider vscode.git 334
2024-07-28 22:06:55.985 [warning] [Decorations] CAPPING events from decorations provider vscode.git 334
2024-07-28 22:07:01.056 [warning] [Decorations] CAPPING events from decorations provider vscode.git 334
2024-07-28 22:07:06.123 [warning] [Decorations] CAPPING events from decorations provider vscode.git 334
2024-07-28 22:07:11.192 [warning] [Decorations] CAPPING events from decorations provider vscode.git 334
2024-07-28 22:07:16.263 [warning] [Decorations] CAPPING events from decorations provider vscode.git 334
2024-07-28 22:07:21.335 [warning] [Decorations] CAPPING events from decorations provider vscode.git 334
2024-07-28 22:07:26.402 [warning] [Decorations] CAPPING events from decorations provider vscode.git 334
2024-07-28 22:07:31.472 [warning] [Decorations] CAPPING events from decorations provider vscode.git 334
2024-07-28 22:07:36.540 [warning] [Decorations] CAPPING events from decorations provider vscode.git 334
2024-07-28 22:07:41.607 [warning] [Decorations] CAPPING events from decorations provider vscode.git 334
2024-07-28 22:07:46.675 [warning] [Decorations] CAPPING events from decorations provider vscode.git 337
2024-07-28 22:07:51.751 [warning] [Decorations] CAPPING events from decorations provider vscode.git 337
2024-07-28 22:07:56.818 [warning] [Decorations] CAPPING events from decorations provider vscode.git 337
2024-07-28 22:08:01.888 [warning] [Decorations] CAPPING events from decorations provider vscode.git 337
2024-07-28 22:08:07.267 [warning] [Decorations] CAPPING events from decorations provider vscode.git 337
2024-07-28 22:08:12.338 [warning] [Decorations] CAPPING events from decorations provider vscode.git 337
2024-07-28 22:08:17.409 [warning] [Decorations] CAPPING events from decorations provider vscode.git 337
2024-07-28 22:08:22.478 [warning] [Decorations] CAPPING events from decorations provider vscode.git 337
2024-07-28 22:08:27.552 [warning] [Decorations] CAPPING events from decorations provider vscode.git 337
2024-07-28 22:08:32.617 [warning] [Decorations] CAPPING events from decorations provider vscode.git 337
2024-07-28 22:08:37.684 [warning] [Decorations] CAPPING events from decorations provider vscode.git 337
2024-07-28 22:08:42.751 [warning] [Decorations] CAPPING events from decorations provider vscode.git 337
2024-07-28 22:08:47.817 [warning] [Decorations] CAPPING events from decorations provider vscode.git 337
2024-07-28 22:08:52.882 [warning] [Decorations] CAPPING events from decorations provider vscode.git 337
2024-07-28 22:08:57.948 [warning] [Decorations] CAPPING events from decorations provider vscode.git 337
2024-07-28 22:09:03.019 [warning] [Decorations] CAPPING events from decorations provider vscode.git 337
2024-07-28 22:09:08.085 [warning] [Decorations] CAPPING events from decorations provider vscode.git 337
2024-07-28 22:09:13.158 [warning] [Decorations] CAPPING events from decorations provider vscode.git 337
2024-07-28 22:09:18.224 [warning] [Decorations] CAPPING events from decorations provider vscode.git 337
2024-07-28 22:09:23.298 [warning] [Decorations] CAPPING events from decorations provider vscode.git 337
2024-07-28 22:09:28.431 [warning] [Decorations] CAPPING events from decorations provider vscode.git 337
2024-07-28 22:09:33.502 [warning] [Decorations] CAPPING events from decorations provider vscode.git 337
2024-07-28 22:09:38.569 [warning] [Decorations] CAPPING events from decorations provider vscode.git 337
2024-07-28 22:09:43.638 [warning] [Decorations] CAPPING events from decorations provider vscode.git 337
2024-07-28 22:09:48.712 [warning] [Decorations] CAPPING events from decorations provider vscode.git 337
2024-07-28 22:09:53.783 [warning] [Decorations] CAPPING events from decorations provider vscode.git 337
2024-07-28 22:09:58.857 [warning] [Decorations] CAPPING events from decorations provider vscode.git 337
2024-07-28 22:10:03.927 [warning] [Decorations] CAPPING events from decorations provider vscode.git 337
2024-07-28 22:10:08.998 [warning] [Decorations] CAPPING events from decorations provider vscode.git 337
2024-07-28 22:10:14.065 [warning] [Decorations] CAPPING events from decorations provider vscode.git 337
2024-07-28 22:10:19.133 [warning] [Decorations] CAPPING events from decorations provider vscode.git 337
2024-07-28 22:10:24.204 [warning] [Decorations] CAPPING events from decorations provider vscode.git 337
2024-07-28 22:10:29.274 [warning] [Decorations] CAPPING events from decorations provider vscode.git 337
2024-07-28 22:10:34.345 [warning] [Decorations] CAPPING events from decorations provider vscode.git 337
2024-07-28 22:10:39.418 [warning] [Decorations] CAPPING events from decorations provider vscode.git 337
2024-07-28 22:12:21.383 [warning] [Decorations] CAPPING events from decorations provider vscode.git 337
2024-07-28 22:12:26.458 [warning] [Decorations] CAPPING events from decorations provider vscode.git 337
2024-07-28 22:12:31.534 [warning] [Decorations] CAPPING events from decorations provider vscode.git 337
2024-07-28 22:12:36.604 [warning] [Decorations] CAPPING events from decorations provider vscode.git 337
2024-07-28 22:12:41.677 [warning] [Decorations] CAPPING events from decorations provider vscode.git 338
2024-07-28 22:12:46.745 [warning] [Decorations] CAPPING events from decorations provider vscode.git 338
2024-07-28 22:12:51.823 [warning] [Decorations] CAPPING events from decorations provider vscode.git 339
2024-07-28 22:12:56.891 [warning] [Decorations] CAPPING events from decorations provider vscode.git 339
2024-07-28 22:13:01.959 [warning] [Decorations] CAPPING events from decorations provider vscode.git 340
2024-07-28 22:13:07.033 [warning] [Decorations] CAPPING events from decorations provider vscode.git 341
2024-07-28 22:13:12.116 [warning] [Decorations] CAPPING events from decorations provider vscode.git 341
2024-07-28 22:13:17.185 [warning] [Decorations] CAPPING events from decorations provider vscode.git 341
2024-07-28 22:13:22.253 [warning] [Decorations] CAPPING events from decorations provider vscode.git 342
2024-07-28 22:13:27.323 [warning] [Decorations] CAPPING events from decorations provider vscode.git 343
2024-07-28 22:13:32.390 [warning] [Decorations] CAPPING events from decorations provider vscode.git 343
2024-07-28 22:13:37.459 [warning] [Decorations] CAPPING events from decorations provider vscode.git 343
2024-07-28 22:13:42.525 [warning] [Decorations] CAPPING events from decorations provider vscode.git 343
2024-07-28 22:13:47.596 [warning] [Decorations] CAPPING events from decorations provider vscode.git 343
2024-07-28 22:13:52.672 [warning] [Decorations] CAPPING events from decorations provider vscode.git 343
2024-07-28 22:13:57.743 [warning] [Decorations] CAPPING events from decorations provider vscode.git 343
2024-07-28 22:14:02.818 [warning] [Decorations] CAPPING events from decorations provider vscode.git 343
2024-07-28 22:14:07.884 [warning] [Decorations] CAPPING events from decorations provider vscode.git 343
2024-07-28 22:14:12.952 [warning] [Decorations] CAPPING events from decorations provider vscode.git 343
2024-07-28 22:14:18.022 [warning] [Decorations] CAPPING events from decorations provider vscode.git 343
2024-07-28 22:14:23.089 [warning] [Decorations] CAPPING events from decorations provider vscode.git 343
2024-07-28 22:14:34.505 [warning] [Decorations] CAPPING events from decorations provider vscode.git 343
2024-07-28 22:14:39.588 [warning] [Decorations] CAPPING events from decorations provider vscode.git 343
2024-07-28 22:14:44.661 [warning] [Decorations] CAPPING events from decorations provider vscode.git 343
2024-07-28 22:14:49.793 [warning] [Decorations] CAPPING events from decorations provider vscode.git 343
2024-07-28 22:15:01.039 [warning] [Decorations] CAPPING events from decorations provider vscode.git 343
2024-07-28 22:16:18.059 [warning] [Decorations] CAPPING events from decorations provider vscode.git 343
2024-07-28 22:16:45.650 [warning] [Decorations] CAPPING events from decorations provider vscode.git 343
2024-07-29 05:35:17.970 [info] Extension host terminating: renderer disconnected for too long (2)
2024-07-29 05:35:17.971 [info] Lock '/home/ec2-user/.vscode-server/data/User/workspaceStorage/2e59bcc7daae21a50b1a906392738955/vscode.lock': Marking the lockfile as scheduled to be released in 6000 ms.
2024-07-29 05:35:18.010 [error] Canceled: Canceled
	at new I (/home/ec2-user/.vscode-server/cli/servers/Stable-f1e16e1e6214d7c44d078b1f0607b2388f29d729/server/out/vs/workbench/api/node/extensionHostProcess.js:146:34990)
	at S.U (/home/ec2-user/.vscode-server/cli/servers/Stable-f1e16e1e6214d7c44d078b1f0607b2388f29d729/server/out/vs/workbench/api/node/extensionHostProcess.js:153:6023)
	at z.<computed>.F.charCodeAt.T.CharCode.DollarSign.z.<computed> (/home/ec2-user/.vscode-server/cli/servers/Stable-f1e16e1e6214d7c44d078b1f0607b2388f29d729/server/out/vs/workbench/api/node/extensionHostProcess.js:153:3107)
	at f.g (/home/ec2-user/.vscode-server/cli/servers/Stable-f1e16e1e6214d7c44d078b1f0607b2388f29d729/server/out/vs/workbench/api/node/extensionHostProcess.js:156:203861)
	at f.executeCommand (/home/ec2-user/.vscode-server/cli/servers/Stable-f1e16e1e6214d7c44d078b1f0607b2388f29d729/server/out/vs/workbench/api/node/extensionHostProcess.js:156:203299)
	at A.registerCommand.description (/home/ec2-user/.vscode-server/cli/servers/Stable-f1e16e1e6214d7c44d078b1f0607b2388f29d729/server/out/vs/workbench/api/node/extensionHostProcess.js:156:202623)
	at f.h (/home/ec2-user/.vscode-server/cli/servers/Stable-f1e16e1e6214d7c44d078b1f0607b2388f29d729/server/out/vs/workbench/api/node/extensionHostProcess.js:156:204400)
	at f.g (/home/ec2-user/.vscode-server/cli/servers/Stable-f1e16e1e6214d7c44d078b1f0607b2388f29d729/server/out/vs/workbench/api/node/extensionHostProcess.js:156:203392)
	at f.executeCommand (/home/ec2-user/.vscode-server/cli/servers/Stable-f1e16e1e6214d7c44d078b1f0607b2388f29d729/server/out/vs/workbench/api/node/extensionHostProcess.js:156:203299)
	at Object.executeCommand (/home/ec2-user/.vscode-server/cli/servers/Stable-f1e16e1e6214d7c44d078b1f0607b2388f29d729/server/out/vs/workbench/api/node/extensionHostProcess.js:166:23051)
	at n.O [as value] (/home/ec2-user/.vscode-server/cli/servers/Stable-f1e16e1e6214d7c44d078b1f0607b2388f29d729/server/extensions/git/dist/main.js:2:949496)
	at r.B (/home/ec2-user/.vscode-server/cli/servers/Stable-f1e16e1e6214d7c44d078b1f0607b2388f29d729/server/out/vs/workbench/api/node/extensionHostProcess.js:83:737)
	at r.C (/home/ec2-user/.vscode-server/cli/servers/Stable-f1e16e1e6214d7c44d078b1f0607b2388f29d729/server/out/vs/workbench/api/node/extensionHostProcess.js:83:807)
	at r.fire (/home/ec2-user/.vscode-server/cli/servers/Stable-f1e16e1e6214d7c44d078b1f0607b2388f29d729/server/out/vs/workbench/api/node/extensionHostProcess.js:83:1023)
	at Object.p [as dispose] (/home/ec2-user/.vscode-server/cli/servers/Stable-f1e16e1e6214d7c44d078b1f0607b2388f29d729/server/extensions/git/dist/main.js:2:968700)
	at /home/ec2-user/.vscode-server/cli/servers/Stable-f1e16e1e6214d7c44d078b1f0607b2388f29d729/server/extensions/git/dist/main.js:2:974738
	at Array.forEach (<anonymous>)
	at f.dispose (/home/ec2-user/.vscode-server/cli/servers/Stable-f1e16e1e6214d7c44d078b1f0607b2388f29d729/server/extensions/git/dist/main.js:2:974724)
	at c.<anonymous> (/home/ec2-user/.vscode-server/cli/servers/Stable-f1e16e1e6214d7c44d078b1f0607b2388f29d729/server/out/vs/workbench/api/node/extensionHostProcess.js:154:4048)
	at c.dispose (/home/ec2-user/.vscode-server/cli/servers/Stable-f1e16e1e6214d7c44d078b1f0607b2388f29d729/server/out/vs/workbench/api/node/extensionHostProcess.js:154:4145)
	at c.<anonymous> (/home/ec2-user/.vscode-server/cli/servers/Stable-f1e16e1e6214d7c44d078b1f0607b2388f29d729/server/extensions/git/dist/main.js:2:951753)
	at c.dispose (/home/ec2-user/.vscode-server/cli/servers/Stable-f1e16e1e6214d7c44d078b1f0607b2388f29d729/server/out/vs/workbench/api/node/extensionHostProcess.js:154:4145)
	at d (/home/ec2-user/.vscode-server/cli/servers/Stable-f1e16e1e6214d7c44d078b1f0607b2388f29d729/server/out/vs/workbench/api/node/extensionHostProcess.js:30:744)
	at m.eb (/home/ec2-user/.vscode-server/cli/servers/Stable-f1e16e1e6214d7c44d078b1f0607b2388f29d729/server/out/vs/workbench/api/node/extensionHostProcess.js:162:10039)
	at /home/ec2-user/.vscode-server/cli/servers/Stable-f1e16e1e6214d7c44d078b1f0607b2388f29d729/server/out/vs/workbench/api/node/extensionHostProcess.js:162:7915
	at Array.map (<anonymous>)
	at m.$ (/home/ec2-user/.vscode-server/cli/servers/Stable-f1e16e1e6214d7c44d078b1f0607b2388f29d729/server/out/vs/workbench/api/node/extensionHostProcess.js:162:7902)
	at m.terminate (/home/ec2-user/.vscode-server/cli/servers/Stable-f1e16e1e6214d7c44d078b1f0607b2388f29d729/server/out/vs/workbench/api/node/extensionHostProcess.js:162:8175)
	at d.terminate (/home/ec2-user/.vscode-server/cli/servers/Stable-f1e16e1e6214d7c44d078b1f0607b2388f29d729/server/out/vs/workbench/api/node/extensionHostProcess.js:166:1513)
	at i (/home/ec2-user/.vscode-server/cli/servers/Stable-f1e16e1e6214d7c44d078b1f0607b2388f29d729/server/out/vs/workbench/api/node/extensionHostProcess.js:179:10617)
	at F.a (/home/ec2-user/.vscode-server/cli/servers/Stable-f1e16e1e6214d7c44d078b1f0607b2388f29d729/server/out/vs/workbench/api/node/extensionHostProcess.js:179:7285)
	at F.h (/home/ec2-user/.vscode-server/cli/servers/Stable-f1e16e1e6214d7c44d078b1f0607b2388f29d729/server/out/vs/workbench/api/node/extensionHostProcess.js:100:21239)
	at listOnTimeout (node:internal/timers:573:17)
	at process.processTimers (node:internal/timers:514:7) setContext undefined
2024-07-29 05:35:18.011 [error] Canceled: Canceled
	at new I (/home/ec2-user/.vscode-server/cli/servers/Stable-f1e16e1e6214d7c44d078b1f0607b2388f29d729/server/out/vs/workbench/api/node/extensionHostProcess.js:146:34990)
	at S.U (/home/ec2-user/.vscode-server/cli/servers/Stable-f1e16e1e6214d7c44d078b1f0607b2388f29d729/server/out/vs/workbench/api/node/extensionHostProcess.js:153:6023)
	at z.<computed>.F.charCodeAt.T.CharCode.DollarSign.z.<computed> (/home/ec2-user/.vscode-server/cli/servers/Stable-f1e16e1e6214d7c44d078b1f0607b2388f29d729/server/out/vs/workbench/api/node/extensionHostProcess.js:153:3107)
	at f.g (/home/ec2-user/.vscode-server/cli/servers/Stable-f1e16e1e6214d7c44d078b1f0607b2388f29d729/server/out/vs/workbench/api/node/extensionHostProcess.js:156:203861)
	at f.executeCommand (/home/ec2-user/.vscode-server/cli/servers/Stable-f1e16e1e6214d7c44d078b1f0607b2388f29d729/server/out/vs/workbench/api/node/extensionHostProcess.js:156:203299)
	at A.registerCommand.description (/home/ec2-user/.vscode-server/cli/servers/Stable-f1e16e1e6214d7c44d078b1f0607b2388f29d729/server/out/vs/workbench/api/node/extensionHostProcess.js:156:202623)
	at f.h (/home/ec2-user/.vscode-server/cli/servers/Stable-f1e16e1e6214d7c44d078b1f0607b2388f29d729/server/out/vs/workbench/api/node/extensionHostProcess.js:156:204400)
	at f.g (/home/ec2-user/.vscode-server/cli/servers/Stable-f1e16e1e6214d7c44d078b1f0607b2388f29d729/server/out/vs/workbench/api/node/extensionHostProcess.js:156:203392)
	at f.executeCommand (/home/ec2-user/.vscode-server/cli/servers/Stable-f1e16e1e6214d7c44d078b1f0607b2388f29d729/server/out/vs/workbench/api/node/extensionHostProcess.js:156:203299)
	at Object.executeCommand (/home/ec2-user/.vscode-server/cli/servers/Stable-f1e16e1e6214d7c44d078b1f0607b2388f29d729/server/out/vs/workbench/api/node/extensionHostProcess.js:166:23051)
	at set hasGitHubRepositories [as hasGitHubRepositories] (/home/ec2-user/.vscode-server/cli/servers/Stable-f1e16e1e6214d7c44d078b1f0607b2388f29d729/server/extensions/github/dist/extension.js:2:322969)
	at /home/ec2-user/.vscode-server/cli/servers/Stable-f1e16e1e6214d7c44d078b1f0607b2388f29d729/server/extensions/github/dist/extension.js:2:323928
	at n.value (/home/ec2-user/.vscode-server/cli/servers/Stable-f1e16e1e6214d7c44d078b1f0607b2388f29d729/server/extensions/git/dist/main.js:2:1055238)
	at r.B (/home/ec2-user/.vscode-server/cli/servers/Stable-f1e16e1e6214d7c44d078b1f0607b2388f29d729/server/out/vs/workbench/api/node/extensionHostProcess.js:83:737)
	at r.C (/home/ec2-user/.vscode-server/cli/servers/Stable-f1e16e1e6214d7c44d078b1f0607b2388f29d729/server/out/vs/workbench/api/node/extensionHostProcess.js:83:807)
	at r.fire (/home/ec2-user/.vscode-server/cli/servers/Stable-f1e16e1e6214d7c44d078b1f0607b2388f29d729/server/out/vs/workbench/api/node/extensionHostProcess.js:83:1023)
	at Object.p [as dispose] (/home/ec2-user/.vscode-server/cli/servers/Stable-f1e16e1e6214d7c44d078b1f0607b2388f29d729/server/extensions/git/dist/main.js:2:968700)
	at /home/ec2-user/.vscode-server/cli/servers/Stable-f1e16e1e6214d7c44d078b1f0607b2388f29d729/server/extensions/git/dist/main.js:2:974738
	at Array.forEach (<anonymous>)
	at f.dispose (/home/ec2-user/.vscode-server/cli/servers/Stable-f1e16e1e6214d7c44d078b1f0607b2388f29d729/server/extensions/git/dist/main.js:2:974724)
	at c.<anonymous> (/home/ec2-user/.vscode-server/cli/servers/Stable-f1e16e1e6214d7c44d078b1f0607b2388f29d729/server/out/vs/workbench/api/node/extensionHostProcess.js:154:4048)
	at c.dispose (/home/ec2-user/.vscode-server/cli/servers/Stable-f1e16e1e6214d7c44d078b1f0607b2388f29d729/server/out/vs/workbench/api/node/extensionHostProcess.js:154:4145)
	at c.<anonymous> (/home/ec2-user/.vscode-server/cli/servers/Stable-f1e16e1e6214d7c44d078b1f0607b2388f29d729/server/extensions/git/dist/main.js:2:951753)
	at c.dispose (/home/ec2-user/.vscode-server/cli/servers/Stable-f1e16e1e6214d7c44d078b1f0607b2388f29d729/server/out/vs/workbench/api/node/extensionHostProcess.js:154:4145)
	at d (/home/ec2-user/.vscode-server/cli/servers/Stable-f1e16e1e6214d7c44d078b1f0607b2388f29d729/server/out/vs/workbench/api/node/extensionHostProcess.js:30:744)
	at m.eb (/home/ec2-user/.vscode-server/cli/servers/Stable-f1e16e1e6214d7c44d078b1f0607b2388f29d729/server/out/vs/workbench/api/node/extensionHostProcess.js:162:10039)
	at /home/ec2-user/.vscode-server/cli/servers/Stable-f1e16e1e6214d7c44d078b1f0607b2388f29d729/server/out/vs/workbench/api/node/extensionHostProcess.js:162:7915
	at Array.map (<anonymous>)
	at m.$ (/home/ec2-user/.vscode-server/cli/servers/Stable-f1e16e1e6214d7c44d078b1f0607b2388f29d729/server/out/vs/workbench/api/node/extensionHostProcess.js:162:7902)
	at m.terminate (/home/ec2-user/.vscode-server/cli/servers/Stable-f1e16e1e6214d7c44d078b1f0607b2388f29d729/server/out/vs/workbench/api/node/extensionHostProcess.js:162:8175)
	at d.terminate (/home/ec2-user/.vscode-server/cli/servers/Stable-f1e16e1e6214d7c44d078b1f0607b2388f29d729/server/out/vs/workbench/api/node/extensionHostProcess.js:166:1513)
	at i (/home/ec2-user/.vscode-server/cli/servers/Stable-f1e16e1e6214d7c44d078b1f0607b2388f29d729/server/out/vs/workbench/api/node/extensionHostProcess.js:179:10617)
	at F.a (/home/ec2-user/.vscode-server/cli/servers/Stable-f1e16e1e6214d7c44d078b1f0607b2388f29d729/server/out/vs/workbench/api/node/extensionHostProcess.js:179:7285)
	at F.h (/home/ec2-user/.vscode-server/cli/servers/Stable-f1e16e1e6214d7c44d078b1f0607b2388f29d729/server/out/vs/workbench/api/node/extensionHostProcess.js:100:21239)
	at listOnTimeout (node:internal/timers:573:17)
	at process.processTimers (node:internal/timers:514:7) setContext undefined
2024-07-29 05:35:18.011 [info] Extension host with pid 249070 exiting with code 0
