2024-07-24 08:37:46.426 [info] Log level: Info
2024-07-24 08:37:46.426 [info] Validating found git in: "git"
2024-07-24 08:37:46.426 [info] Using git "2.40.1" from "git"
2024-07-24 08:37:46.426 [info] > git rev-parse --show-toplevel [10ms]
2024-07-24 08:37:46.426 [info] fatal: not a git repository (or any of the parent directories): .git
2024-07-24 08:37:46.426 [info] > git rev-parse --show-toplevel [8ms]
2024-07-24 08:37:46.426 [info] fatal: not a git repository (or any of the parent directories): .git
2024-07-24 08:37:46.438 [info] > git rev-parse --show-toplevel [2ms]
2024-07-24 08:37:46.438 [info] fatal: not a git repository (or any of the parent directories): .git
2024-07-24 08:37:46.518 [info] > git rev-parse --show-toplevel [74ms]
2024-07-24 08:37:46.518 [info] fatal: not a git repository (or any of the parent directories): .git
2024-07-24 08:37:46.545 [info] > git rev-parse --show-toplevel [10ms]
2024-07-24 08:37:46.545 [info] fatal: not a git repository (or any of the parent directories): .git
2024-07-24 08:37:46.553 [info] > git rev-parse --show-toplevel [3ms]
2024-07-24 08:37:46.553 [info] fatal: not a git repository (or any of the parent directories): .git
2024-07-24 08:37:46.571 [info] > git rev-parse --show-toplevel [3ms]
2024-07-24 08:37:46.571 [info] fatal: not a git repository (or any of the parent directories): .git
2024-07-24 08:37:46.584 [info] > git rev-parse --show-toplevel [2ms]
2024-07-24 08:37:46.584 [info] fatal: not a git repository (or any of the parent directories): .git
2024-07-24 08:37:46.594 [info] > git rev-parse --show-toplevel [8ms]
2024-07-24 08:37:46.594 [info] fatal: not a git repository (or any of the parent directories): .git
2024-07-24 08:37:46.624 [info] > git rev-parse --show-toplevel [20ms]
2024-07-24 08:37:46.624 [info] fatal: not a git repository (or any of the parent directories): .git
2024-07-24 08:37:47.256 [info] > git rev-parse --show-toplevel [1ms]
2024-07-24 08:37:47.256 [info] fatal: not a git repository (or any of the parent directories): .git
2024-07-24 08:38:04.647 [info] > git rev-parse --show-toplevel [2ms]
2024-07-24 08:38:04.647 [info] fatal: not a git repository (or any of the parent directories): .git
2024-07-24 08:38:06.503 [info] > git rev-parse --show-toplevel [1ms]
2024-07-24 08:38:06.503 [info] fatal: not a git repository (or any of the parent directories): .git
2024-07-24 09:39:51.512 [info] > git rev-parse --show-toplevel [6ms]
2024-07-24 09:39:51.512 [info] fatal: not a git repository (or any of the parent directories): .git
2024-07-24 09:59:47.664 [info] > git rev-parse --show-toplevel [2ms]
2024-07-24 09:59:47.664 [info] fatal: not a git repository (or any of the parent directories): .git
2024-07-24 10:24:43.033 [info] > git rev-parse --show-toplevel [1ms]
2024-07-24 10:24:43.034 [info] fatal: not a git repository (or any of the parent directories): .git
2024-07-24 10:58:54.719 [info] > git rev-parse --show-toplevel [1ms]
2024-07-24 10:58:54.719 [info] fatal: not a git repository (or any of the parent directories): .git
2024-07-24 11:03:24.236 [info] > git rev-parse --show-toplevel [2ms]
2024-07-24 11:03:24.236 [info] fatal: not a git repository (or any of the parent directories): .git
2024-07-24 11:22:00.326 [info] > git rev-parse --show-toplevel [1ms]
2024-07-24 11:22:00.326 [info] fatal: not a git repository (or any of the parent directories): .git
2024-07-24 11:46:07.824 [info] > git rev-parse --show-toplevel [2ms]
2024-07-24 11:46:07.824 [info] fatal: not a git repository (or any of the parent directories): .git
2024-07-24 11:49:15.096 [info] > git rev-parse --show-toplevel [1ms]
2024-07-24 11:49:15.096 [info] fatal: not a git repository (or any of the parent directories): .git
2024-07-24 12:00:15.759 [info] > git rev-parse --show-toplevel [2ms]
2024-07-24 12:00:15.759 [info] fatal: not a git repository (or any of the parent directories): .git
2024-07-24 12:00:29.925 [info] > git rev-parse --show-toplevel [3ms]
2024-07-24 12:00:29.925 [info] fatal: not a git repository (or any of the parent directories): .git
2024-07-24 12:01:52.767 [info] > git rev-parse --show-toplevel [2ms]
2024-07-24 12:01:52.767 [info] fatal: not a git repository (or any of the parent directories): .git
2024-07-24 12:26:40.778 [info] > git rev-parse --show-toplevel [3ms]
2024-07-24 12:26:40.778 [info] fatal: not a git repository (or any of the parent directories): .git
