2024-07-19 10:01:19.088 [info] Log level: Info
2024-07-19 10:01:19.088 [info] Validating found git in: "git"
2024-07-19 10:01:19.088 [info] Using git "2.40.1" from "git"
2024-07-19 10:01:19.088 [info] > git rev-parse --show-toplevel [10ms]
2024-07-19 10:01:19.088 [info] fatal: not a git repository (or any of the parent directories): .git
2024-07-19 10:01:19.088 [info] > git rev-parse --show-toplevel [9ms]
2024-07-19 10:01:19.088 [info] fatal: not a git repository (or any of the parent directories): .git
2024-07-19 10:01:19.102 [info] > git rev-parse --show-toplevel [5ms]
2024-07-19 10:01:19.102 [info] fatal: not a git repository (or any of the parent directories): .git
2024-07-19 10:01:19.118 [info] > git rev-parse --show-toplevel [12ms]
2024-07-19 10:01:19.118 [info] fatal: not a git repository (or any of the parent directories): .git
2024-07-19 10:01:19.124 [info] > git rev-parse --show-toplevel [3ms]
2024-07-19 10:01:19.124 [info] fatal: not a git repository (or any of the parent directories): .git
2024-07-19 10:01:19.135 [info] > git rev-parse --show-toplevel [3ms]
2024-07-19 10:01:19.135 [info] fatal: not a git repository (or any of the parent directories): .git
2024-07-19 10:01:19.154 [info] > git rev-parse --show-toplevel [8ms]
2024-07-19 10:01:19.154 [info] fatal: not a git repository (or any of the parent directories): .git
2024-07-19 10:01:19.163 [info] > git rev-parse --show-toplevel [4ms]
2024-07-19 10:01:19.163 [info] fatal: not a git repository (or any of the parent directories): .git
2024-07-19 10:01:19.179 [info] > git rev-parse --show-toplevel [11ms]
2024-07-19 10:01:19.179 [info] fatal: not a git repository (or any of the parent directories): .git
2024-07-19 10:01:19.192 [info] > git rev-parse --show-toplevel [7ms]
2024-07-19 10:01:19.192 [info] fatal: not a git repository (or any of the parent directories): .git
2024-07-19 10:01:19.791 [info] > git rev-parse --show-toplevel [2ms]
2024-07-19 10:01:19.791 [info] fatal: not a git repository (or any of the parent directories): .git
2024-07-19 10:28:28.253 [info] > git rev-parse --show-toplevel [3ms]
2024-07-19 10:28:28.253 [info] fatal: not a git repository (or any of the parent directories): .git
2024-07-19 10:29:21.266 [info] > git rev-parse --show-toplevel [2ms]
2024-07-19 10:29:21.266 [info] fatal: not a git repository (or any of the parent directories): .git
2024-07-19 10:30:06.958 [info] > git rev-parse --show-toplevel [2ms]
2024-07-19 10:30:06.958 [info] fatal: not a git repository (or any of the parent directories): .git
2024-07-19 10:32:32.985 [info] > git rev-parse --show-toplevel [2ms]
2024-07-19 10:32:32.985 [info] fatal: not a git repository (or any of the parent directories): .git
2024-07-19 10:42:20.972 [info] > git rev-parse --show-toplevel [2ms]
2024-07-19 10:42:20.972 [info] fatal: not a git repository (or any of the parent directories): .git
2024-07-19 10:42:35.480 [info] > git rev-parse --show-toplevel [2ms]
2024-07-19 10:42:35.481 [info] fatal: not a git repository (or any of the parent directories): .git
2024-07-19 10:50:04.732 [info] > git rev-parse --show-toplevel [7ms]
2024-07-19 10:50:04.732 [info] fatal: not a git repository (or any of the parent directories): .git
2024-07-19 10:50:11.797 [info] > git rev-parse --show-toplevel [2ms]
2024-07-19 10:50:11.797 [info] fatal: not a git repository (or any of the parent directories): .git
2024-07-19 10:52:49.372 [info] > git rev-parse --show-toplevel [4ms]
2024-07-19 10:52:49.372 [info] fatal: not a git repository (or any of the parent directories): .git
2024-07-19 10:53:07.760 [info] > git rev-parse --show-toplevel [2ms]
2024-07-19 10:53:07.760 [info] fatal: not a git repository (or any of the parent directories): .git
2024-07-19 10:57:32.041 [info] > git rev-parse --show-toplevel [3ms]
2024-07-19 10:57:32.041 [info] fatal: not a git repository (or any of the parent directories): .git
2024-07-19 10:58:22.982 [info] > git rev-parse --show-toplevel [3ms]
2024-07-19 10:58:22.982 [info] fatal: not a git repository (or any of the parent directories): .git
2024-07-19 10:59:27.098 [info] > git rev-parse --show-toplevel [2ms]
2024-07-19 10:59:27.098 [info] fatal: not a git repository (or any of the parent directories): .git
2024-07-19 10:59:49.251 [info] > git rev-parse --show-toplevel [2ms]
2024-07-19 10:59:49.252 [info] fatal: not a git repository (or any of the parent directories): .git
2024-07-19 10:59:58.548 [info] > git rev-parse --show-toplevel [2ms]
2024-07-19 10:59:58.548 [info] fatal: not a git repository (or any of the parent directories): .git
2024-07-19 11:00:04.242 [info] > git rev-parse --show-toplevel [2ms]
2024-07-19 11:00:04.242 [info] fatal: not a git repository (or any of the parent directories): .git
2024-07-19 11:05:04.716 [info] > git rev-parse --show-toplevel [3ms]
2024-07-19 11:05:04.716 [info] fatal: not a git repository (or any of the parent directories): .git
2024-07-19 11:05:19.540 [info] > git rev-parse --show-toplevel [2ms]
2024-07-19 11:05:19.540 [info] fatal: not a git repository (or any of the parent directories): .git
2024-07-19 11:05:30.494 [info] > git rev-parse --show-toplevel [2ms]
2024-07-19 11:05:30.494 [info] fatal: not a git repository (or any of the parent directories): .git
2024-07-19 11:05:39.502 [info] > git rev-parse --show-toplevel [2ms]
2024-07-19 11:05:39.502 [info] fatal: not a git repository (or any of the parent directories): .git
2024-07-19 11:05:47.522 [info] > git rev-parse --show-toplevel [2ms]
2024-07-19 11:05:47.522 [info] fatal: not a git repository (or any of the parent directories): .git
2024-07-19 11:06:07.076 [info] > git rev-parse --show-toplevel [2ms]
2024-07-19 11:06:07.076 [info] fatal: not a git repository (or any of the parent directories): .git
2024-07-19 11:06:46.020 [info] > git rev-parse --show-toplevel [2ms]
2024-07-19 11:06:46.020 [info] fatal: not a git repository (or any of the parent directories): .git
2024-07-19 11:07:17.732 [info] > git rev-parse --show-toplevel [3ms]
2024-07-19 11:07:17.732 [info] fatal: not a git repository (or any of the parent directories): .git
2024-07-19 11:07:28.867 [info] > git rev-parse --show-toplevel [2ms]
2024-07-19 11:07:28.867 [info] fatal: not a git repository (or any of the parent directories): .git
2024-07-19 11:09:32.565 [info] > git rev-parse --show-toplevel [3ms]
2024-07-19 11:09:32.565 [info] fatal: not a git repository (or any of the parent directories): .git
2024-07-19 11:09:34.551 [info] > git rev-parse --show-toplevel [2ms]
2024-07-19 11:09:34.551 [info] fatal: not a git repository (or any of the parent directories): .git
2024-07-19 11:11:43.607 [info] > git rev-parse --show-toplevel [2ms]
2024-07-19 11:11:43.608 [info] fatal: not a git repository (or any of the parent directories): .git
2024-07-19 11:13:00.852 [info] > git rev-parse --show-toplevel [2ms]
2024-07-19 11:13:00.852 [info] fatal: not a git repository (or any of the parent directories): .git
2024-07-19 11:13:32.961 [info] > git rev-parse --show-toplevel [2ms]
2024-07-19 11:13:32.961 [info] fatal: not a git repository (or any of the parent directories): .git
2024-07-19 11:13:37.043 [info] > git rev-parse --show-toplevel [3ms]
2024-07-19 11:13:37.043 [info] fatal: not a git repository (or any of the parent directories): .git
2024-07-19 11:13:41.191 [info] > git rev-parse --show-toplevel [2ms]
2024-07-19 11:13:41.191 [info] fatal: not a git repository (or any of the parent directories): .git
2024-07-19 11:14:04.170 [info] > git rev-parse --show-toplevel [2ms]
2024-07-19 11:14:04.170 [info] fatal: not a git repository (or any of the parent directories): .git
2024-07-19 11:14:05.605 [info] > git rev-parse --show-toplevel [2ms]
2024-07-19 11:14:05.605 [info] fatal: not a git repository (or any of the parent directories): .git
2024-07-19 11:14:38.776 [info] > git rev-parse --show-toplevel [2ms]
2024-07-19 11:14:38.776 [info] fatal: not a git repository (or any of the parent directories): .git
2024-07-19 11:22:08.694 [info] > git rev-parse --show-toplevel [2ms]
2024-07-19 11:22:08.694 [info] fatal: not a git repository (or any of the parent directories): .git
2024-07-19 11:22:15.637 [info] > git rev-parse --show-toplevel [2ms]
2024-07-19 11:22:15.637 [info] fatal: not a git repository (or any of the parent directories): .git
2024-07-19 11:49:38.053 [info] > git rev-parse --show-toplevel [2ms]
2024-07-19 11:49:38.053 [info] fatal: not a git repository (or any of the parent directories): .git
2024-07-19 11:54:24.415 [info] > git rev-parse --show-toplevel [2ms]
2024-07-19 11:54:24.415 [info] fatal: not a git repository (or any of the parent directories): .git
2024-07-19 11:56:33.208 [info] > git rev-parse --show-toplevel [2ms]
2024-07-19 11:56:33.208 [info] fatal: not a git repository (or any of the parent directories): .git
