2024-07-24 19:27:00.979 [info] Log level: Info
2024-07-24 19:27:00.979 [info] Validating found git in: "git"
2024-07-24 19:27:00.979 [info] Using git "2.40.1" from "git"
2024-07-24 19:27:00.980 [info] > git rev-parse --show-toplevel [30ms]
2024-07-24 19:27:00.980 [info] fatal: not a git repository (or any of the parent directories): .git
2024-07-24 19:27:00.980 [info] > git rev-parse --show-toplevel [13ms]
2024-07-24 19:27:00.980 [info] fatal: not a git repository (or any of the parent directories): .git
2024-07-24 19:27:01.108 [info] > git rev-parse --show-toplevel [8ms]
2024-07-24 19:27:01.108 [info] fatal: not a git repository (or any of the parent directories): .git
2024-07-24 19:27:01.114 [info] > git rev-parse --show-toplevel [3ms]
2024-07-24 19:27:01.114 [info] fatal: not a git repository (or any of the parent directories): .git
2024-07-24 19:27:01.131 [info] > git rev-parse --show-toplevel [5ms]
2024-07-24 19:27:01.131 [info] fatal: not a git repository (or any of the parent directories): .git
2024-07-24 19:27:01.136 [info] > git rev-parse --show-toplevel [2ms]
2024-07-24 19:27:01.136 [info] fatal: not a git repository (or any of the parent directories): .git
2024-07-24 19:27:01.143 [info] > git rev-parse --show-toplevel [1ms]
2024-07-24 19:27:01.143 [info] fatal: not a git repository (or any of the parent directories): .git
2024-07-24 19:27:01.147 [info] > git rev-parse --show-toplevel [2ms]
2024-07-24 19:27:01.147 [info] fatal: not a git repository (or any of the parent directories): .git
2024-07-24 19:27:01.151 [info] > git rev-parse --show-toplevel [2ms]
2024-07-24 19:27:01.151 [info] fatal: not a git repository (or any of the parent directories): .git
2024-07-24 19:27:01.155 [info] > git rev-parse --show-toplevel [2ms]
2024-07-24 19:27:01.155 [info] fatal: not a git repository (or any of the parent directories): .git
2024-07-24 19:27:01.161 [info] > git rev-parse --show-toplevel [2ms]
2024-07-24 19:27:01.161 [info] fatal: not a git repository (or any of the parent directories): .git
2024-07-24 19:29:21.043 [info] > git rev-parse --show-toplevel [2ms]
2024-07-24 19:29:21.043 [info] fatal: not a git repository (or any of the parent directories): .git
2024-07-24 21:26:10.975 [info] > git rev-parse --show-toplevel [2ms]
2024-07-24 21:26:10.975 [info] fatal: not a git repository (or any of the parent directories): .git
2024-07-24 21:40:59.384 [info] > git rev-parse --show-toplevel [2ms]
2024-07-24 21:40:59.384 [info] fatal: not a git repository (or any of the parent directories): .git
2024-07-24 22:04:57.141 [info] > git rev-parse --show-toplevel [61ms]
2024-07-24 22:04:57.141 [info] fatal: not a git repository (or any of the parent directories): .git
2024-07-24 22:54:57.081 [info] > git rev-parse --show-toplevel [2ms]
2024-07-24 22:54:57.081 [info] fatal: not a git repository (or any of the parent directories): .git
2024-07-25 02:29:53.692 [info] > git rev-parse --show-toplevel [68ms]
2024-07-25 02:29:53.692 [info] fatal: not a git repository (or any of the parent directories): .git
2024-07-25 02:30:14.544 [info] > git rev-parse --show-toplevel [2ms]
2024-07-25 02:30:14.544 [info] fatal: not a git repository (or any of the parent directories): .git
2024-07-25 02:31:22.968 [info] > git rev-parse --show-toplevel [2ms]
2024-07-25 02:31:22.968 [info] fatal: not a git repository (or any of the parent directories): .git
2024-07-25 02:32:25.335 [info] > git rev-parse --show-toplevel [2ms]
2024-07-25 02:32:25.335 [info] fatal: not a git repository (or any of the parent directories): .git
2024-07-25 02:32:29.062 [info] > git rev-parse --show-toplevel [2ms]
2024-07-25 02:32:29.062 [info] fatal: not a git repository (or any of the parent directories): .git
2024-07-25 02:34:41.898 [info] > git rev-parse --show-toplevel [2ms]
2024-07-25 02:34:41.899 [info] fatal: not a git repository (or any of the parent directories): .git
2024-07-25 02:35:30.772 [info] > git rev-parse --show-toplevel [2ms]
2024-07-25 02:35:30.772 [info] fatal: not a git repository (or any of the parent directories): .git
2024-07-25 02:37:35.307 [info] > git rev-parse --show-toplevel [2ms]
2024-07-25 02:37:35.307 [info] fatal: not a git repository (or any of the parent directories): .git
2024-07-25 02:38:29.825 [info] > git rev-parse --show-toplevel [2ms]
2024-07-25 02:38:29.825 [info] fatal: not a git repository (or any of the parent directories): .git
2024-07-25 02:38:41.309 [info] > git rev-parse --show-toplevel [3ms]
2024-07-25 02:38:41.309 [info] fatal: not a git repository (or any of the parent directories): .git
2024-07-25 02:38:49.545 [info] > git rev-parse --show-toplevel [3ms]
2024-07-25 02:38:49.545 [info] fatal: not a git repository (or any of the parent directories): .git
2024-07-25 02:39:18.092 [info] > git rev-parse --show-toplevel [3ms]
2024-07-25 02:39:18.092 [info] fatal: not a git repository (or any of the parent directories): .git
2024-07-25 02:39:42.639 [info] > git rev-parse --show-toplevel [2ms]
2024-07-25 02:39:42.639 [info] fatal: not a git repository (or any of the parent directories): .git
2024-07-25 02:42:46.762 [info] > git rev-parse --show-toplevel [3ms]
2024-07-25 02:42:46.762 [info] fatal: not a git repository (or any of the parent directories): .git
2024-07-25 02:42:53.095 [info] > git rev-parse --show-toplevel [3ms]
2024-07-25 02:42:53.095 [info] fatal: not a git repository (or any of the parent directories): .git
2024-07-25 02:43:20.036 [info] > git rev-parse --show-toplevel [2ms]
2024-07-25 02:43:20.036 [info] fatal: not a git repository (or any of the parent directories): .git
2024-07-25 02:43:33.209 [info] > git rev-parse --show-toplevel [2ms]
2024-07-25 02:43:33.209 [info] fatal: not a git repository (or any of the parent directories): .git
2024-07-25 02:44:05.461 [info] > git rev-parse --show-toplevel [2ms]
2024-07-25 02:44:05.461 [info] fatal: not a git repository (or any of the parent directories): .git
2024-07-25 02:44:19.110 [info] > git rev-parse --show-toplevel [4ms]
2024-07-25 02:44:19.110 [info] fatal: not a git repository (or any of the parent directories): .git
2024-07-25 02:45:27.363 [info] > git rev-parse --show-toplevel [4ms]
2024-07-25 02:45:27.363 [info] fatal: not a git repository (or any of the parent directories): .git
2024-07-25 02:46:17.496 [info] > git rev-parse --show-toplevel [3ms]
2024-07-25 02:46:17.496 [info] fatal: not a git repository (or any of the parent directories): .git
2024-07-25 02:46:54.060 [info] > git rev-parse --show-toplevel [4ms]
2024-07-25 02:46:54.060 [info] fatal: not a git repository (or any of the parent directories): .git
2024-07-25 02:47:11.943 [info] > git rev-parse --show-toplevel [4ms]
2024-07-25 02:47:11.943 [info] fatal: not a git repository (or any of the parent directories): .git
2024-07-25 02:47:18.166 [info] > git rev-parse --show-toplevel [2ms]
2024-07-25 02:47:18.167 [info] fatal: not a git repository (or any of the parent directories): .git
2024-07-25 02:47:22.757 [info] > git rev-parse --show-toplevel [3ms]
2024-07-25 02:47:22.757 [info] fatal: not a git repository (or any of the parent directories): .git
2024-07-25 02:47:24.151 [info] > git rev-parse --show-toplevel [2ms]
2024-07-25 02:47:24.151 [info] fatal: not a git repository (or any of the parent directories): .git
2024-07-25 02:50:47.681 [info] > git rev-parse --show-toplevel [3ms]
2024-07-25 02:50:47.681 [info] fatal: not a git repository (or any of the parent directories): .git
2024-07-25 02:51:17.752 [info] > git rev-parse --show-toplevel [2ms]
2024-07-25 02:51:17.752 [info] fatal: not a git repository (or any of the parent directories): .git
2024-07-25 02:52:48.062 [info] > git rev-parse --show-toplevel [2ms]
2024-07-25 02:52:48.063 [info] fatal: not a git repository (or any of the parent directories): .git
2024-07-25 02:53:36.719 [info] > git rev-parse --show-toplevel [2ms]
2024-07-25 02:53:36.719 [info] fatal: not a git repository (or any of the parent directories): .git
2024-07-25 02:53:46.051 [info] > git rev-parse --show-toplevel [3ms]
2024-07-25 02:53:46.051 [info] fatal: not a git repository (or any of the parent directories): .git
2024-07-25 02:54:01.535 [info] > git rev-parse --show-toplevel [2ms]
2024-07-25 02:54:01.535 [info] fatal: not a git repository (or any of the parent directories): .git
2024-07-25 02:54:01.540 [info] > git rev-parse --show-toplevel [3ms]
2024-07-25 02:54:01.540 [info] fatal: not a git repository (or any of the parent directories): .git
2024-07-25 02:54:05.774 [info] > git rev-parse --show-toplevel [3ms]
2024-07-25 02:54:05.774 [info] fatal: not a git repository (or any of the parent directories): .git
2024-07-25 02:54:30.222 [info] > git rev-parse --show-toplevel [3ms]
2024-07-25 02:54:30.222 [info] fatal: not a git repository (or any of the parent directories): .git
2024-07-25 02:54:30.226 [info] > git rev-parse --show-toplevel [2ms]
2024-07-25 02:54:30.226 [info] fatal: not a git repository (or any of the parent directories): .git
2024-07-25 02:54:42.601 [info] > git rev-parse --show-toplevel [2ms]
2024-07-25 02:54:42.601 [info] fatal: not a git repository (or any of the parent directories): .git
2024-07-25 02:54:42.702 [info] > git rev-parse --show-toplevel [2ms]
2024-07-25 02:54:42.702 [info] fatal: not a git repository (or any of the parent directories): .git
2024-07-25 02:54:42.706 [info] > git rev-parse --show-toplevel [2ms]
2024-07-25 02:54:42.706 [info] fatal: not a git repository (or any of the parent directories): .git
2024-07-25 03:03:30.701 [info] > git rev-parse --show-toplevel [2ms]
2024-07-25 03:03:30.701 [info] fatal: not a git repository (or any of the parent directories): .git
2024-07-25 03:03:30.801 [info] > git rev-parse --show-toplevel [3ms]
2024-07-25 03:03:30.801 [info] fatal: not a git repository (or any of the parent directories): .git
2024-07-25 03:03:30.804 [info] > git rev-parse --show-toplevel [1ms]
2024-07-25 03:03:30.804 [info] fatal: not a git repository (or any of the parent directories): .git
2024-07-25 03:04:06.910 [info] > git rev-parse --show-toplevel [2ms]
2024-07-25 03:04:06.910 [info] fatal: not a git repository (or any of the parent directories): .git
2024-07-25 03:04:07.023 [info] > git rev-parse --show-toplevel [2ms]
2024-07-25 03:04:07.023 [info] fatal: not a git repository (or any of the parent directories): .git
2024-07-25 03:04:07.027 [info] > git rev-parse --show-toplevel [2ms]
2024-07-25 03:04:07.027 [info] fatal: not a git repository (or any of the parent directories): .git
2024-07-25 03:04:11.477 [info] > git rev-parse --show-toplevel [2ms]
2024-07-25 03:04:11.477 [info] fatal: not a git repository (or any of the parent directories): .git
2024-07-25 03:04:11.481 [info] > git rev-parse --show-toplevel [2ms]
2024-07-25 03:04:11.481 [info] fatal: not a git repository (or any of the parent directories): .git
2024-07-25 03:04:11.484 [info] > git rev-parse --show-toplevel [1ms]
2024-07-25 03:04:11.484 [info] fatal: not a git repository (or any of the parent directories): .git
2024-07-25 03:04:29.144 [info] > git rev-parse --show-toplevel [2ms]
2024-07-25 03:04:29.144 [info] fatal: not a git repository (or any of the parent directories): .git
2024-07-25 03:04:29.248 [info] > git rev-parse --show-toplevel [3ms]
2024-07-25 03:04:29.248 [info] fatal: not a git repository (or any of the parent directories): .git
2024-07-25 03:04:29.251 [info] > git rev-parse --show-toplevel [1ms]
2024-07-25 03:04:29.251 [info] fatal: not a git repository (or any of the parent directories): .git
2024-07-25 03:04:50.574 [info] > git rev-parse --show-toplevel [2ms]
2024-07-25 03:04:50.574 [info] fatal: not a git repository (or any of the parent directories): .git
2024-07-25 03:04:50.675 [info] > git rev-parse --show-toplevel [3ms]
2024-07-25 03:04:50.675 [info] fatal: not a git repository (or any of the parent directories): .git
2024-07-25 03:04:50.678 [info] > git rev-parse --show-toplevel [1ms]
2024-07-25 03:04:50.678 [info] fatal: not a git repository (or any of the parent directories): .git
2024-07-25 03:05:04.366 [info] > git rev-parse --show-toplevel [2ms]
2024-07-25 03:05:04.366 [info] fatal: not a git repository (or any of the parent directories): .git
2024-07-25 03:05:04.370 [info] > git rev-parse --show-toplevel [2ms]
2024-07-25 03:05:04.370 [info] fatal: not a git repository (or any of the parent directories): .git
2024-07-25 03:05:04.373 [info] > git rev-parse --show-toplevel [1ms]
2024-07-25 03:05:04.373 [info] fatal: not a git repository (or any of the parent directories): .git
2024-07-25 03:05:06.298 [info] > git rev-parse --show-toplevel [3ms]
2024-07-25 03:05:06.298 [info] fatal: not a git repository (or any of the parent directories): .git
2024-07-25 03:05:14.838 [info] > git rev-parse --show-toplevel [2ms]
2024-07-25 03:05:14.838 [info] fatal: not a git repository (or any of the parent directories): .git
2024-07-25 03:05:14.841 [info] > git rev-parse --show-toplevel [1ms]
2024-07-25 03:05:14.841 [info] fatal: not a git repository (or any of the parent directories): .git
2024-07-25 03:05:20.205 [info] > git rev-parse --show-toplevel [2ms]
2024-07-25 03:05:20.205 [info] fatal: not a git repository (or any of the parent directories): .git
2024-07-25 03:05:20.321 [info] > git rev-parse --show-toplevel [2ms]
2024-07-25 03:05:20.322 [info] fatal: not a git repository (or any of the parent directories): .git
2024-07-25 03:05:20.325 [info] > git rev-parse --show-toplevel [2ms]
2024-07-25 03:05:20.325 [info] fatal: not a git repository (or any of the parent directories): .git
2024-07-25 03:07:05.323 [info] > git rev-parse --show-toplevel [2ms]
2024-07-25 03:07:05.323 [info] fatal: not a git repository (or any of the parent directories): .git
2024-07-25 03:07:05.419 [info] > git rev-parse --show-toplevel [2ms]
2024-07-25 03:07:05.419 [info] fatal: not a git repository (or any of the parent directories): .git
2024-07-25 03:07:05.424 [info] > git rev-parse --show-toplevel [3ms]
2024-07-25 03:07:05.424 [info] fatal: not a git repository (or any of the parent directories): .git
2024-07-25 03:07:21.319 [info] > git rev-parse --show-toplevel [2ms]
2024-07-25 03:07:21.319 [info] fatal: not a git repository (or any of the parent directories): .git
2024-07-25 03:07:21.464 [info] > git rev-parse --show-toplevel [4ms]
2024-07-25 03:07:21.464 [info] fatal: not a git repository (or any of the parent directories): .git
2024-07-25 03:07:21.467 [info] > git rev-parse --show-toplevel [1ms]
2024-07-25 03:07:21.467 [info] fatal: not a git repository (or any of the parent directories): .git
2024-07-25 03:07:25.638 [info] > git rev-parse --show-toplevel [2ms]
2024-07-25 03:07:25.638 [info] fatal: not a git repository (or any of the parent directories): .git
2024-07-25 03:07:25.747 [info] > git rev-parse --show-toplevel [7ms]
2024-07-25 03:07:25.747 [info] fatal: not a git repository (or any of the parent directories): .git
2024-07-25 03:07:25.755 [info] > git rev-parse --show-toplevel [2ms]
2024-07-25 03:07:25.755 [info] fatal: not a git repository (or any of the parent directories): .git
2024-07-25 03:07:27.611 [info] > git rev-parse --show-toplevel [3ms]
2024-07-25 03:07:27.611 [info] fatal: not a git repository (or any of the parent directories): .git
2024-07-25 03:07:27.723 [info] > git rev-parse --show-toplevel [2ms]
2024-07-25 03:07:27.723 [info] fatal: not a git repository (or any of the parent directories): .git
2024-07-25 03:07:27.727 [info] > git rev-parse --show-toplevel [1ms]
2024-07-25 03:07:27.727 [info] fatal: not a git repository (or any of the parent directories): .git
2024-07-25 03:07:31.392 [info] > git rev-parse --show-toplevel [3ms]
2024-07-25 03:07:31.393 [info] fatal: not a git repository (or any of the parent directories): .git
2024-07-25 03:07:31.396 [info] > git rev-parse --show-toplevel [1ms]
2024-07-25 03:07:31.396 [info] fatal: not a git repository (or any of the parent directories): .git
2024-07-25 03:07:31.399 [info] > git rev-parse --show-toplevel [1ms]
2024-07-25 03:07:31.399 [info] fatal: not a git repository (or any of the parent directories): .git
2024-07-25 03:07:39.717 [info] > git rev-parse --show-toplevel [2ms]
2024-07-25 03:07:39.717 [info] fatal: not a git repository (or any of the parent directories): .git
2024-07-25 03:07:39.831 [info] > git rev-parse --show-toplevel [2ms]
2024-07-25 03:07:39.831 [info] fatal: not a git repository (or any of the parent directories): .git
2024-07-25 03:07:39.836 [info] > git rev-parse --show-toplevel [3ms]
2024-07-25 03:07:39.836 [info] fatal: not a git repository (or any of the parent directories): .git
2024-07-25 03:07:45.929 [info] > git rev-parse --show-toplevel [3ms]
2024-07-25 03:07:45.929 [info] fatal: not a git repository (or any of the parent directories): .git
2024-07-25 03:07:45.938 [info] > git rev-parse --show-toplevel [2ms]
2024-07-25 03:07:45.938 [info] fatal: not a git repository (or any of the parent directories): .git
2024-07-25 03:07:45.944 [info] > git rev-parse --show-toplevel [1ms]
2024-07-25 03:07:45.944 [info] fatal: not a git repository (or any of the parent directories): .git
2024-07-25 03:07:58.420 [info] > git rev-parse --show-toplevel [2ms]
2024-07-25 03:07:58.421 [info] fatal: not a git repository (or any of the parent directories): .git
2024-07-25 03:07:58.520 [info] > git rev-parse --show-toplevel [3ms]
2024-07-25 03:07:58.520 [info] fatal: not a git repository (or any of the parent directories): .git
2024-07-25 03:07:58.524 [info] > git rev-parse --show-toplevel [2ms]
2024-07-25 03:07:58.524 [info] fatal: not a git repository (or any of the parent directories): .git
2024-07-25 03:08:09.489 [info] > git rev-parse --show-toplevel [3ms]
2024-07-25 03:08:09.489 [info] fatal: not a git repository (or any of the parent directories): .git
2024-07-25 03:08:09.493 [info] > git rev-parse --show-toplevel [2ms]
2024-07-25 03:08:09.493 [info] fatal: not a git repository (or any of the parent directories): .git
2024-07-25 03:08:09.496 [info] > git rev-parse --show-toplevel [1ms]
2024-07-25 03:08:09.496 [info] fatal: not a git repository (or any of the parent directories): .git
2024-07-25 03:09:51.837 [info] > git rev-parse --show-toplevel [2ms]
2024-07-25 03:09:51.838 [info] fatal: not a git repository (or any of the parent directories): .git
2024-07-25 03:09:51.952 [info] > git rev-parse --show-toplevel [4ms]
2024-07-25 03:09:51.952 [info] fatal: not a git repository (or any of the parent directories): .git
2024-07-25 03:09:51.956 [info] > git rev-parse --show-toplevel [2ms]
2024-07-25 03:09:51.956 [info] fatal: not a git repository (or any of the parent directories): .git
2024-07-25 03:10:34.078 [info] > git rev-parse --show-toplevel [3ms]
2024-07-25 03:10:34.078 [info] fatal: not a git repository (or any of the parent directories): .git
2024-07-25 03:10:34.295 [info] > git rev-parse --show-toplevel [2ms]
2024-07-25 03:10:34.295 [info] fatal: not a git repository (or any of the parent directories): .git
2024-07-25 03:10:34.298 [info] > git rev-parse --show-toplevel [1ms]
2024-07-25 03:10:34.299 [info] fatal: not a git repository (or any of the parent directories): .git
2024-07-25 03:10:47.023 [info] > git rev-parse --show-toplevel [3ms]
2024-07-25 03:10:47.024 [info] fatal: not a git repository (or any of the parent directories): .git
2024-07-25 03:10:47.027 [info] > git rev-parse --show-toplevel [1ms]
2024-07-25 03:10:47.027 [info] fatal: not a git repository (or any of the parent directories): .git
2024-07-25 03:10:47.030 [info] > git rev-parse --show-toplevel [1ms]
2024-07-25 03:10:47.030 [info] fatal: not a git repository (or any of the parent directories): .git
2024-07-25 03:11:03.181 [info] > git rev-parse --show-toplevel [2ms]
2024-07-25 03:11:03.181 [info] fatal: not a git repository (or any of the parent directories): .git
2024-07-25 03:11:03.281 [info] > git rev-parse --show-toplevel [3ms]
2024-07-25 03:11:03.281 [info] fatal: not a git repository (or any of the parent directories): .git
2024-07-25 03:11:03.284 [info] > git rev-parse --show-toplevel [1ms]
2024-07-25 03:11:03.284 [info] fatal: not a git repository (or any of the parent directories): .git
2024-07-25 03:11:09.431 [info] > git rev-parse --show-toplevel [3ms]
2024-07-25 03:11:09.431 [info] fatal: not a git repository (or any of the parent directories): .git
2024-07-25 03:11:09.591 [info] > git rev-parse --show-toplevel [3ms]
2024-07-25 03:11:09.591 [info] fatal: not a git repository (or any of the parent directories): .git
2024-07-25 03:11:09.594 [info] > git rev-parse --show-toplevel [1ms]
2024-07-25 03:11:09.594 [info] fatal: not a git repository (or any of the parent directories): .git
2024-07-25 03:11:55.710 [info] > git rev-parse --show-toplevel [3ms]
2024-07-25 03:11:55.710 [info] fatal: not a git repository (or any of the parent directories): .git
2024-07-25 03:11:55.812 [info] > git rev-parse --show-toplevel [3ms]
2024-07-25 03:11:55.812 [info] fatal: not a git repository (or any of the parent directories): .git
2024-07-25 03:11:55.816 [info] > git rev-parse --show-toplevel [2ms]
2024-07-25 03:11:55.816 [info] fatal: not a git repository (or any of the parent directories): .git
2024-07-25 03:12:16.249 [info] > git rev-parse --show-toplevel [2ms]
2024-07-25 03:12:16.249 [info] fatal: not a git repository (or any of the parent directories): .git
2024-07-25 03:12:16.359 [info] > git rev-parse --show-toplevel [4ms]
2024-07-25 03:12:16.359 [info] fatal: not a git repository (or any of the parent directories): .git
2024-07-25 03:12:16.363 [info] > git rev-parse --show-toplevel [2ms]
2024-07-25 03:12:16.363 [info] fatal: not a git repository (or any of the parent directories): .git
2024-07-25 03:12:37.237 [info] > git rev-parse --show-toplevel [2ms]
2024-07-25 03:12:37.237 [info] fatal: not a git repository (or any of the parent directories): .git
2024-07-25 03:12:37.333 [info] > git rev-parse --show-toplevel [4ms]
2024-07-25 03:12:37.333 [info] fatal: not a git repository (or any of the parent directories): .git
2024-07-25 03:12:37.337 [info] > git rev-parse --show-toplevel [2ms]
2024-07-25 03:12:37.337 [info] fatal: not a git repository (or any of the parent directories): .git
2024-07-25 03:13:08.369 [info] > git rev-parse --show-toplevel [2ms]
2024-07-25 03:13:08.369 [info] fatal: not a git repository (or any of the parent directories): .git
2024-07-25 03:13:08.469 [info] > git rev-parse --show-toplevel [2ms]
2024-07-25 03:13:08.469 [info] fatal: not a git repository (or any of the parent directories): .git
2024-07-25 03:13:08.472 [info] > git rev-parse --show-toplevel [1ms]
2024-07-25 03:13:08.473 [info] fatal: not a git repository (or any of the parent directories): .git
2024-07-25 03:13:13.948 [info] > git rev-parse --show-toplevel [3ms]
2024-07-25 03:13:13.948 [info] fatal: not a git repository (or any of the parent directories): .git
2024-07-25 03:13:13.951 [info] > git rev-parse --show-toplevel [1ms]
2024-07-25 03:13:13.951 [info] fatal: not a git repository (or any of the parent directories): .git
2024-07-25 03:13:13.955 [info] > git rev-parse --show-toplevel [2ms]
2024-07-25 03:13:13.955 [info] fatal: not a git repository (or any of the parent directories): .git
2024-07-25 03:13:48.123 [info] > git rev-parse --show-toplevel [3ms]
2024-07-25 03:13:48.123 [info] fatal: not a git repository (or any of the parent directories): .git
2024-07-25 03:13:48.322 [info] > git rev-parse --show-toplevel [3ms]
2024-07-25 03:13:48.322 [info] fatal: not a git repository (or any of the parent directories): .git
2024-07-25 03:13:48.326 [info] > git rev-parse --show-toplevel [2ms]
2024-07-25 03:13:48.326 [info] fatal: not a git repository (or any of the parent directories): .git
2024-07-25 03:15:49.496 [info] > git rev-parse --show-toplevel [2ms]
2024-07-25 03:15:49.496 [info] fatal: not a git repository (or any of the parent directories): .git
2024-07-25 03:15:49.502 [info] > git rev-parse --show-toplevel [4ms]
2024-07-25 03:15:49.502 [info] fatal: not a git repository (or any of the parent directories): .git
2024-07-25 03:15:49.505 [info] > git rev-parse --show-toplevel [1ms]
2024-07-25 03:15:49.506 [info] fatal: not a git repository (or any of the parent directories): .git
2024-07-25 03:16:07.619 [info] > git rev-parse --show-toplevel [2ms]
2024-07-25 03:16:07.619 [info] fatal: not a git repository (or any of the parent directories): .git
2024-07-25 03:16:07.714 [info] > git rev-parse --show-toplevel [2ms]
2024-07-25 03:16:07.714 [info] fatal: not a git repository (or any of the parent directories): .git
2024-07-25 03:16:07.718 [info] > git rev-parse --show-toplevel [2ms]
2024-07-25 03:16:07.718 [info] fatal: not a git repository (or any of the parent directories): .git
2024-07-25 03:17:14.022 [info] > git rev-parse --show-toplevel [2ms]
2024-07-25 03:17:14.022 [info] fatal: not a git repository (or any of the parent directories): .git
2024-07-25 03:17:14.130 [info] > git rev-parse --show-toplevel [2ms]
2024-07-25 03:17:14.130 [info] fatal: not a git repository (or any of the parent directories): .git
2024-07-25 03:17:14.133 [info] > git rev-parse --show-toplevel [1ms]
2024-07-25 03:17:14.133 [info] fatal: not a git repository (or any of the parent directories): .git
2024-07-25 03:17:23.479 [info] > git rev-parse --show-toplevel [2ms]
2024-07-25 03:17:23.479 [info] fatal: not a git repository (or any of the parent directories): .git
2024-07-25 03:17:23.483 [info] > git rev-parse --show-toplevel [2ms]
2024-07-25 03:17:23.483 [info] fatal: not a git repository (or any of the parent directories): .git
2024-07-25 03:17:23.486 [info] > git rev-parse --show-toplevel [1ms]
2024-07-25 03:17:23.486 [info] fatal: not a git repository (or any of the parent directories): .git
2024-07-25 03:17:41.171 [info] > git rev-parse --show-toplevel [2ms]
2024-07-25 03:17:41.171 [info] fatal: not a git repository (or any of the parent directories): .git
2024-07-25 03:17:41.175 [info] > git rev-parse --show-toplevel [1ms]
2024-07-25 03:17:41.175 [info] fatal: not a git repository (or any of the parent directories): .git
2024-07-25 03:17:41.179 [info] > git rev-parse --show-toplevel [1ms]
2024-07-25 03:17:41.179 [info] fatal: not a git repository (or any of the parent directories): .git
2024-07-25 03:17:49.009 [info] > git rev-parse --show-toplevel [3ms]
2024-07-25 03:17:49.009 [info] fatal: not a git repository (or any of the parent directories): .git
2024-07-25 03:17:49.112 [info] > git rev-parse --show-toplevel [2ms]
2024-07-25 03:17:49.112 [info] fatal: not a git repository (or any of the parent directories): .git
2024-07-25 03:17:49.116 [info] > git rev-parse --show-toplevel [2ms]
2024-07-25 03:17:49.116 [info] fatal: not a git repository (or any of the parent directories): .git
2024-07-25 03:18:55.980 [info] > git rev-parse --show-toplevel [3ms]
2024-07-25 03:18:55.980 [info] fatal: not a git repository (or any of the parent directories): .git
2024-07-25 03:18:56.091 [info] > git rev-parse --show-toplevel [2ms]
2024-07-25 03:18:56.092 [info] fatal: not a git repository (or any of the parent directories): .git
2024-07-25 03:18:56.095 [info] > git rev-parse --show-toplevel [2ms]
2024-07-25 03:18:56.095 [info] fatal: not a git repository (or any of the parent directories): .git
2024-07-25 03:19:23.596 [info] > git rev-parse --show-toplevel [2ms]
2024-07-25 03:19:23.596 [info] fatal: not a git repository (or any of the parent directories): .git
2024-07-25 03:19:23.692 [info] > git rev-parse --show-toplevel [2ms]
2024-07-25 03:19:23.692 [info] fatal: not a git repository (or any of the parent directories): .git
2024-07-25 03:19:23.697 [info] > git rev-parse --show-toplevel [3ms]
2024-07-25 03:19:23.697 [info] fatal: not a git repository (or any of the parent directories): .git
2024-07-25 03:19:27.331 [info] > git rev-parse --show-toplevel [2ms]
2024-07-25 03:19:27.331 [info] fatal: not a git repository (or any of the parent directories): .git
2024-07-25 03:19:27.335 [info] > git rev-parse --show-toplevel [2ms]
2024-07-25 03:19:27.335 [info] fatal: not a git repository (or any of the parent directories): .git
2024-07-25 03:19:27.339 [info] > git rev-parse --show-toplevel [2ms]
2024-07-25 03:19:27.339 [info] fatal: not a git repository (or any of the parent directories): .git
2024-07-25 03:19:34.209 [info] > git rev-parse --show-toplevel [2ms]
2024-07-25 03:19:34.209 [info] fatal: not a git repository (or any of the parent directories): .git
2024-07-25 03:19:34.304 [info] > git rev-parse --show-toplevel [2ms]
2024-07-25 03:19:34.305 [info] fatal: not a git repository (or any of the parent directories): .git
2024-07-25 03:19:34.308 [info] > git rev-parse --show-toplevel [2ms]
2024-07-25 03:19:34.308 [info] fatal: not a git repository (or any of the parent directories): .git
2024-07-25 03:19:36.863 [info] > git rev-parse --show-toplevel [3ms]
2024-07-25 03:19:36.863 [info] fatal: not a git repository (or any of the parent directories): .git
2024-07-25 03:19:36.868 [info] > git rev-parse --show-toplevel [3ms]
2024-07-25 03:19:36.868 [info] fatal: not a git repository (or any of the parent directories): .git
2024-07-25 03:19:36.872 [info] > git rev-parse --show-toplevel [1ms]
2024-07-25 03:19:36.872 [info] fatal: not a git repository (or any of the parent directories): .git
2024-07-25 03:19:56.562 [info] > git rev-parse --show-toplevel [3ms]
2024-07-25 03:19:56.562 [info] fatal: not a git repository (or any of the parent directories): .git
2024-07-25 03:19:56.662 [info] > git rev-parse --show-toplevel [3ms]
2024-07-25 03:19:56.662 [info] fatal: not a git repository (or any of the parent directories): .git
2024-07-25 03:19:56.666 [info] > git rev-parse --show-toplevel [1ms]
2024-07-25 03:19:56.666 [info] fatal: not a git repository (or any of the parent directories): .git
2024-07-25 03:20:28.381 [info] > git rev-parse --show-toplevel [3ms]
2024-07-25 03:20:28.381 [info] fatal: not a git repository (or any of the parent directories): .git
2024-07-25 03:20:28.479 [info] > git rev-parse --show-toplevel [2ms]
2024-07-25 03:20:28.480 [info] fatal: not a git repository (or any of the parent directories): .git
2024-07-25 03:20:28.483 [info] > git rev-parse --show-toplevel [2ms]
2024-07-25 03:20:28.483 [info] fatal: not a git repository (or any of the parent directories): .git
2024-07-25 03:21:45.982 [info] > git rev-parse --show-toplevel [4ms]
2024-07-25 03:21:45.982 [info] fatal: not a git repository (or any of the parent directories): .git
2024-07-25 03:21:45.986 [info] > git rev-parse --show-toplevel [2ms]
2024-07-25 03:21:45.986 [info] fatal: not a git repository (or any of the parent directories): .git
2024-07-25 03:21:45.989 [info] > git rev-parse --show-toplevel [1ms]
2024-07-25 03:21:45.989 [info] fatal: not a git repository (or any of the parent directories): .git
2024-07-25 03:21:46.705 [info] > git rev-parse --show-toplevel [4ms]
2024-07-25 03:21:46.705 [info] fatal: not a git repository (or any of the parent directories): .git
2024-07-25 03:21:46.709 [info] > git rev-parse --show-toplevel [2ms]
2024-07-25 03:21:46.709 [info] fatal: not a git repository (or any of the parent directories): .git
2024-07-25 03:21:46.712 [info] > git rev-parse --show-toplevel [1ms]
2024-07-25 03:21:46.712 [info] fatal: not a git repository (or any of the parent directories): .git
2024-07-25 03:21:50.781 [info] > git rev-parse --show-toplevel [2ms]
2024-07-25 03:21:50.781 [info] fatal: not a git repository (or any of the parent directories): .git
2024-07-25 03:21:50.879 [info] > git rev-parse --show-toplevel [3ms]
2024-07-25 03:21:50.879 [info] fatal: not a git repository (or any of the parent directories): .git
2024-07-25 03:21:50.883 [info] > git rev-parse --show-toplevel [2ms]
2024-07-25 03:21:50.883 [info] fatal: not a git repository (or any of the parent directories): .git
2024-07-25 03:22:16.136 [info] > git rev-parse --show-toplevel [3ms]
2024-07-25 03:22:16.136 [info] fatal: not a git repository (or any of the parent directories): .git
2024-07-25 03:22:16.251 [info] > git rev-parse --show-toplevel [3ms]
2024-07-25 03:22:16.251 [info] fatal: not a git repository (or any of the parent directories): .git
2024-07-25 03:22:16.255 [info] > git rev-parse --show-toplevel [2ms]
2024-07-25 03:22:16.255 [info] fatal: not a git repository (or any of the parent directories): .git
2024-07-25 03:22:23.538 [info] > git rev-parse --show-toplevel [3ms]
2024-07-25 03:22:23.538 [info] fatal: not a git repository (or any of the parent directories): .git
2024-07-25 03:22:23.541 [info] > git rev-parse --show-toplevel [1ms]
2024-07-25 03:22:23.541 [info] fatal: not a git repository (or any of the parent directories): .git
2024-07-25 03:22:23.545 [info] > git rev-parse --show-toplevel [1ms]
2024-07-25 03:22:23.545 [info] fatal: not a git repository (or any of the parent directories): .git
2024-07-25 03:22:40.953 [info] > git rev-parse --show-toplevel [3ms]
2024-07-25 03:22:40.955 [info] fatal: not a git repository (or any of the parent directories): .git
2024-07-25 03:22:41.106 [info] > git rev-parse --show-toplevel [4ms]
2024-07-25 03:22:41.106 [info] fatal: not a git repository (or any of the parent directories): .git
2024-07-25 03:22:41.110 [info] > git rev-parse --show-toplevel [2ms]
2024-07-25 03:22:41.110 [info] fatal: not a git repository (or any of the parent directories): .git
2024-07-25 03:23:00.813 [info] > git rev-parse --show-toplevel [4ms]
2024-07-25 03:23:00.813 [info] fatal: not a git repository (or any of the parent directories): .git
2024-07-25 03:23:00.918 [info] > git rev-parse --show-toplevel [2ms]
2024-07-25 03:23:00.918 [info] fatal: not a git repository (or any of the parent directories): .git
2024-07-25 03:23:00.922 [info] > git rev-parse --show-toplevel [2ms]
2024-07-25 03:23:00.922 [info] fatal: not a git repository (or any of the parent directories): .git
2024-07-25 03:23:17.747 [info] > git rev-parse --show-toplevel [3ms]
2024-07-25 03:23:17.747 [info] fatal: not a git repository (or any of the parent directories): .git
2024-07-25 03:23:17.751 [info] > git rev-parse --show-toplevel [2ms]
2024-07-25 03:23:17.751 [info] fatal: not a git repository (or any of the parent directories): .git
2024-07-25 03:23:17.754 [info] > git rev-parse --show-toplevel [1ms]
2024-07-25 03:23:17.754 [info] fatal: not a git repository (or any of the parent directories): .git
2024-07-25 03:23:19.267 [info] > git rev-parse --show-toplevel [4ms]
2024-07-25 03:23:19.267 [info] fatal: not a git repository (or any of the parent directories): .git
2024-07-25 03:23:19.270 [info] > git rev-parse --show-toplevel [1ms]
2024-07-25 03:23:19.270 [info] fatal: not a git repository (or any of the parent directories): .git
2024-07-25 03:23:19.273 [info] > git rev-parse --show-toplevel [1ms]
2024-07-25 03:23:19.273 [info] fatal: not a git repository (or any of the parent directories): .git
2024-07-25 03:24:02.451 [info] > git rev-parse --show-toplevel [2ms]
2024-07-25 03:24:02.451 [info] fatal: not a git repository (or any of the parent directories): .git
2024-07-25 03:24:02.550 [info] > git rev-parse --show-toplevel [2ms]
2024-07-25 03:24:02.550 [info] fatal: not a git repository (or any of the parent directories): .git
2024-07-25 03:24:02.554 [info] > git rev-parse --show-toplevel [2ms]
2024-07-25 03:24:02.555 [info] fatal: not a git repository (or any of the parent directories): .git
2024-07-25 03:24:03.171 [info] > git rev-parse --show-toplevel [1ms]
2024-07-25 03:24:03.172 [info] fatal: not a git repository (or any of the parent directories): .git
2024-07-25 03:24:03.337 [info] > git rev-parse --show-toplevel [2ms]
2024-07-25 03:24:03.338 [info] fatal: not a git repository (or any of the parent directories): .git
2024-07-25 03:24:03.341 [info] > git rev-parse --show-toplevel [2ms]
2024-07-25 03:24:03.341 [info] fatal: not a git repository (or any of the parent directories): .git
2024-07-25 03:24:04.128 [info] > git rev-parse --show-toplevel [3ms]
2024-07-25 03:24:04.128 [info] fatal: not a git repository (or any of the parent directories): .git
2024-07-25 03:24:04.230 [info] > git rev-parse --show-toplevel [3ms]
2024-07-25 03:24:04.230 [info] fatal: not a git repository (or any of the parent directories): .git
2024-07-25 03:24:04.233 [info] > git rev-parse --show-toplevel [1ms]
2024-07-25 03:24:04.233 [info] fatal: not a git repository (or any of the parent directories): .git
2024-07-25 03:24:04.740 [info] > git rev-parse --show-toplevel [2ms]
2024-07-25 03:24:04.740 [info] fatal: not a git repository (or any of the parent directories): .git
2024-07-25 03:24:04.854 [info] > git rev-parse --show-toplevel [2ms]
2024-07-25 03:24:04.854 [info] fatal: not a git repository (or any of the parent directories): .git
2024-07-25 03:24:04.858 [info] > git rev-parse --show-toplevel [2ms]
2024-07-25 03:24:04.858 [info] fatal: not a git repository (or any of the parent directories): .git
2024-07-25 03:24:05.512 [info] > git rev-parse --show-toplevel [2ms]
2024-07-25 03:24:05.512 [info] fatal: not a git repository (or any of the parent directories): .git
2024-07-25 03:24:05.621 [info] > git rev-parse --show-toplevel [3ms]
2024-07-25 03:24:05.621 [info] fatal: not a git repository (or any of the parent directories): .git
2024-07-25 03:24:05.629 [info] > git rev-parse --show-toplevel [6ms]
2024-07-25 03:24:05.629 [info] fatal: not a git repository (or any of the parent directories): .git
2024-07-25 03:24:06.018 [info] > git rev-parse --show-toplevel [2ms]
2024-07-25 03:24:06.018 [info] fatal: not a git repository (or any of the parent directories): .git
2024-07-25 03:24:06.130 [info] > git rev-parse --show-toplevel [4ms]
2024-07-25 03:24:06.130 [info] fatal: not a git repository (or any of the parent directories): .git
2024-07-25 03:24:06.133 [info] > git rev-parse --show-toplevel [1ms]
2024-07-25 03:24:06.133 [info] fatal: not a git repository (or any of the parent directories): .git
2024-07-25 03:24:06.534 [info] > git rev-parse --show-toplevel [1ms]
2024-07-25 03:24:06.534 [info] fatal: not a git repository (or any of the parent directories): .git
2024-07-25 03:24:06.642 [info] > git rev-parse --show-toplevel [2ms]
2024-07-25 03:24:06.642 [info] fatal: not a git repository (or any of the parent directories): .git
2024-07-25 03:24:06.649 [info] > git rev-parse --show-toplevel [4ms]
2024-07-25 03:24:06.649 [info] fatal: not a git repository (or any of the parent directories): .git
2024-07-25 03:24:08.657 [info] > git rev-parse --show-toplevel [1ms]
2024-07-25 03:24:08.657 [info] fatal: not a git repository (or any of the parent directories): .git
2024-07-25 03:24:08.758 [info] > git rev-parse --show-toplevel [2ms]
2024-07-25 03:24:08.758 [info] fatal: not a git repository (or any of the parent directories): .git
2024-07-25 03:24:08.761 [info] > git rev-parse --show-toplevel [1ms]
2024-07-25 03:24:08.761 [info] fatal: not a git repository (or any of the parent directories): .git
2024-07-25 03:24:09.119 [info] > git rev-parse --show-toplevel [2ms]
2024-07-25 03:24:09.119 [info] fatal: not a git repository (or any of the parent directories): .git
2024-07-25 03:24:09.231 [info] > git rev-parse --show-toplevel [2ms]
2024-07-25 03:24:09.231 [info] fatal: not a git repository (or any of the parent directories): .git
2024-07-25 03:24:09.234 [info] > git rev-parse --show-toplevel [2ms]
2024-07-25 03:24:09.234 [info] fatal: not a git repository (or any of the parent directories): .git
2024-07-25 03:53:43.187 [info] > git rev-parse --show-toplevel [1ms]
2024-07-25 03:53:43.187 [info] fatal: not a git repository (or any of the parent directories): .git
2024-07-25 04:11:35.965 [info] Log level: Info
2024-07-25 04:11:35.966 [info] Validating found git in: "git"
2024-07-25 04:11:35.966 [info] Using git "2.40.1" from "git"
2024-07-25 04:11:35.966 [info] > git rev-parse --show-toplevel [7ms]
2024-07-25 04:11:35.966 [info] fatal: not a git repository (or any of the parent directories): .git
2024-07-25 04:11:35.969 [info] > git rev-parse --show-toplevel [3ms]
2024-07-25 04:11:35.969 [info] fatal: not a git repository (or any of the parent directories): .git
2024-07-25 04:11:35.973 [info] > git rev-parse --show-toplevel [2ms]
2024-07-25 04:11:35.973 [info] fatal: not a git repository (or any of the parent directories): .git
2024-07-25 04:11:35.976 [info] > git rev-parse --show-toplevel [2ms]
2024-07-25 04:11:35.976 [info] fatal: not a git repository (or any of the parent directories): .git
2024-07-25 04:11:35.980 [info] > git rev-parse --show-toplevel [2ms]
2024-07-25 04:11:35.980 [info] fatal: not a git repository (or any of the parent directories): .git
2024-07-25 04:11:35.983 [info] > git rev-parse --show-toplevel [2ms]
2024-07-25 04:11:35.983 [info] fatal: not a git repository (or any of the parent directories): .git
2024-07-25 04:11:35.987 [info] > git rev-parse --show-toplevel [2ms]
2024-07-25 04:11:35.987 [info] fatal: not a git repository (or any of the parent directories): .git
2024-07-25 04:11:35.990 [info] > git rev-parse --show-toplevel [1ms]
2024-07-25 04:11:35.990 [info] fatal: not a git repository (or any of the parent directories): .git
2024-07-25 04:11:35.994 [info] > git rev-parse --show-toplevel [2ms]
2024-07-25 04:11:35.994 [info] fatal: not a git repository (or any of the parent directories): .git
2024-07-25 04:11:35.998 [info] > git rev-parse --show-toplevel [2ms]
2024-07-25 04:11:35.998 [info] fatal: not a git repository (or any of the parent directories): .git
2024-07-25 04:11:36.001 [info] > git rev-parse --show-toplevel [1ms]
2024-07-25 04:11:36.001 [info] fatal: not a git repository (or any of the parent directories): .git
2024-07-25 04:11:36.005 [info] > git rev-parse --show-toplevel [2ms]
2024-07-25 04:11:36.005 [info] fatal: not a git repository (or any of the parent directories): .git
2024-07-25 04:15:50.048 [info] > git rev-parse --show-toplevel [3ms]
2024-07-25 04:15:50.049 [info] fatal: not a git repository (or any of the parent directories): .git
2024-07-25 04:15:55.241 [info] > git rev-parse --show-toplevel [3ms]
2024-07-25 04:15:55.241 [info] fatal: not a git repository (or any of the parent directories): .git
2024-07-25 04:15:56.008 [info] > git rev-parse --show-toplevel [2ms]
2024-07-25 04:15:56.008 [info] fatal: not a git repository (or any of the parent directories): .git
2024-07-25 04:16:05.862 [info] > git rev-parse --show-toplevel [3ms]
2024-07-25 04:16:05.862 [info] fatal: not a git repository (or any of the parent directories): .git
2024-07-25 04:16:21.419 [info] > git rev-parse --show-toplevel [3ms]
2024-07-25 04:16:21.419 [info] fatal: not a git repository (or any of the parent directories): .git
2024-07-25 04:16:27.815 [info] > git rev-parse --show-toplevel [8ms]
2024-07-25 04:16:27.815 [info] fatal: not a git repository (or any of the parent directories): .git
2024-07-25 04:30:25.005 [info] > git rev-parse --show-toplevel [3ms]
2024-07-25 04:30:25.005 [info] fatal: not a git repository (or any of the parent directories): .git
2024-07-25 04:40:59.214 [info] > git rev-parse --show-toplevel [3ms]
2024-07-25 04:40:59.214 [info] fatal: not a git repository (or any of the parent directories): .git
2024-07-25 04:41:01.680 [info] > git rev-parse --show-toplevel [3ms]
2024-07-25 04:41:01.680 [info] fatal: not a git repository (or any of the parent directories): .git
2024-07-25 04:41:02.727 [info] > git rev-parse --show-toplevel [3ms]
2024-07-25 04:41:02.728 [info] fatal: not a git repository (or any of the parent directories): .git
2024-07-25 04:42:38.322 [info] > git rev-parse --show-toplevel [3ms]
2024-07-25 04:42:38.322 [info] fatal: not a git repository (or any of the parent directories): .git
2024-07-25 04:42:54.088 [info] > git rev-parse --show-toplevel [2ms]
2024-07-25 04:42:54.088 [info] fatal: not a git repository (or any of the parent directories): .git
2024-07-25 04:54:46.528 [info] > git rev-parse --show-toplevel [3ms]
2024-07-25 04:54:46.528 [info] fatal: not a git repository (or any of the parent directories): .git
2024-07-25 04:55:05.126 [info] > git rev-parse --show-toplevel [3ms]
2024-07-25 04:55:05.126 [info] fatal: not a git repository (or any of the parent directories): .git
2024-07-25 04:55:11.392 [info] > git rev-parse --show-toplevel [2ms]
2024-07-25 04:55:11.392 [info] fatal: not a git repository (or any of the parent directories): .git
2024-07-25 05:00:49.035 [info] > git rev-parse --show-toplevel [4ms]
2024-07-25 05:00:49.035 [info] fatal: not a git repository (or any of the parent directories): .git
2024-07-25 05:01:02.900 [info] > git rev-parse --show-toplevel [4ms]
2024-07-25 05:01:02.900 [info] fatal: not a git repository (or any of the parent directories): .git
2024-07-25 05:01:10.050 [info] > git rev-parse --show-toplevel [2ms]
2024-07-25 05:01:10.050 [info] fatal: not a git repository (or any of the parent directories): .git
2024-07-25 05:01:43.219 [info] > git rev-parse --show-toplevel [2ms]
2024-07-25 05:01:43.219 [info] fatal: not a git repository (or any of the parent directories): .git
2024-07-25 05:01:47.712 [info] > git rev-parse --show-toplevel [2ms]
2024-07-25 05:01:47.712 [info] fatal: not a git repository (or any of the parent directories): .git
2024-07-25 05:06:01.313 [info] > git rev-parse --show-toplevel [4ms]
2024-07-25 05:06:01.314 [info] fatal: not a git repository (or any of the parent directories): .git
2024-07-25 05:18:38.148 [info] > git rev-parse --show-toplevel [2ms]
2024-07-25 05:18:38.148 [info] fatal: not a git repository (or any of the parent directories): .git
2024-07-25 05:18:55.244 [info] > git rev-parse --show-toplevel [2ms]
2024-07-25 05:18:55.244 [info] fatal: not a git repository (or any of the parent directories): .git
2024-07-25 05:19:05.265 [info] > git rev-parse --show-toplevel [3ms]
2024-07-25 05:19:05.265 [info] fatal: not a git repository (or any of the parent directories): .git
2024-07-25 05:19:14.337 [info] > git rev-parse --show-toplevel [2ms]
2024-07-25 05:19:14.337 [info] fatal: not a git repository (or any of the parent directories): .git
2024-07-25 05:19:21.704 [info] > git rev-parse --show-toplevel [3ms]
2024-07-25 05:19:21.705 [info] fatal: not a git repository (or any of the parent directories): .git
2024-07-25 05:21:22.412 [info] > git rev-parse --show-toplevel [2ms]
2024-07-25 05:21:22.412 [info] fatal: not a git repository (or any of the parent directories): .git
2024-07-25 05:22:21.309 [info] > git rev-parse --show-toplevel [3ms]
2024-07-25 05:22:21.309 [info] fatal: not a git repository (or any of the parent directories): .git
2024-07-25 05:24:03.094 [info] > git rev-parse --show-toplevel [4ms]
2024-07-25 05:24:03.094 [info] fatal: not a git repository (or any of the parent directories): .git
2024-07-25 05:24:04.033 [info] > git rev-parse --show-toplevel [2ms]
2024-07-25 05:24:04.033 [info] fatal: not a git repository (or any of the parent directories): .git
2024-07-25 05:24:26.769 [info] > git rev-parse --show-toplevel [2ms]
2024-07-25 05:24:26.769 [info] fatal: not a git repository (or any of the parent directories): .git
2024-07-25 05:24:52.783 [info] > git rev-parse --show-toplevel [2ms]
2024-07-25 05:24:52.784 [info] fatal: not a git repository (or any of the parent directories): .git
2024-07-25 05:52:51.952 [info] > git rev-parse --show-toplevel [2ms]
2024-07-25 05:52:51.952 [info] fatal: not a git repository (or any of the parent directories): .git
2024-07-25 06:11:11.929 [info] > git rev-parse --show-toplevel [2ms]
2024-07-25 06:11:11.929 [info] fatal: not a git repository (or any of the parent directories): .git
2024-07-25 06:40:50.481 [info] > git rev-parse --show-toplevel [1ms]
2024-07-25 06:40:50.481 [info] fatal: not a git repository (or any of the parent directories): .git
2024-07-25 06:58:40.973 [info] > git rev-parse --show-toplevel [73ms]
2024-07-25 06:58:40.973 [info] fatal: not a git repository (or any of the parent directories): .git
2024-07-25 07:16:13.302 [info] > git rev-parse --show-toplevel [2ms]
2024-07-25 07:16:13.302 [info] fatal: not a git repository (or any of the parent directories): .git
