2024-07-18 15:54:29.877 [info] Log level: Info
2024-07-18 15:54:29.878 [info] Validating found git in: "git"
2024-07-18 15:54:29.878 [info] Using git "2.40.1" from "git"
2024-07-18 15:54:29.878 [info] > git rev-parse --show-toplevel [4ms]
2024-07-18 15:54:29.878 [info] fatal: not a git repository (or any of the parent directories): .git
2024-07-18 15:54:29.878 [info] > git rev-parse --show-toplevel [2ms]
2024-07-18 15:54:29.878 [info] fatal: not a git repository (or any of the parent directories): .git
2024-07-18 15:54:29.878 [info] > git rev-parse --show-toplevel [5ms]
2024-07-18 15:54:29.878 [info] fatal: not a git repository (or any of the parent directories): .git
2024-07-18 15:54:29.879 [info] > git rev-parse --show-toplevel [1ms]
2024-07-18 15:54:29.879 [info] fatal: not a git repository (or any of the parent directories): .git
2024-07-18 15:54:29.879 [info] > git rev-parse --show-toplevel [2ms]
2024-07-18 15:54:29.880 [info] fatal: not a git repository (or any of the parent directories): .git
2024-07-18 15:54:29.880 [info] > git rev-parse --show-toplevel [1ms]
2024-07-18 15:54:29.880 [info] fatal: not a git repository (or any of the parent directories): .git
2024-07-18 15:54:29.880 [info] > git rev-parse --show-toplevel [2ms]
2024-07-18 15:54:29.885 [info] fatal: not a git repository (or any of the parent directories): .git
2024-07-18 15:54:29.885 [info] > git rev-parse --show-toplevel [1ms]
2024-07-18 15:54:29.885 [info] fatal: not a git repository (or any of the parent directories): .git
2024-07-18 15:54:29.885 [info] > git rev-parse --show-toplevel [2ms]
2024-07-18 15:54:29.885 [info] > git rev-parse --git-dir --git-common-dir [2ms]
2024-07-18 15:54:29.885 [info] Open repository: /home/ec2-user/traction
2024-07-18 15:54:29.885 [info] > git config --get commit.template [5ms]
2024-07-18 15:54:29.885 [info] > git for-each-ref --format=%(refname)%00%(upstream:short)%00%(objectname)%00%(upstream:track)%00%(upstream:remotename)%00%(upstream:remoteref) refs/heads/main refs/remotes/main [3ms]
2024-07-18 15:54:29.885 [warning] ENOENT: no such file or directory, open '/home/ec2-user/traction/.git/refs/remotes/origin/main'
2024-07-18 15:54:29.885 [info] > git rev-parse refs/remotes/origin/main [2ms]
2024-07-18 15:54:29.885 [info] > git status -z -uall [354ms]
2024-07-18 15:54:29.890 [info] > git for-each-ref --format=%(refname)%00%(upstream:short)%00%(objectname)%00%(upstream:track)%00%(upstream:remotename)%00%(upstream:remoteref) refs/heads/main refs/remotes/main [30ms]
2024-07-18 15:54:29.895 [info] > git config --get commit.template [6ms]
2024-07-18 15:54:29.899 [info] > git config --local branch.main.vscode-merge-base [5ms]
2024-07-18 15:54:29.903 [info] > git for-each-ref --format=%(refname)%00%(upstream:short)%00%(objectname)%00%(upstream:track)%00%(upstream:remotename)%00%(upstream:remoteref) refs/heads/main refs/remotes/main [5ms]
2024-07-18 15:54:29.906 [warning] ENOENT: no such file or directory, open '/home/ec2-user/traction/.git/refs/remotes/origin/main'
2024-07-18 15:54:29.907 [info] > git for-each-ref --format=%(refname)%00%(upstream:short)%00%(objectname)%00%(upstream:track)%00%(upstream:remotename)%00%(upstream:remoteref) refs/heads/origin/main refs/remotes/origin/main [5ms]
2024-07-18 15:54:29.912 [info] > git rev-parse refs/remotes/origin/main [6ms]
2024-07-18 15:54:29.916 [info] > git merge-base refs/heads/main refs/remotes/origin/main [4ms]
2024-07-18 15:54:29.928 [info] > git rev-list --count --left-right refs/heads/main...refs/remotes/origin/main [3ms]
2024-07-18 15:54:29.938 [info] > git diff --name-status -z --diff-filter=ADMR a46f60eaa8dfc3a17b8824f29bb84cb1271e0421...refs/remotes/origin/main [2ms]
2024-07-18 15:54:30.183 [info] > git status -z -uall [267ms]
2024-07-18 15:54:30.206 [info] > git for-each-ref --format=%(refname)%00%(upstream:short)%00%(objectname)%00%(upstream:track)%00%(upstream:remotename)%00%(upstream:remoteref) refs/heads/main refs/remotes/main [19ms]
2024-07-18 15:54:30.215 [info] > git config --local branch.main.vscode-merge-base [4ms]
2024-07-18 15:54:30.246 [info] > git for-each-ref --format=%(refname)%00%(upstream:short)%00%(objectname)%00%(upstream:track)%00%(upstream:remotename)%00%(upstream:remoteref) refs/heads/origin/main refs/remotes/origin/main [24ms]
2024-07-18 15:54:34.581 [info] > git check-ignore -v -z --stdin [2ms]
2024-07-18 15:54:40.473 [info] > git check-ignore -v -z --stdin [3ms]
2024-07-18 15:54:42.037 [info] > git check-ignore -v -z --stdin [2ms]
2024-07-18 15:54:43.883 [info] > git check-ignore -v -z --stdin [4ms]
2024-07-18 15:54:46.384 [info] > git show --textconv :services/endorser/Dockerfile [5ms]
2024-07-18 15:54:46.387 [info] > git ls-files --stage -- /home/ec2-user/traction/services/endorser/Dockerfile [3ms]
2024-07-18 15:54:46.391 [info] > git cat-file -s 06be4860764523ce3e7e4cd34f4d193f832cfe84 [2ms]
2024-07-18 15:54:51.833 [info] > git show --textconv :services/endorser/Dockerfile [5ms]
2024-07-18 15:54:51.837 [info] > git ls-files --stage -- /home/ec2-user/traction/services/endorser/Dockerfile [4ms]
2024-07-18 15:54:51.840 [info] > git cat-file -s 06be4860764523ce3e7e4cd34f4d193f832cfe84 [2ms]
2024-07-18 15:57:04.937 [info] > git show --textconv :services/endorser/Dockerfile [4ms]
2024-07-18 15:57:04.940 [info] > git ls-files --stage -- /home/ec2-user/traction/services/endorser/Dockerfile [4ms]
2024-07-18 15:57:04.943 [info] > git cat-file -s 06be4860764523ce3e7e4cd34f4d193f832cfe84 [1ms]
